<?xml version="1.0" encoding="UTF-8"?>
<testsuite name="projektor.example.spock.IgnoreSomeMethodsSpec" tests="10" skipped="3" failures="0" errors="0" timestamp="2019-10-01T13:15:44" hostname="Craigs-MacBook-Pro.local" time="0.179">
  <properties/>
  <testcase name="should run test case 1" classname="projektor.example.spock.IgnoreSomeMethodsSpec" time="0.156"/>
  <testcase name="should run test case 2" classname="projektor.example.spock.IgnoreSomeMethodsSpec" time="0.001"/>
  <testcase name="should not run test case 3" classname="projektor.example.spock.IgnoreSomeMethodsSpec" time="0.0">
    <skipped/>
  </testcase>
  <testcase name="should run test case 4" classname="projektor.example.spock.IgnoreSomeMethodsSpec" time="0.001"/>
  <testcase name="should run test case 5" classname="projektor.example.spock.IgnoreSomeMethodsSpec" time="0.003"/>
  <testcase name="should not run test case 6" classname="projektor.example.spock.IgnoreSomeMethodsSpec" time="0.001">
    <skipped/>
  </testcase>
  <testcase name="should not run test case 7" classname="projektor.example.spock.IgnoreSomeMethodsSpec" time="0.0">
    <skipped/>
  </testcase>
  <testcase name="should run test case 8" classname="projektor.example.spock.IgnoreSomeMethodsSpec" time="0.001"/>
  <testcase name="should run test case 9" classname="projektor.example.spock.IgnoreSomeMethodsSpec" time="0.001"/>
  <testcase name="should run test case 10" classname="projektor.example.spock.IgnoreSomeMethodsSpec" time="0.0"/>
  <system-out><![CDATA[]]></system-out>
  <system-err><![CDATA[]]></system-err>
</testsuite>
