<?xml version="1.0" encoding="UTF-8"?>
<testsuite name="projektor.example.spock.OutputSpec" tests="1" skipped="0" failures="0" errors="0" timestamp="2019-10-01T13:15:44" hostname="Craigs-MacBook-Pro.local" time="0.229">
  <properties/>
  <testcase name="should include system out and system err" classname="projektor.example.spock.OutputSpec" time="0.229"/>
  <system-out><![CDATA[System out line 0
System out line 1
System out line 2
System out line 3
System out line 4
System out line 5
System out line 6
System out line 7
System out line 8
System out line 9
System out line 10
System out line 11
System out line 12
System out line 13
System out line 14
System out line 15
System out line 16
System out line 17
System out line 18
System out line 19
System out line 20
System out line 21
System out line 22
System out line 23
System out line 24
System out line 25
System out line 26
System out line 27
System out line 28
System out line 29
System out line 30
System out line 31
System out line 32
System out line 33
System out line 34
System out line 35
System out line 36
System out line 37
System out line 38
System out line 39
System out line 40
System out line 41
System out line 42
System out line 43
System out line 44
System out line 45
System out line 46
System out line 47
System out line 48
System out line 49
System out line 50
System out line 51
System out line 52
System out line 53
System out line 54
System out line 55
System out line 56
System out line 57
System out line 58
System out line 59
System out line 60
System out line 61
System out line 62
System out line 63
System out line 64
System out line 65
System out line 66
System out line 67
System out line 68
System out line 69
System out line 70
System out line 71
System out line 72
System out line 73
System out line 74
System out line 75
System out line 76
System out line 77
System out line 78
System out line 79
System out line 80
System out line 81
System out line 82
System out line 83
System out line 84
System out line 85
System out line 86
System out line 87
System out line 88
System out line 89
System out line 90
System out line 91
System out line 92
System out line 93
System out line 94
System out line 95
System out line 96
System out line 97
System out line 98
System out line 99
]]></system-out>
  <system-err><![CDATA[System err line 0
System err line 1
System err line 2
System err line 3
System err line 4
System err line 5
System err line 6
System err line 7
System err line 8
System err line 9
System err line 10
System err line 11
System err line 12
System err line 13
System err line 14
System err line 15
System err line 16
System err line 17
System err line 18
System err line 19
System err line 20
System err line 21
System err line 22
System err line 23
System err line 24
System err line 25
System err line 26
System err line 27
System err line 28
System err line 29
System err line 30
System err line 31
System err line 32
System err line 33
System err line 34
System err line 35
System err line 36
System err line 37
System err line 38
System err line 39
System err line 40
System err line 41
System err line 42
System err line 43
System err line 44
System err line 45
System err line 46
System err line 47
System err line 48
System err line 49
System err line 50
System err line 51
System err line 52
System err line 53
System err line 54
System err line 55
System err line 56
System err line 57
System err line 58
System err line 59
System err line 60
System err line 61
System err line 62
System err line 63
System err line 64
System err line 65
System err line 66
System err line 67
System err line 68
System err line 69
System err line 70
System err line 71
System err line 72
System err line 73
System err line 74
System err line 75
System err line 76
System err line 77
System err line 78
System err line 79
System err line 80
System err line 81
System err line 82
System err line 83
System err line 84
System err line 85
System err line 86
System err line 87
System err line 88
System err line 89
System err line 90
System err line 91
System err line 92
System err line 93
System err line 94
System err line 95
System err line 96
System err line 97
System err line 98
System err line 99
System err line 100
System err line 101
System err line 102
System err line 103
System err line 104
System err line 105
System err line 106
System err line 107
System err line 108
System err line 109
System err line 110
System err line 111
System err line 112
System err line 113
System err line 114
System err line 115
System err line 116
System err line 117
System err line 118
System err line 119
System err line 120
System err line 121
System err line 122
System err line 123
System err line 124
System err line 125
System err line 126
System err line 127
System err line 128
System err line 129
System err line 130
System err line 131
System err line 132
System err line 133
System err line 134
System err line 135
System err line 136
System err line 137
System err line 138
System err line 139
System err line 140
System err line 141
System err line 142
System err line 143
System err line 144
System err line 145
System err line 146
System err line 147
System err line 148
System err line 149
System err line 150
System err line 151
System err line 152
System err line 153
System err line 154
System err line 155
System err line 156
System err line 157
System err line 158
System err line 159
System err line 160
System err line 161
System err line 162
System err line 163
System err line 164
System err line 165
System err line 166
System err line 167
System err line 168
System err line 169
System err line 170
System err line 171
System err line 172
System err line 173
System err line 174
System err line 175
System err line 176
System err line 177
System err line 178
System err line 179
System err line 180
System err line 181
System err line 182
System err line 183
System err line 184
System err line 185
System err line 186
System err line 187
System err line 188
System err line 189
System err line 190
System err line 191
System err line 192
System err line 193
System err line 194
System err line 195
System err line 196
System err line 197
System err line 198
System err line 199
]]></system-err>
</testsuite>
