<?xml version="1.0" encoding="UTF-8"?>
<testsuite name="projektor.example.spock.ReallyLongOutputSpec" tests="1" skipped="0" failures="0" errors="0" timestamp="2020-04-15T11:42:59" hostname="DESKTOP-F2BATC0" time="0.116">
  <properties/>
  <testcase name="should include lots of system out and system err" classname="projektor.example.spock.ReallyLongOutputSpec" time="0.116"/>
  <system-out><![CDATA[123456789101112131415161718192021222324252627282930313233343536373839404142434445464748495051525354555657585960616263646566676869707172737475767778798081828384858687888990919293949596979899100
System out line 0
System out line 1
System out line 2
System out line 3
System out line 4
System out line 5
System out line 6
System out line 7
System out line 8
System out line 9
System out line 10
System out line 11
System out line 12
System out line 13
System out line 14
System out line 15
System out line 16
System out line 17
System out line 18
System out line 19
System out line 20
System out line 21
System out line 22
System out line 23
System out line 24
System out line 25
System out line 26
System out line 27
System out line 28
System out line 29
System out line 30
System out line 31
System out line 32
System out line 33
System out line 34
System out line 35
System out line 36
System out line 37
System out line 38
System out line 39
System out line 40
System out line 41
System out line 42
System out line 43
System out line 44
System out line 45
System out line 46
System out line 47
System out line 48
System out line 49
System out line 50
System out line 51
System out line 52
System out line 53
System out line 54
System out line 55
System out line 56
System out line 57
System out line 58
System out line 59
System out line 60
System out line 61
System out line 62
System out line 63
System out line 64
System out line 65
System out line 66
System out line 67
System out line 68
System out line 69
System out line 70
System out line 71
System out line 72
System out line 73
System out line 74
System out line 75
System out line 76
System out line 77
System out line 78
System out line 79
System out line 80
System out line 81
System out line 82
System out line 83
System out line 84
System out line 85
System out line 86
System out line 87
System out line 88
System out line 89
System out line 90
System out line 91
System out line 92
System out line 93
System out line 94
System out line 95
System out line 96
System out line 97
System out line 98
System out line 99
System out line 100
System out line 101
System out line 102
System out line 103
System out line 104
System out line 105
System out line 106
System out line 107
System out line 108
System out line 109
System out line 110
System out line 111
System out line 112
System out line 113
System out line 114
System out line 115
System out line 116
System out line 117
System out line 118
System out line 119
System out line 120
System out line 121
System out line 122
System out line 123
System out line 124
System out line 125
System out line 126
System out line 127
System out line 128
System out line 129
System out line 130
System out line 131
System out line 132
System out line 133
System out line 134
System out line 135
System out line 136
System out line 137
System out line 138
System out line 139
System out line 140
System out line 141
System out line 142
System out line 143
System out line 144
System out line 145
System out line 146
System out line 147
System out line 148
System out line 149
System out line 150
System out line 151
System out line 152
System out line 153
System out line 154
System out line 155
System out line 156
System out line 157
System out line 158
System out line 159
System out line 160
System out line 161
System out line 162
System out line 163
System out line 164
System out line 165
System out line 166
System out line 167
System out line 168
System out line 169
System out line 170
System out line 171
System out line 172
System out line 173
System out line 174
System out line 175
System out line 176
System out line 177
System out line 178
System out line 179
System out line 180
System out line 181
System out line 182
System out line 183
System out line 184
System out line 185
System out line 186
System out line 187
System out line 188
System out line 189
System out line 190
System out line 191
System out line 192
System out line 193
System out line 194
System out line 195
System out line 196
System out line 197
System out line 198
System out line 199
System out line 200
System out line 201
System out line 202
System out line 203
System out line 204
System out line 205
System out line 206
System out line 207
System out line 208
System out line 209
System out line 210
System out line 211
System out line 212
System out line 213
System out line 214
System out line 215
System out line 216
System out line 217
System out line 218
System out line 219
System out line 220
System out line 221
System out line 222
System out line 223
System out line 224
System out line 225
System out line 226
System out line 227
System out line 228
System out line 229
System out line 230
System out line 231
System out line 232
System out line 233
System out line 234
System out line 235
System out line 236
System out line 237
System out line 238
System out line 239
System out line 240
System out line 241
System out line 242
System out line 243
System out line 244
System out line 245
System out line 246
System out line 247
System out line 248
System out line 249
System out line 250
System out line 251
System out line 252
System out line 253
System out line 254
System out line 255
System out line 256
System out line 257
System out line 258
System out line 259
System out line 260
System out line 261
System out line 262
System out line 263
System out line 264
System out line 265
System out line 266
System out line 267
System out line 268
System out line 269
System out line 270
System out line 271
System out line 272
System out line 273
System out line 274
System out line 275
System out line 276
System out line 277
System out line 278
System out line 279
System out line 280
System out line 281
System out line 282
System out line 283
System out line 284
System out line 285
System out line 286
System out line 287
System out line 288
System out line 289
System out line 290
System out line 291
System out line 292
System out line 293
System out line 294
System out line 295
System out line 296
System out line 297
System out line 298
System out line 299
System out line 300
System out line 301
System out line 302
System out line 303
System out line 304
System out line 305
System out line 306
System out line 307
System out line 308
System out line 309
System out line 310
System out line 311
System out line 312
System out line 313
System out line 314
System out line 315
System out line 316
System out line 317
System out line 318
System out line 319
System out line 320
System out line 321
System out line 322
System out line 323
System out line 324
System out line 325
System out line 326
System out line 327
System out line 328
System out line 329
System out line 330
System out line 331
System out line 332
System out line 333
System out line 334
System out line 335
System out line 336
System out line 337
System out line 338
System out line 339
System out line 340
System out line 341
System out line 342
System out line 343
System out line 344
System out line 345
System out line 346
System out line 347
System out line 348
System out line 349
System out line 350
System out line 351
System out line 352
System out line 353
System out line 354
System out line 355
System out line 356
System out line 357
System out line 358
System out line 359
System out line 360
System out line 361
System out line 362
System out line 363
System out line 364
System out line 365
System out line 366
System out line 367
System out line 368
System out line 369
System out line 370
System out line 371
System out line 372
System out line 373
System out line 374
System out line 375
System out line 376
System out line 377
System out line 378
System out line 379
System out line 380
System out line 381
System out line 382
System out line 383
System out line 384
System out line 385
System out line 386
System out line 387
System out line 388
System out line 389
System out line 390
System out line 391
System out line 392
System out line 393
System out line 394
System out line 395
System out line 396
System out line 397
System out line 398
System out line 399
System out line 400
System out line 401
System out line 402
System out line 403
System out line 404
System out line 405
System out line 406
System out line 407
System out line 408
System out line 409
System out line 410
System out line 411
System out line 412
System out line 413
System out line 414
System out line 415
System out line 416
System out line 417
System out line 418
System out line 419
System out line 420
System out line 421
System out line 422
System out line 423
System out line 424
System out line 425
System out line 426
System out line 427
System out line 428
System out line 429
System out line 430
System out line 431
System out line 432
System out line 433
System out line 434
System out line 435
System out line 436
System out line 437
System out line 438
System out line 439
System out line 440
System out line 441
System out line 442
System out line 443
System out line 444
System out line 445
System out line 446
System out line 447
System out line 448
System out line 449
System out line 450
System out line 451
System out line 452
System out line 453
System out line 454
System out line 455
System out line 456
System out line 457
System out line 458
System out line 459
System out line 460
System out line 461
System out line 462
System out line 463
System out line 464
System out line 465
System out line 466
System out line 467
System out line 468
System out line 469
System out line 470
System out line 471
System out line 472
System out line 473
System out line 474
System out line 475
System out line 476
System out line 477
System out line 478
System out line 479
System out line 480
System out line 481
System out line 482
System out line 483
System out line 484
System out line 485
System out line 486
System out line 487
System out line 488
System out line 489
System out line 490
System out line 491
System out line 492
System out line 493
System out line 494
System out line 495
System out line 496
System out line 497
System out line 498
System out line 499
System out line 500
System out line 501
System out line 502
System out line 503
System out line 504
System out line 505
System out line 506
System out line 507
System out line 508
System out line 509
System out line 510
System out line 511
System out line 512
System out line 513
System out line 514
System out line 515
System out line 516
System out line 517
System out line 518
System out line 519
System out line 520
System out line 521
System out line 522
System out line 523
System out line 524
System out line 525
System out line 526
System out line 527
System out line 528
System out line 529
System out line 530
System out line 531
System out line 532
System out line 533
System out line 534
System out line 535
System out line 536
System out line 537
System out line 538
System out line 539
System out line 540
System out line 541
System out line 542
System out line 543
System out line 544
System out line 545
System out line 546
System out line 547
System out line 548
System out line 549
System out line 550
System out line 551
System out line 552
System out line 553
System out line 554
System out line 555
System out line 556
System out line 557
System out line 558
System out line 559
System out line 560
System out line 561
System out line 562
System out line 563
System out line 564
System out line 565
System out line 566
System out line 567
System out line 568
System out line 569
System out line 570
System out line 571
System out line 572
System out line 573
System out line 574
System out line 575
System out line 576
System out line 577
System out line 578
System out line 579
System out line 580
System out line 581
System out line 582
System out line 583
System out line 584
System out line 585
System out line 586
System out line 587
System out line 588
System out line 589
System out line 590
System out line 591
System out line 592
System out line 593
System out line 594
System out line 595
System out line 596
System out line 597
System out line 598
System out line 599
System out line 600
System out line 601
System out line 602
System out line 603
System out line 604
System out line 605
System out line 606
System out line 607
System out line 608
System out line 609
System out line 610
System out line 611
System out line 612
System out line 613
System out line 614
System out line 615
System out line 616
System out line 617
System out line 618
System out line 619
System out line 620
System out line 621
System out line 622
System out line 623
System out line 624
System out line 625
System out line 626
System out line 627
System out line 628
System out line 629
System out line 630
System out line 631
System out line 632
System out line 633
System out line 634
System out line 635
System out line 636
System out line 637
System out line 638
System out line 639
System out line 640
System out line 641
System out line 642
System out line 643
System out line 644
System out line 645
System out line 646
System out line 647
System out line 648
System out line 649
System out line 650
System out line 651
System out line 652
System out line 653
System out line 654
System out line 655
System out line 656
System out line 657
System out line 658
System out line 659
System out line 660
System out line 661
System out line 662
System out line 663
System out line 664
System out line 665
System out line 666
System out line 667
System out line 668
System out line 669
System out line 670
System out line 671
System out line 672
System out line 673
System out line 674
System out line 675
System out line 676
System out line 677
System out line 678
System out line 679
System out line 680
System out line 681
System out line 682
System out line 683
System out line 684
System out line 685
System out line 686
System out line 687
System out line 688
System out line 689
System out line 690
System out line 691
System out line 692
System out line 693
System out line 694
System out line 695
System out line 696
System out line 697
System out line 698
System out line 699
System out line 700
System out line 701
System out line 702
System out line 703
System out line 704
System out line 705
System out line 706
System out line 707
System out line 708
System out line 709
System out line 710
System out line 711
System out line 712
System out line 713
System out line 714
System out line 715
System out line 716
System out line 717
System out line 718
System out line 719
System out line 720
System out line 721
System out line 722
System out line 723
System out line 724
System out line 725
System out line 726
System out line 727
System out line 728
System out line 729
System out line 730
System out line 731
System out line 732
System out line 733
System out line 734
System out line 735
System out line 736
System out line 737
System out line 738
System out line 739
System out line 740
System out line 741
System out line 742
System out line 743
System out line 744
System out line 745
System out line 746
System out line 747
System out line 748
System out line 749
System out line 750
System out line 751
System out line 752
System out line 753
System out line 754
System out line 755
System out line 756
System out line 757
System out line 758
System out line 759
System out line 760
System out line 761
System out line 762
System out line 763
System out line 764
System out line 765
System out line 766
System out line 767
System out line 768
System out line 769
System out line 770
System out line 771
System out line 772
System out line 773
System out line 774
System out line 775
System out line 776
System out line 777
System out line 778
System out line 779
System out line 780
System out line 781
System out line 782
System out line 783
System out line 784
System out line 785
System out line 786
System out line 787
System out line 788
System out line 789
System out line 790
System out line 791
System out line 792
System out line 793
System out line 794
System out line 795
System out line 796
System out line 797
System out line 798
System out line 799
System out line 800
System out line 801
System out line 802
System out line 803
System out line 804
System out line 805
System out line 806
System out line 807
System out line 808
System out line 809
System out line 810
System out line 811
System out line 812
System out line 813
System out line 814
System out line 815
System out line 816
System out line 817
System out line 818
System out line 819
System out line 820
System out line 821
System out line 822
System out line 823
System out line 824
System out line 825
System out line 826
System out line 827
System out line 828
System out line 829
System out line 830
System out line 831
System out line 832
System out line 833
System out line 834
System out line 835
System out line 836
System out line 837
System out line 838
System out line 839
System out line 840
System out line 841
System out line 842
System out line 843
System out line 844
System out line 845
System out line 846
System out line 847
System out line 848
System out line 849
System out line 850
System out line 851
System out line 852
System out line 853
System out line 854
System out line 855
System out line 856
System out line 857
System out line 858
System out line 859
System out line 860
System out line 861
System out line 862
System out line 863
System out line 864
System out line 865
System out line 866
System out line 867
System out line 868
System out line 869
System out line 870
System out line 871
System out line 872
System out line 873
System out line 874
System out line 875
System out line 876
System out line 877
System out line 878
System out line 879
System out line 880
System out line 881
System out line 882
System out line 883
System out line 884
System out line 885
System out line 886
System out line 887
System out line 888
System out line 889
System out line 890
System out line 891
System out line 892
System out line 893
System out line 894
System out line 895
System out line 896
System out line 897
System out line 898
System out line 899
System out line 900
System out line 901
System out line 902
System out line 903
System out line 904
System out line 905
System out line 906
System out line 907
System out line 908
System out line 909
System out line 910
System out line 911
System out line 912
System out line 913
System out line 914
System out line 915
System out line 916
System out line 917
System out line 918
System out line 919
System out line 920
System out line 921
System out line 922
System out line 923
System out line 924
System out line 925
System out line 926
System out line 927
System out line 928
System out line 929
System out line 930
System out line 931
System out line 932
System out line 933
System out line 934
System out line 935
System out line 936
System out line 937
System out line 938
System out line 939
System out line 940
System out line 941
System out line 942
System out line 943
System out line 944
System out line 945
System out line 946
System out line 947
System out line 948
System out line 949
System out line 950
System out line 951
System out line 952
System out line 953
System out line 954
System out line 955
System out line 956
System out line 957
System out line 958
System out line 959
System out line 960
System out line 961
System out line 962
System out line 963
System out line 964
System out line 965
System out line 966
System out line 967
System out line 968
System out line 969
System out line 970
System out line 971
System out line 972
System out line 973
System out line 974
System out line 975
System out line 976
System out line 977
System out line 978
System out line 979
System out line 980
System out line 981
System out line 982
System out line 983
System out line 984
System out line 985
System out line 986
System out line 987
System out line 988
System out line 989
System out line 990
System out line 991
System out line 992
System out line 993
System out line 994
System out line 995
System out line 996
System out line 997
System out line 998
System out line 999
System out line 1000
System out line 1001
System out line 1002
System out line 1003
System out line 1004
System out line 1005
System out line 1006
System out line 1007
System out line 1008
System out line 1009
System out line 1010
System out line 1011
System out line 1012
System out line 1013
System out line 1014
System out line 1015
System out line 1016
System out line 1017
System out line 1018
System out line 1019
System out line 1020
System out line 1021
System out line 1022
System out line 1023
System out line 1024
System out line 1025
System out line 1026
System out line 1027
System out line 1028
System out line 1029
System out line 1030
System out line 1031
System out line 1032
System out line 1033
System out line 1034
System out line 1035
System out line 1036
System out line 1037
System out line 1038
System out line 1039
System out line 1040
System out line 1041
System out line 1042
System out line 1043
System out line 1044
System out line 1045
System out line 1046
System out line 1047
System out line 1048
System out line 1049
System out line 1050
System out line 1051
System out line 1052
System out line 1053
System out line 1054
System out line 1055
System out line 1056
System out line 1057
System out line 1058
System out line 1059
System out line 1060
System out line 1061
System out line 1062
System out line 1063
System out line 1064
System out line 1065
System out line 1066
System out line 1067
System out line 1068
System out line 1069
System out line 1070
System out line 1071
System out line 1072
System out line 1073
System out line 1074
System out line 1075
System out line 1076
System out line 1077
System out line 1078
System out line 1079
System out line 1080
System out line 1081
System out line 1082
System out line 1083
System out line 1084
System out line 1085
System out line 1086
System out line 1087
System out line 1088
System out line 1089
System out line 1090
System out line 1091
System out line 1092
System out line 1093
System out line 1094
System out line 1095
System out line 1096
System out line 1097
System out line 1098
System out line 1099
System out line 1100
System out line 1101
System out line 1102
System out line 1103
System out line 1104
System out line 1105
System out line 1106
System out line 1107
System out line 1108
System out line 1109
System out line 1110
System out line 1111
System out line 1112
System out line 1113
System out line 1114
System out line 1115
System out line 1116
System out line 1117
System out line 1118
System out line 1119
System out line 1120
System out line 1121
System out line 1122
System out line 1123
System out line 1124
System out line 1125
System out line 1126
System out line 1127
System out line 1128
System out line 1129
System out line 1130
System out line 1131
System out line 1132
System out line 1133
System out line 1134
System out line 1135
System out line 1136
System out line 1137
System out line 1138
System out line 1139
System out line 1140
System out line 1141
System out line 1142
System out line 1143
System out line 1144
System out line 1145
System out line 1146
System out line 1147
System out line 1148
System out line 1149
System out line 1150
System out line 1151
System out line 1152
System out line 1153
System out line 1154
System out line 1155
System out line 1156
System out line 1157
System out line 1158
System out line 1159
System out line 1160
System out line 1161
System out line 1162
System out line 1163
System out line 1164
System out line 1165
System out line 1166
System out line 1167
System out line 1168
System out line 1169
System out line 1170
System out line 1171
System out line 1172
System out line 1173
System out line 1174
System out line 1175
System out line 1176
System out line 1177
System out line 1178
System out line 1179
System out line 1180
System out line 1181
System out line 1182
System out line 1183
System out line 1184
System out line 1185
System out line 1186
System out line 1187
System out line 1188
System out line 1189
System out line 1190
System out line 1191
System out line 1192
System out line 1193
System out line 1194
System out line 1195
System out line 1196
System out line 1197
System out line 1198
System out line 1199
System out line 1200
System out line 1201
System out line 1202
System out line 1203
System out line 1204
System out line 1205
System out line 1206
System out line 1207
System out line 1208
System out line 1209
System out line 1210
System out line 1211
System out line 1212
System out line 1213
System out line 1214
System out line 1215
System out line 1216
System out line 1217
System out line 1218
System out line 1219
System out line 1220
System out line 1221
System out line 1222
System out line 1223
System out line 1224
System out line 1225
System out line 1226
System out line 1227
System out line 1228
System out line 1229
System out line 1230
System out line 1231
System out line 1232
System out line 1233
System out line 1234
System out line 1235
System out line 1236
System out line 1237
System out line 1238
System out line 1239
System out line 1240
System out line 1241
System out line 1242
System out line 1243
System out line 1244
System out line 1245
System out line 1246
System out line 1247
System out line 1248
System out line 1249
System out line 1250
System out line 1251
System out line 1252
System out line 1253
System out line 1254
System out line 1255
System out line 1256
System out line 1257
System out line 1258
System out line 1259
System out line 1260
System out line 1261
System out line 1262
System out line 1263
System out line 1264
System out line 1265
System out line 1266
System out line 1267
System out line 1268
System out line 1269
System out line 1270
System out line 1271
System out line 1272
System out line 1273
System out line 1274
System out line 1275
System out line 1276
System out line 1277
System out line 1278
System out line 1279
System out line 1280
System out line 1281
System out line 1282
System out line 1283
System out line 1284
System out line 1285
System out line 1286
System out line 1287
System out line 1288
System out line 1289
System out line 1290
System out line 1291
System out line 1292
System out line 1293
System out line 1294
System out line 1295
System out line 1296
System out line 1297
System out line 1298
System out line 1299
System out line 1300
System out line 1301
System out line 1302
System out line 1303
System out line 1304
System out line 1305
System out line 1306
System out line 1307
System out line 1308
System out line 1309
System out line 1310
System out line 1311
System out line 1312
System out line 1313
System out line 1314
System out line 1315
System out line 1316
System out line 1317
System out line 1318
System out line 1319
System out line 1320
System out line 1321
System out line 1322
System out line 1323
System out line 1324
System out line 1325
System out line 1326
System out line 1327
System out line 1328
System out line 1329
System out line 1330
System out line 1331
System out line 1332
System out line 1333
System out line 1334
System out line 1335
System out line 1336
System out line 1337
System out line 1338
System out line 1339
System out line 1340
System out line 1341
System out line 1342
System out line 1343
System out line 1344
System out line 1345
System out line 1346
System out line 1347
System out line 1348
System out line 1349
System out line 1350
System out line 1351
System out line 1352
System out line 1353
System out line 1354
System out line 1355
System out line 1356
System out line 1357
System out line 1358
System out line 1359
System out line 1360
System out line 1361
System out line 1362
System out line 1363
System out line 1364
System out line 1365
System out line 1366
System out line 1367
System out line 1368
System out line 1369
System out line 1370
System out line 1371
System out line 1372
System out line 1373
System out line 1374
System out line 1375
System out line 1376
System out line 1377
System out line 1378
System out line 1379
System out line 1380
System out line 1381
System out line 1382
System out line 1383
System out line 1384
System out line 1385
System out line 1386
System out line 1387
System out line 1388
System out line 1389
System out line 1390
System out line 1391
System out line 1392
System out line 1393
System out line 1394
System out line 1395
System out line 1396
System out line 1397
System out line 1398
System out line 1399
System out line 1400
System out line 1401
System out line 1402
System out line 1403
System out line 1404
System out line 1405
System out line 1406
System out line 1407
System out line 1408
System out line 1409
System out line 1410
System out line 1411
System out line 1412
System out line 1413
System out line 1414
System out line 1415
System out line 1416
System out line 1417
System out line 1418
System out line 1419
System out line 1420
System out line 1421
System out line 1422
System out line 1423
System out line 1424
System out line 1425
System out line 1426
System out line 1427
System out line 1428
System out line 1429
System out line 1430
System out line 1431
System out line 1432
System out line 1433
System out line 1434
System out line 1435
System out line 1436
System out line 1437
System out line 1438
System out line 1439
System out line 1440
System out line 1441
System out line 1442
System out line 1443
System out line 1444
System out line 1445
System out line 1446
System out line 1447
System out line 1448
System out line 1449
System out line 1450
System out line 1451
System out line 1452
System out line 1453
System out line 1454
System out line 1455
System out line 1456
System out line 1457
System out line 1458
System out line 1459
System out line 1460
System out line 1461
System out line 1462
System out line 1463
System out line 1464
System out line 1465
System out line 1466
System out line 1467
System out line 1468
System out line 1469
System out line 1470
System out line 1471
System out line 1472
System out line 1473
System out line 1474
System out line 1475
System out line 1476
System out line 1477
System out line 1478
System out line 1479
System out line 1480
System out line 1481
System out line 1482
System out line 1483
System out line 1484
System out line 1485
System out line 1486
System out line 1487
System out line 1488
System out line 1489
System out line 1490
System out line 1491
System out line 1492
System out line 1493
System out line 1494
System out line 1495
System out line 1496
System out line 1497
System out line 1498
System out line 1499
System out line 1500
System out line 1501
System out line 1502
System out line 1503
System out line 1504
System out line 1505
System out line 1506
System out line 1507
System out line 1508
System out line 1509
System out line 1510
System out line 1511
System out line 1512
System out line 1513
System out line 1514
System out line 1515
System out line 1516
System out line 1517
System out line 1518
System out line 1519
System out line 1520
System out line 1521
System out line 1522
System out line 1523
System out line 1524
System out line 1525
System out line 1526
System out line 1527
System out line 1528
System out line 1529
System out line 1530
System out line 1531
System out line 1532
System out line 1533
System out line 1534
System out line 1535
System out line 1536
System out line 1537
System out line 1538
System out line 1539
System out line 1540
System out line 1541
System out line 1542
System out line 1543
System out line 1544
System out line 1545
System out line 1546
System out line 1547
System out line 1548
System out line 1549
System out line 1550
System out line 1551
System out line 1552
System out line 1553
System out line 1554
System out line 1555
System out line 1556
System out line 1557
System out line 1558
System out line 1559
System out line 1560
System out line 1561
System out line 1562
System out line 1563
System out line 1564
System out line 1565
System out line 1566
System out line 1567
System out line 1568
System out line 1569
System out line 1570
System out line 1571
System out line 1572
System out line 1573
System out line 1574
System out line 1575
System out line 1576
System out line 1577
System out line 1578
System out line 1579
System out line 1580
System out line 1581
System out line 1582
System out line 1583
System out line 1584
System out line 1585
System out line 1586
System out line 1587
System out line 1588
System out line 1589
System out line 1590
System out line 1591
System out line 1592
System out line 1593
System out line 1594
System out line 1595
System out line 1596
System out line 1597
System out line 1598
System out line 1599
System out line 1600
System out line 1601
System out line 1602
System out line 1603
System out line 1604
System out line 1605
System out line 1606
System out line 1607
System out line 1608
System out line 1609
System out line 1610
System out line 1611
System out line 1612
System out line 1613
System out line 1614
System out line 1615
System out line 1616
System out line 1617
System out line 1618
System out line 1619
System out line 1620
System out line 1621
System out line 1622
System out line 1623
System out line 1624
System out line 1625
System out line 1626
System out line 1627
System out line 1628
System out line 1629
System out line 1630
System out line 1631
System out line 1632
System out line 1633
System out line 1634
System out line 1635
System out line 1636
System out line 1637
System out line 1638
System out line 1639
System out line 1640
System out line 1641
System out line 1642
System out line 1643
System out line 1644
System out line 1645
System out line 1646
System out line 1647
System out line 1648
System out line 1649
System out line 1650
System out line 1651
System out line 1652
System out line 1653
System out line 1654
System out line 1655
System out line 1656
System out line 1657
System out line 1658
System out line 1659
System out line 1660
System out line 1661
System out line 1662
System out line 1663
System out line 1664
System out line 1665
System out line 1666
System out line 1667
System out line 1668
System out line 1669
System out line 1670
System out line 1671
System out line 1672
System out line 1673
System out line 1674
System out line 1675
System out line 1676
System out line 1677
System out line 1678
System out line 1679
System out line 1680
System out line 1681
System out line 1682
System out line 1683
System out line 1684
System out line 1685
System out line 1686
System out line 1687
System out line 1688
System out line 1689
System out line 1690
System out line 1691
System out line 1692
System out line 1693
System out line 1694
System out line 1695
System out line 1696
System out line 1697
System out line 1698
System out line 1699
System out line 1700
System out line 1701
System out line 1702
System out line 1703
System out line 1704
System out line 1705
System out line 1706
System out line 1707
System out line 1708
System out line 1709
System out line 1710
System out line 1711
System out line 1712
System out line 1713
System out line 1714
System out line 1715
System out line 1716
System out line 1717
System out line 1718
System out line 1719
System out line 1720
System out line 1721
System out line 1722
System out line 1723
System out line 1724
System out line 1725
System out line 1726
System out line 1727
System out line 1728
System out line 1729
System out line 1730
System out line 1731
System out line 1732
System out line 1733
System out line 1734
System out line 1735
System out line 1736
System out line 1737
System out line 1738
System out line 1739
System out line 1740
System out line 1741
System out line 1742
System out line 1743
System out line 1744
System out line 1745
System out line 1746
System out line 1747
System out line 1748
System out line 1749
System out line 1750
System out line 1751
System out line 1752
System out line 1753
System out line 1754
System out line 1755
System out line 1756
System out line 1757
System out line 1758
System out line 1759
System out line 1760
System out line 1761
System out line 1762
System out line 1763
System out line 1764
System out line 1765
System out line 1766
System out line 1767
System out line 1768
System out line 1769
System out line 1770
System out line 1771
System out line 1772
System out line 1773
System out line 1774
System out line 1775
System out line 1776
System out line 1777
System out line 1778
System out line 1779
System out line 1780
System out line 1781
System out line 1782
System out line 1783
System out line 1784
System out line 1785
System out line 1786
System out line 1787
System out line 1788
System out line 1789
System out line 1790
System out line 1791
System out line 1792
System out line 1793
System out line 1794
System out line 1795
System out line 1796
System out line 1797
System out line 1798
System out line 1799
System out line 1800
System out line 1801
System out line 1802
System out line 1803
System out line 1804
System out line 1805
System out line 1806
System out line 1807
System out line 1808
System out line 1809
System out line 1810
System out line 1811
System out line 1812
System out line 1813
System out line 1814
System out line 1815
System out line 1816
System out line 1817
System out line 1818
System out line 1819
System out line 1820
System out line 1821
System out line 1822
System out line 1823
System out line 1824
System out line 1825
System out line 1826
System out line 1827
System out line 1828
System out line 1829
System out line 1830
System out line 1831
System out line 1832
System out line 1833
System out line 1834
System out line 1835
System out line 1836
System out line 1837
System out line 1838
System out line 1839
System out line 1840
System out line 1841
System out line 1842
System out line 1843
System out line 1844
System out line 1845
System out line 1846
System out line 1847
System out line 1848
System out line 1849
System out line 1850
System out line 1851
System out line 1852
System out line 1853
System out line 1854
System out line 1855
System out line 1856
System out line 1857
System out line 1858
System out line 1859
System out line 1860
System out line 1861
System out line 1862
System out line 1863
System out line 1864
System out line 1865
System out line 1866
System out line 1867
System out line 1868
System out line 1869
System out line 1870
System out line 1871
System out line 1872
System out line 1873
System out line 1874
System out line 1875
System out line 1876
System out line 1877
System out line 1878
System out line 1879
System out line 1880
System out line 1881
System out line 1882
System out line 1883
System out line 1884
System out line 1885
System out line 1886
System out line 1887
System out line 1888
System out line 1889
System out line 1890
System out line 1891
System out line 1892
System out line 1893
System out line 1894
System out line 1895
System out line 1896
System out line 1897
System out line 1898
System out line 1899
System out line 1900
System out line 1901
System out line 1902
System out line 1903
System out line 1904
System out line 1905
System out line 1906
System out line 1907
System out line 1908
System out line 1909
System out line 1910
System out line 1911
System out line 1912
System out line 1913
System out line 1914
System out line 1915
System out line 1916
System out line 1917
System out line 1918
System out line 1919
System out line 1920
System out line 1921
System out line 1922
System out line 1923
System out line 1924
System out line 1925
System out line 1926
System out line 1927
System out line 1928
System out line 1929
System out line 1930
System out line 1931
System out line 1932
System out line 1933
System out line 1934
System out line 1935
System out line 1936
System out line 1937
System out line 1938
System out line 1939
System out line 1940
System out line 1941
System out line 1942
System out line 1943
System out line 1944
System out line 1945
System out line 1946
System out line 1947
System out line 1948
System out line 1949
System out line 1950
System out line 1951
System out line 1952
System out line 1953
System out line 1954
System out line 1955
System out line 1956
System out line 1957
System out line 1958
System out line 1959
System out line 1960
System out line 1961
System out line 1962
System out line 1963
System out line 1964
System out line 1965
System out line 1966
System out line 1967
System out line 1968
System out line 1969
System out line 1970
System out line 1971
System out line 1972
System out line 1973
System out line 1974
System out line 1975
System out line 1976
System out line 1977
System out line 1978
System out line 1979
System out line 1980
System out line 1981
System out line 1982
System out line 1983
System out line 1984
System out line 1985
System out line 1986
System out line 1987
System out line 1988
System out line 1989
System out line 1990
System out line 1991
System out line 1992
System out line 1993
System out line 1994
System out line 1995
System out line 1996
System out line 1997
System out line 1998
System out line 1999
]]></system-out>
  <system-err><![CDATA[System err line 0
System err line 1
System err line 2
System err line 3
System err line 4
System err line 5
System err line 6
System err line 7
System err line 8
System err line 9
System err line 10
System err line 11
System err line 12
System err line 13
System err line 14
System err line 15
System err line 16
System err line 17
System err line 18
System err line 19
System err line 20
System err line 21
System err line 22
System err line 23
System err line 24
System err line 25
System err line 26
System err line 27
System err line 28
System err line 29
System err line 30
System err line 31
System err line 32
System err line 33
System err line 34
System err line 35
System err line 36
System err line 37
System err line 38
System err line 39
System err line 40
System err line 41
System err line 42
System err line 43
System err line 44
System err line 45
System err line 46
System err line 47
System err line 48
System err line 49
System err line 50
System err line 51
System err line 52
System err line 53
System err line 54
System err line 55
System err line 56
System err line 57
System err line 58
System err line 59
System err line 60
System err line 61
System err line 62
System err line 63
System err line 64
System err line 65
System err line 66
System err line 67
System err line 68
System err line 69
System err line 70
System err line 71
System err line 72
System err line 73
System err line 74
System err line 75
System err line 76
System err line 77
System err line 78
System err line 79
System err line 80
System err line 81
System err line 82
System err line 83
System err line 84
System err line 85
System err line 86
System err line 87
System err line 88
System err line 89
System err line 90
System err line 91
System err line 92
System err line 93
System err line 94
System err line 95
System err line 96
System err line 97
System err line 98
System err line 99
System err line 100
System err line 101
System err line 102
System err line 103
System err line 104
System err line 105
System err line 106
System err line 107
System err line 108
System err line 109
System err line 110
System err line 111
System err line 112
System err line 113
System err line 114
System err line 115
System err line 116
System err line 117
System err line 118
System err line 119
System err line 120
System err line 121
System err line 122
System err line 123
System err line 124
System err line 125
System err line 126
System err line 127
System err line 128
System err line 129
System err line 130
System err line 131
System err line 132
System err line 133
System err line 134
System err line 135
System err line 136
System err line 137
System err line 138
System err line 139
System err line 140
System err line 141
System err line 142
System err line 143
System err line 144
System err line 145
System err line 146
System err line 147
System err line 148
System err line 149
System err line 150
System err line 151
System err line 152
System err line 153
System err line 154
System err line 155
System err line 156
System err line 157
System err line 158
System err line 159
System err line 160
System err line 161
System err line 162
System err line 163
System err line 164
System err line 165
System err line 166
System err line 167
System err line 168
System err line 169
System err line 170
System err line 171
System err line 172
System err line 173
System err line 174
System err line 175
System err line 176
System err line 177
System err line 178
System err line 179
System err line 180
System err line 181
System err line 182
System err line 183
System err line 184
System err line 185
System err line 186
System err line 187
System err line 188
System err line 189
System err line 190
System err line 191
System err line 192
System err line 193
System err line 194
System err line 195
System err line 196
System err line 197
System err line 198
System err line 199
System err line 200
System err line 201
System err line 202
System err line 203
System err line 204
System err line 205
System err line 206
System err line 207
System err line 208
System err line 209
System err line 210
System err line 211
System err line 212
System err line 213
System err line 214
System err line 215
System err line 216
System err line 217
System err line 218
System err line 219
System err line 220
System err line 221
System err line 222
System err line 223
System err line 224
System err line 225
System err line 226
System err line 227
System err line 228
System err line 229
System err line 230
System err line 231
System err line 232
System err line 233
System err line 234
System err line 235
System err line 236
System err line 237
System err line 238
System err line 239
System err line 240
System err line 241
System err line 242
System err line 243
System err line 244
System err line 245
System err line 246
System err line 247
System err line 248
System err line 249
System err line 250
System err line 251
System err line 252
System err line 253
System err line 254
System err line 255
System err line 256
System err line 257
System err line 258
System err line 259
System err line 260
System err line 261
System err line 262
System err line 263
System err line 264
System err line 265
System err line 266
System err line 267
System err line 268
System err line 269
System err line 270
System err line 271
System err line 272
System err line 273
System err line 274
System err line 275
System err line 276
System err line 277
System err line 278
System err line 279
System err line 280
System err line 281
System err line 282
System err line 283
System err line 284
System err line 285
System err line 286
System err line 287
System err line 288
System err line 289
System err line 290
System err line 291
System err line 292
System err line 293
System err line 294
System err line 295
System err line 296
System err line 297
System err line 298
System err line 299
System err line 300
System err line 301
System err line 302
System err line 303
System err line 304
System err line 305
System err line 306
System err line 307
System err line 308
System err line 309
System err line 310
System err line 311
System err line 312
System err line 313
System err line 314
System err line 315
System err line 316
System err line 317
System err line 318
System err line 319
System err line 320
System err line 321
System err line 322
System err line 323
System err line 324
System err line 325
System err line 326
System err line 327
System err line 328
System err line 329
System err line 330
System err line 331
System err line 332
System err line 333
System err line 334
System err line 335
System err line 336
System err line 337
System err line 338
System err line 339
System err line 340
System err line 341
System err line 342
System err line 343
System err line 344
System err line 345
System err line 346
System err line 347
System err line 348
System err line 349
System err line 350
System err line 351
System err line 352
System err line 353
System err line 354
System err line 355
System err line 356
System err line 357
System err line 358
System err line 359
System err line 360
System err line 361
System err line 362
System err line 363
System err line 364
System err line 365
System err line 366
System err line 367
System err line 368
System err line 369
System err line 370
System err line 371
System err line 372
System err line 373
System err line 374
System err line 375
System err line 376
System err line 377
System err line 378
System err line 379
System err line 380
System err line 381
System err line 382
System err line 383
System err line 384
System err line 385
System err line 386
System err line 387
System err line 388
System err line 389
System err line 390
System err line 391
System err line 392
System err line 393
System err line 394
System err line 395
System err line 396
System err line 397
System err line 398
System err line 399
System err line 400
System err line 401
System err line 402
System err line 403
System err line 404
System err line 405
System err line 406
System err line 407
System err line 408
System err line 409
System err line 410
System err line 411
System err line 412
System err line 413
System err line 414
System err line 415
System err line 416
System err line 417
System err line 418
System err line 419
System err line 420
System err line 421
System err line 422
System err line 423
System err line 424
System err line 425
System err line 426
System err line 427
System err line 428
System err line 429
System err line 430
System err line 431
System err line 432
System err line 433
System err line 434
System err line 435
System err line 436
System err line 437
System err line 438
System err line 439
System err line 440
System err line 441
System err line 442
System err line 443
System err line 444
System err line 445
System err line 446
System err line 447
System err line 448
System err line 449
System err line 450
System err line 451
System err line 452
System err line 453
System err line 454
System err line 455
System err line 456
System err line 457
System err line 458
System err line 459
System err line 460
System err line 461
System err line 462
System err line 463
System err line 464
System err line 465
System err line 466
System err line 467
System err line 468
System err line 469
System err line 470
System err line 471
System err line 472
System err line 473
System err line 474
System err line 475
System err line 476
System err line 477
System err line 478
System err line 479
System err line 480
System err line 481
System err line 482
System err line 483
System err line 484
System err line 485
System err line 486
System err line 487
System err line 488
System err line 489
System err line 490
System err line 491
System err line 492
System err line 493
System err line 494
System err line 495
System err line 496
System err line 497
System err line 498
System err line 499
System err line 500
System err line 501
System err line 502
System err line 503
System err line 504
System err line 505
System err line 506
System err line 507
System err line 508
System err line 509
System err line 510
System err line 511
System err line 512
System err line 513
System err line 514
System err line 515
System err line 516
System err line 517
System err line 518
System err line 519
System err line 520
System err line 521
System err line 522
System err line 523
System err line 524
System err line 525
System err line 526
System err line 527
System err line 528
System err line 529
System err line 530
System err line 531
System err line 532
System err line 533
System err line 534
System err line 535
System err line 536
System err line 537
System err line 538
System err line 539
System err line 540
System err line 541
System err line 542
System err line 543
System err line 544
System err line 545
System err line 546
System err line 547
System err line 548
System err line 549
System err line 550
System err line 551
System err line 552
System err line 553
System err line 554
System err line 555
System err line 556
System err line 557
System err line 558
System err line 559
System err line 560
System err line 561
System err line 562
System err line 563
System err line 564
System err line 565
System err line 566
System err line 567
System err line 568
System err line 569
System err line 570
System err line 571
System err line 572
System err line 573
System err line 574
System err line 575
System err line 576
System err line 577
System err line 578
System err line 579
System err line 580
System err line 581
System err line 582
System err line 583
System err line 584
System err line 585
System err line 586
System err line 587
System err line 588
System err line 589
System err line 590
System err line 591
System err line 592
System err line 593
System err line 594
System err line 595
System err line 596
System err line 597
System err line 598
System err line 599
System err line 600
System err line 601
System err line 602
System err line 603
System err line 604
System err line 605
System err line 606
System err line 607
System err line 608
System err line 609
System err line 610
System err line 611
System err line 612
System err line 613
System err line 614
System err line 615
System err line 616
System err line 617
System err line 618
System err line 619
System err line 620
System err line 621
System err line 622
System err line 623
System err line 624
System err line 625
System err line 626
System err line 627
System err line 628
System err line 629
System err line 630
System err line 631
System err line 632
System err line 633
System err line 634
System err line 635
System err line 636
System err line 637
System err line 638
System err line 639
System err line 640
System err line 641
System err line 642
System err line 643
System err line 644
System err line 645
System err line 646
System err line 647
System err line 648
System err line 649
System err line 650
System err line 651
System err line 652
System err line 653
System err line 654
System err line 655
System err line 656
System err line 657
System err line 658
System err line 659
System err line 660
System err line 661
System err line 662
System err line 663
System err line 664
System err line 665
System err line 666
System err line 667
System err line 668
System err line 669
System err line 670
System err line 671
System err line 672
System err line 673
System err line 674
System err line 675
System err line 676
System err line 677
System err line 678
System err line 679
System err line 680
System err line 681
System err line 682
System err line 683
System err line 684
System err line 685
System err line 686
System err line 687
System err line 688
System err line 689
System err line 690
System err line 691
System err line 692
System err line 693
System err line 694
System err line 695
System err line 696
System err line 697
System err line 698
System err line 699
System err line 700
System err line 701
System err line 702
System err line 703
System err line 704
System err line 705
System err line 706
System err line 707
System err line 708
System err line 709
System err line 710
System err line 711
System err line 712
System err line 713
System err line 714
System err line 715
System err line 716
System err line 717
System err line 718
System err line 719
System err line 720
System err line 721
System err line 722
System err line 723
System err line 724
System err line 725
System err line 726
System err line 727
System err line 728
System err line 729
System err line 730
System err line 731
System err line 732
System err line 733
System err line 734
System err line 735
System err line 736
System err line 737
System err line 738
System err line 739
System err line 740
System err line 741
System err line 742
System err line 743
System err line 744
System err line 745
System err line 746
System err line 747
System err line 748
System err line 749
System err line 750
System err line 751
System err line 752
System err line 753
System err line 754
System err line 755
System err line 756
System err line 757
System err line 758
System err line 759
System err line 760
System err line 761
System err line 762
System err line 763
System err line 764
System err line 765
System err line 766
System err line 767
System err line 768
System err line 769
System err line 770
System err line 771
System err line 772
System err line 773
System err line 774
System err line 775
System err line 776
System err line 777
System err line 778
System err line 779
System err line 780
System err line 781
System err line 782
System err line 783
System err line 784
System err line 785
System err line 786
System err line 787
System err line 788
System err line 789
System err line 790
System err line 791
System err line 792
System err line 793
System err line 794
System err line 795
System err line 796
System err line 797
System err line 798
System err line 799
System err line 800
System err line 801
System err line 802
System err line 803
System err line 804
System err line 805
System err line 806
System err line 807
System err line 808
System err line 809
System err line 810
System err line 811
System err line 812
System err line 813
System err line 814
System err line 815
System err line 816
System err line 817
System err line 818
System err line 819
System err line 820
System err line 821
System err line 822
System err line 823
System err line 824
System err line 825
System err line 826
System err line 827
System err line 828
System err line 829
System err line 830
System err line 831
System err line 832
System err line 833
System err line 834
System err line 835
System err line 836
System err line 837
System err line 838
System err line 839
System err line 840
System err line 841
System err line 842
System err line 843
System err line 844
System err line 845
System err line 846
System err line 847
System err line 848
System err line 849
System err line 850
System err line 851
System err line 852
System err line 853
System err line 854
System err line 855
System err line 856
System err line 857
System err line 858
System err line 859
System err line 860
System err line 861
System err line 862
System err line 863
System err line 864
System err line 865
System err line 866
System err line 867
System err line 868
System err line 869
System err line 870
System err line 871
System err line 872
System err line 873
System err line 874
System err line 875
System err line 876
System err line 877
System err line 878
System err line 879
System err line 880
System err line 881
System err line 882
System err line 883
System err line 884
System err line 885
System err line 886
System err line 887
System err line 888
System err line 889
System err line 890
System err line 891
System err line 892
System err line 893
System err line 894
System err line 895
System err line 896
System err line 897
System err line 898
System err line 899
System err line 900
System err line 901
System err line 902
System err line 903
System err line 904
System err line 905
System err line 906
System err line 907
System err line 908
System err line 909
System err line 910
System err line 911
System err line 912
System err line 913
System err line 914
System err line 915
System err line 916
System err line 917
System err line 918
System err line 919
System err line 920
System err line 921
System err line 922
System err line 923
System err line 924
System err line 925
System err line 926
System err line 927
System err line 928
System err line 929
System err line 930
System err line 931
System err line 932
System err line 933
System err line 934
System err line 935
System err line 936
System err line 937
System err line 938
System err line 939
System err line 940
System err line 941
System err line 942
System err line 943
System err line 944
System err line 945
System err line 946
System err line 947
System err line 948
System err line 949
System err line 950
System err line 951
System err line 952
System err line 953
System err line 954
System err line 955
System err line 956
System err line 957
System err line 958
System err line 959
System err line 960
System err line 961
System err line 962
System err line 963
System err line 964
System err line 965
System err line 966
System err line 967
System err line 968
System err line 969
System err line 970
System err line 971
System err line 972
System err line 973
System err line 974
System err line 975
System err line 976
System err line 977
System err line 978
System err line 979
System err line 980
System err line 981
System err line 982
System err line 983
System err line 984
System err line 985
System err line 986
System err line 987
System err line 988
System err line 989
System err line 990
System err line 991
System err line 992
System err line 993
System err line 994
System err line 995
System err line 996
System err line 997
System err line 998
System err line 999
System err line 1000
System err line 1001
System err line 1002
System err line 1003
System err line 1004
System err line 1005
System err line 1006
System err line 1007
System err line 1008
System err line 1009
System err line 1010
System err line 1011
System err line 1012
System err line 1013
System err line 1014
System err line 1015
System err line 1016
System err line 1017
System err line 1018
System err line 1019
System err line 1020
System err line 1021
System err line 1022
System err line 1023
System err line 1024
System err line 1025
System err line 1026
System err line 1027
System err line 1028
System err line 1029
System err line 1030
System err line 1031
System err line 1032
System err line 1033
System err line 1034
System err line 1035
System err line 1036
System err line 1037
System err line 1038
System err line 1039
System err line 1040
System err line 1041
System err line 1042
System err line 1043
System err line 1044
System err line 1045
System err line 1046
System err line 1047
System err line 1048
System err line 1049
System err line 1050
System err line 1051
System err line 1052
System err line 1053
System err line 1054
System err line 1055
System err line 1056
System err line 1057
System err line 1058
System err line 1059
System err line 1060
System err line 1061
System err line 1062
System err line 1063
System err line 1064
System err line 1065
System err line 1066
System err line 1067
System err line 1068
System err line 1069
System err line 1070
System err line 1071
System err line 1072
System err line 1073
System err line 1074
System err line 1075
System err line 1076
System err line 1077
System err line 1078
System err line 1079
System err line 1080
System err line 1081
System err line 1082
System err line 1083
System err line 1084
System err line 1085
System err line 1086
System err line 1087
System err line 1088
System err line 1089
System err line 1090
System err line 1091
System err line 1092
System err line 1093
System err line 1094
System err line 1095
System err line 1096
System err line 1097
System err line 1098
System err line 1099
System err line 1100
System err line 1101
System err line 1102
System err line 1103
System err line 1104
System err line 1105
System err line 1106
System err line 1107
System err line 1108
System err line 1109
System err line 1110
System err line 1111
System err line 1112
System err line 1113
System err line 1114
System err line 1115
System err line 1116
System err line 1117
System err line 1118
System err line 1119
System err line 1120
System err line 1121
System err line 1122
System err line 1123
System err line 1124
System err line 1125
System err line 1126
System err line 1127
System err line 1128
System err line 1129
System err line 1130
System err line 1131
System err line 1132
System err line 1133
System err line 1134
System err line 1135
System err line 1136
System err line 1137
System err line 1138
System err line 1139
System err line 1140
System err line 1141
System err line 1142
System err line 1143
System err line 1144
System err line 1145
System err line 1146
System err line 1147
System err line 1148
System err line 1149
System err line 1150
System err line 1151
System err line 1152
System err line 1153
System err line 1154
System err line 1155
System err line 1156
System err line 1157
System err line 1158
System err line 1159
System err line 1160
System err line 1161
System err line 1162
System err line 1163
System err line 1164
System err line 1165
System err line 1166
System err line 1167
System err line 1168
System err line 1169
System err line 1170
System err line 1171
System err line 1172
System err line 1173
System err line 1174
System err line 1175
System err line 1176
System err line 1177
System err line 1178
System err line 1179
System err line 1180
System err line 1181
System err line 1182
System err line 1183
System err line 1184
System err line 1185
System err line 1186
System err line 1187
System err line 1188
System err line 1189
System err line 1190
System err line 1191
System err line 1192
System err line 1193
System err line 1194
System err line 1195
System err line 1196
System err line 1197
System err line 1198
System err line 1199
System err line 1200
System err line 1201
System err line 1202
System err line 1203
System err line 1204
System err line 1205
System err line 1206
System err line 1207
System err line 1208
System err line 1209
System err line 1210
System err line 1211
System err line 1212
System err line 1213
System err line 1214
System err line 1215
System err line 1216
System err line 1217
System err line 1218
System err line 1219
System err line 1220
System err line 1221
System err line 1222
System err line 1223
System err line 1224
System err line 1225
System err line 1226
System err line 1227
System err line 1228
System err line 1229
System err line 1230
System err line 1231
System err line 1232
System err line 1233
System err line 1234
System err line 1235
System err line 1236
System err line 1237
System err line 1238
System err line 1239
System err line 1240
System err line 1241
System err line 1242
System err line 1243
System err line 1244
System err line 1245
System err line 1246
System err line 1247
System err line 1248
System err line 1249
System err line 1250
System err line 1251
System err line 1252
System err line 1253
System err line 1254
System err line 1255
System err line 1256
System err line 1257
System err line 1258
System err line 1259
System err line 1260
System err line 1261
System err line 1262
System err line 1263
System err line 1264
System err line 1265
System err line 1266
System err line 1267
System err line 1268
System err line 1269
System err line 1270
System err line 1271
System err line 1272
System err line 1273
System err line 1274
System err line 1275
System err line 1276
System err line 1277
System err line 1278
System err line 1279
System err line 1280
System err line 1281
System err line 1282
System err line 1283
System err line 1284
System err line 1285
System err line 1286
System err line 1287
System err line 1288
System err line 1289
System err line 1290
System err line 1291
System err line 1292
System err line 1293
System err line 1294
System err line 1295
System err line 1296
System err line 1297
System err line 1298
System err line 1299
System err line 1300
System err line 1301
System err line 1302
System err line 1303
System err line 1304
System err line 1305
System err line 1306
System err line 1307
System err line 1308
System err line 1309
System err line 1310
System err line 1311
System err line 1312
System err line 1313
System err line 1314
System err line 1315
System err line 1316
System err line 1317
System err line 1318
System err line 1319
System err line 1320
System err line 1321
System err line 1322
System err line 1323
System err line 1324
System err line 1325
System err line 1326
System err line 1327
System err line 1328
System err line 1329
System err line 1330
System err line 1331
System err line 1332
System err line 1333
System err line 1334
System err line 1335
System err line 1336
System err line 1337
System err line 1338
System err line 1339
System err line 1340
System err line 1341
System err line 1342
System err line 1343
System err line 1344
System err line 1345
System err line 1346
System err line 1347
System err line 1348
System err line 1349
System err line 1350
System err line 1351
System err line 1352
System err line 1353
System err line 1354
System err line 1355
System err line 1356
System err line 1357
System err line 1358
System err line 1359
System err line 1360
System err line 1361
System err line 1362
System err line 1363
System err line 1364
System err line 1365
System err line 1366
System err line 1367
System err line 1368
System err line 1369
System err line 1370
System err line 1371
System err line 1372
System err line 1373
System err line 1374
System err line 1375
System err line 1376
System err line 1377
System err line 1378
System err line 1379
System err line 1380
System err line 1381
System err line 1382
System err line 1383
System err line 1384
System err line 1385
System err line 1386
System err line 1387
System err line 1388
System err line 1389
System err line 1390
System err line 1391
System err line 1392
System err line 1393
System err line 1394
System err line 1395
System err line 1396
System err line 1397
System err line 1398
System err line 1399
System err line 1400
System err line 1401
System err line 1402
System err line 1403
System err line 1404
System err line 1405
System err line 1406
System err line 1407
System err line 1408
System err line 1409
System err line 1410
System err line 1411
System err line 1412
System err line 1413
System err line 1414
System err line 1415
System err line 1416
System err line 1417
System err line 1418
System err line 1419
System err line 1420
System err line 1421
System err line 1422
System err line 1423
System err line 1424
System err line 1425
System err line 1426
System err line 1427
System err line 1428
System err line 1429
System err line 1430
System err line 1431
System err line 1432
System err line 1433
System err line 1434
System err line 1435
System err line 1436
System err line 1437
System err line 1438
System err line 1439
System err line 1440
System err line 1441
System err line 1442
System err line 1443
System err line 1444
System err line 1445
System err line 1446
System err line 1447
System err line 1448
System err line 1449
System err line 1450
System err line 1451
System err line 1452
System err line 1453
System err line 1454
System err line 1455
System err line 1456
System err line 1457
System err line 1458
System err line 1459
System err line 1460
System err line 1461
System err line 1462
System err line 1463
System err line 1464
System err line 1465
System err line 1466
System err line 1467
System err line 1468
System err line 1469
System err line 1470
System err line 1471
System err line 1472
System err line 1473
System err line 1474
System err line 1475
System err line 1476
System err line 1477
System err line 1478
System err line 1479
System err line 1480
System err line 1481
System err line 1482
System err line 1483
System err line 1484
System err line 1485
System err line 1486
System err line 1487
System err line 1488
System err line 1489
System err line 1490
System err line 1491
System err line 1492
System err line 1493
System err line 1494
System err line 1495
System err line 1496
System err line 1497
System err line 1498
System err line 1499
System err line 1500
System err line 1501
System err line 1502
System err line 1503
System err line 1504
System err line 1505
System err line 1506
System err line 1507
System err line 1508
System err line 1509
System err line 1510
System err line 1511
System err line 1512
System err line 1513
System err line 1514
System err line 1515
System err line 1516
System err line 1517
System err line 1518
System err line 1519
System err line 1520
System err line 1521
System err line 1522
System err line 1523
System err line 1524
System err line 1525
System err line 1526
System err line 1527
System err line 1528
System err line 1529
System err line 1530
System err line 1531
System err line 1532
System err line 1533
System err line 1534
System err line 1535
System err line 1536
System err line 1537
System err line 1538
System err line 1539
System err line 1540
System err line 1541
System err line 1542
System err line 1543
System err line 1544
System err line 1545
System err line 1546
System err line 1547
System err line 1548
System err line 1549
System err line 1550
System err line 1551
System err line 1552
System err line 1553
System err line 1554
System err line 1555
System err line 1556
System err line 1557
System err line 1558
System err line 1559
System err line 1560
System err line 1561
System err line 1562
System err line 1563
System err line 1564
System err line 1565
System err line 1566
System err line 1567
System err line 1568
System err line 1569
System err line 1570
System err line 1571
System err line 1572
System err line 1573
System err line 1574
System err line 1575
System err line 1576
System err line 1577
System err line 1578
System err line 1579
System err line 1580
System err line 1581
System err line 1582
System err line 1583
System err line 1584
System err line 1585
System err line 1586
System err line 1587
System err line 1588
System err line 1589
System err line 1590
System err line 1591
System err line 1592
System err line 1593
System err line 1594
System err line 1595
System err line 1596
System err line 1597
System err line 1598
System err line 1599
System err line 1600
System err line 1601
System err line 1602
System err line 1603
System err line 1604
System err line 1605
System err line 1606
System err line 1607
System err line 1608
System err line 1609
System err line 1610
System err line 1611
System err line 1612
System err line 1613
System err line 1614
System err line 1615
System err line 1616
System err line 1617
System err line 1618
System err line 1619
System err line 1620
System err line 1621
System err line 1622
System err line 1623
System err line 1624
System err line 1625
System err line 1626
System err line 1627
System err line 1628
System err line 1629
System err line 1630
System err line 1631
System err line 1632
System err line 1633
System err line 1634
System err line 1635
System err line 1636
System err line 1637
System err line 1638
System err line 1639
System err line 1640
System err line 1641
System err line 1642
System err line 1643
System err line 1644
System err line 1645
System err line 1646
System err line 1647
System err line 1648
System err line 1649
System err line 1650
System err line 1651
System err line 1652
System err line 1653
System err line 1654
System err line 1655
System err line 1656
System err line 1657
System err line 1658
System err line 1659
System err line 1660
System err line 1661
System err line 1662
System err line 1663
System err line 1664
System err line 1665
System err line 1666
System err line 1667
System err line 1668
System err line 1669
System err line 1670
System err line 1671
System err line 1672
System err line 1673
System err line 1674
System err line 1675
System err line 1676
System err line 1677
System err line 1678
System err line 1679
System err line 1680
System err line 1681
System err line 1682
System err line 1683
System err line 1684
System err line 1685
System err line 1686
System err line 1687
System err line 1688
System err line 1689
System err line 1690
System err line 1691
System err line 1692
System err line 1693
System err line 1694
System err line 1695
System err line 1696
System err line 1697
System err line 1698
System err line 1699
System err line 1700
System err line 1701
System err line 1702
System err line 1703
System err line 1704
System err line 1705
System err line 1706
System err line 1707
System err line 1708
System err line 1709
System err line 1710
System err line 1711
System err line 1712
System err line 1713
System err line 1714
System err line 1715
System err line 1716
System err line 1717
System err line 1718
System err line 1719
System err line 1720
System err line 1721
System err line 1722
System err line 1723
System err line 1724
System err line 1725
System err line 1726
System err line 1727
System err line 1728
System err line 1729
System err line 1730
System err line 1731
System err line 1732
System err line 1733
System err line 1734
System err line 1735
System err line 1736
System err line 1737
System err line 1738
System err line 1739
System err line 1740
System err line 1741
System err line 1742
System err line 1743
System err line 1744
System err line 1745
System err line 1746
System err line 1747
System err line 1748
System err line 1749
System err line 1750
System err line 1751
System err line 1752
System err line 1753
System err line 1754
System err line 1755
System err line 1756
System err line 1757
System err line 1758
System err line 1759
System err line 1760
System err line 1761
System err line 1762
System err line 1763
System err line 1764
System err line 1765
System err line 1766
System err line 1767
System err line 1768
System err line 1769
System err line 1770
System err line 1771
System err line 1772
System err line 1773
System err line 1774
System err line 1775
System err line 1776
System err line 1777
System err line 1778
System err line 1779
System err line 1780
System err line 1781
System err line 1782
System err line 1783
System err line 1784
System err line 1785
System err line 1786
System err line 1787
System err line 1788
System err line 1789
System err line 1790
System err line 1791
System err line 1792
System err line 1793
System err line 1794
System err line 1795
System err line 1796
System err line 1797
System err line 1798
System err line 1799
System err line 1800
System err line 1801
System err line 1802
System err line 1803
System err line 1804
System err line 1805
System err line 1806
System err line 1807
System err line 1808
System err line 1809
System err line 1810
System err line 1811
System err line 1812
System err line 1813
System err line 1814
System err line 1815
System err line 1816
System err line 1817
System err line 1818
System err line 1819
System err line 1820
System err line 1821
System err line 1822
System err line 1823
System err line 1824
System err line 1825
System err line 1826
System err line 1827
System err line 1828
System err line 1829
System err line 1830
System err line 1831
System err line 1832
System err line 1833
System err line 1834
System err line 1835
System err line 1836
System err line 1837
System err line 1838
System err line 1839
System err line 1840
System err line 1841
System err line 1842
System err line 1843
System err line 1844
System err line 1845
System err line 1846
System err line 1847
System err line 1848
System err line 1849
System err line 1850
System err line 1851
System err line 1852
System err line 1853
System err line 1854
System err line 1855
System err line 1856
System err line 1857
System err line 1858
System err line 1859
System err line 1860
System err line 1861
System err line 1862
System err line 1863
System err line 1864
System err line 1865
System err line 1866
System err line 1867
System err line 1868
System err line 1869
System err line 1870
System err line 1871
System err line 1872
System err line 1873
System err line 1874
System err line 1875
System err line 1876
System err line 1877
System err line 1878
System err line 1879
System err line 1880
System err line 1881
System err line 1882
System err line 1883
System err line 1884
System err line 1885
System err line 1886
System err line 1887
System err line 1888
System err line 1889
System err line 1890
System err line 1891
System err line 1892
System err line 1893
System err line 1894
System err line 1895
System err line 1896
System err line 1897
System err line 1898
System err line 1899
System err line 1900
System err line 1901
System err line 1902
System err line 1903
System err line 1904
System err line 1905
System err line 1906
System err line 1907
System err line 1908
System err line 1909
System err line 1910
System err line 1911
System err line 1912
System err line 1913
System err line 1914
System err line 1915
System err line 1916
System err line 1917
System err line 1918
System err line 1919
System err line 1920
System err line 1921
System err line 1922
System err line 1923
System err line 1924
System err line 1925
System err line 1926
System err line 1927
System err line 1928
System err line 1929
System err line 1930
System err line 1931
System err line 1932
System err line 1933
System err line 1934
System err line 1935
System err line 1936
System err line 1937
System err line 1938
System err line 1939
System err line 1940
System err line 1941
System err line 1942
System err line 1943
System err line 1944
System err line 1945
System err line 1946
System err line 1947
System err line 1948
System err line 1949
System err line 1950
System err line 1951
System err line 1952
System err line 1953
System err line 1954
System err line 1955
System err line 1956
System err line 1957
System err line 1958
System err line 1959
System err line 1960
System err line 1961
System err line 1962
System err line 1963
System err line 1964
System err line 1965
System err line 1966
System err line 1967
System err line 1968
System err line 1969
System err line 1970
System err line 1971
System err line 1972
System err line 1973
System err line 1974
System err line 1975
System err line 1976
System err line 1977
System err line 1978
System err line 1979
System err line 1980
System err line 1981
System err line 1982
System err line 1983
System err line 1984
System err line 1985
System err line 1986
System err line 1987
System err line 1988
System err line 1989
System err line 1990
System err line 1991
System err line 1992
System err line 1993
System err line 1994
System err line 1995
System err line 1996
System err line 1997
System err line 1998
System err line 1999
]]></system-err>
</testsuite>
