<?xml version="1.0" encoding="UTF-8"?>
<testsuite name="projektor.example.spock.ReallyLongOutput5000Spec" tests="1" skipped="0" failures="0" errors="0" timestamp="2020-05-13T16:04:48" hostname="DESKTOP-F2BATC0" time="0.095">
  <properties/>
  <testcase name="should include lots of system out and system err" classname="projektor.example.spock.ReallyLongOutput5000Spec" time="0.095"/>
  <system-out><![CDATA[123456789101112131415161718192021222324252627282930313233343536373839404142434445464748495051525354555657585960616263646566676869707172737475767778798081828384858687888990919293949596979899100
System out line 0
System out line 1
System out line 2
System out line 3
System out line 4
System out line 5
System out line 6
System out line 7
System out line 8
System out line 9
System out line 10
System out line 11
System out line 12
System out line 13
System out line 14
System out line 15
System out line 16
System out line 17
System out line 18
System out line 19
System out line 20
System out line 21
System out line 22
System out line 23
System out line 24
System out line 25
System out line 26
System out line 27
System out line 28
System out line 29
System out line 30
System out line 31
System out line 32
System out line 33
System out line 34
System out line 35
System out line 36
System out line 37
System out line 38
System out line 39
System out line 40
System out line 41
System out line 42
System out line 43
System out line 44
System out line 45
System out line 46
System out line 47
System out line 48
System out line 49
System out line 50
System out line 51
System out line 52
System out line 53
System out line 54
System out line 55
System out line 56
System out line 57
System out line 58
System out line 59
System out line 60
System out line 61
System out line 62
System out line 63
System out line 64
System out line 65
System out line 66
System out line 67
System out line 68
System out line 69
System out line 70
System out line 71
System out line 72
System out line 73
System out line 74
System out line 75
System out line 76
System out line 77
System out line 78
System out line 79
System out line 80
System out line 81
System out line 82
System out line 83
System out line 84
System out line 85
System out line 86
System out line 87
System out line 88
System out line 89
System out line 90
System out line 91
System out line 92
System out line 93
System out line 94
System out line 95
System out line 96
System out line 97
System out line 98
System out line 99
System out line 100
System out line 101
System out line 102
System out line 103
System out line 104
System out line 105
System out line 106
System out line 107
System out line 108
System out line 109
System out line 110
System out line 111
System out line 112
System out line 113
System out line 114
System out line 115
System out line 116
System out line 117
System out line 118
System out line 119
System out line 120
System out line 121
System out line 122
System out line 123
System out line 124
System out line 125
System out line 126
System out line 127
System out line 128
System out line 129
System out line 130
System out line 131
System out line 132
System out line 133
System out line 134
System out line 135
System out line 136
System out line 137
System out line 138
System out line 139
System out line 140
System out line 141
System out line 142
System out line 143
System out line 144
System out line 145
System out line 146
System out line 147
System out line 148
System out line 149
System out line 150
System out line 151
System out line 152
System out line 153
System out line 154
System out line 155
System out line 156
System out line 157
System out line 158
System out line 159
System out line 160
System out line 161
System out line 162
System out line 163
System out line 164
System out line 165
System out line 166
System out line 167
System out line 168
System out line 169
System out line 170
System out line 171
System out line 172
System out line 173
System out line 174
System out line 175
System out line 176
System out line 177
System out line 178
System out line 179
System out line 180
System out line 181
System out line 182
System out line 183
System out line 184
System out line 185
System out line 186
System out line 187
System out line 188
System out line 189
System out line 190
System out line 191
System out line 192
System out line 193
System out line 194
System out line 195
System out line 196
System out line 197
System out line 198
System out line 199
System out line 200
System out line 201
System out line 202
System out line 203
System out line 204
System out line 205
System out line 206
System out line 207
System out line 208
System out line 209
System out line 210
System out line 211
System out line 212
System out line 213
System out line 214
System out line 215
System out line 216
System out line 217
System out line 218
System out line 219
System out line 220
System out line 221
System out line 222
System out line 223
System out line 224
System out line 225
System out line 226
System out line 227
System out line 228
System out line 229
System out line 230
System out line 231
System out line 232
System out line 233
System out line 234
System out line 235
System out line 236
System out line 237
System out line 238
System out line 239
System out line 240
System out line 241
System out line 242
System out line 243
System out line 244
System out line 245
System out line 246
System out line 247
System out line 248
System out line 249
System out line 250
System out line 251
System out line 252
System out line 253
System out line 254
System out line 255
System out line 256
System out line 257
System out line 258
System out line 259
System out line 260
System out line 261
System out line 262
System out line 263
System out line 264
System out line 265
System out line 266
System out line 267
System out line 268
System out line 269
System out line 270
System out line 271
System out line 272
System out line 273
System out line 274
System out line 275
System out line 276
System out line 277
System out line 278
System out line 279
System out line 280
System out line 281
System out line 282
System out line 283
System out line 284
System out line 285
System out line 286
System out line 287
System out line 288
System out line 289
System out line 290
System out line 291
System out line 292
System out line 293
System out line 294
System out line 295
System out line 296
System out line 297
System out line 298
System out line 299
System out line 300
System out line 301
System out line 302
System out line 303
System out line 304
System out line 305
System out line 306
System out line 307
System out line 308
System out line 309
System out line 310
System out line 311
System out line 312
System out line 313
System out line 314
System out line 315
System out line 316
System out line 317
System out line 318
System out line 319
System out line 320
System out line 321
System out line 322
System out line 323
System out line 324
System out line 325
System out line 326
System out line 327
System out line 328
System out line 329
System out line 330
System out line 331
System out line 332
System out line 333
System out line 334
System out line 335
System out line 336
System out line 337
System out line 338
System out line 339
System out line 340
System out line 341
System out line 342
System out line 343
System out line 344
System out line 345
System out line 346
System out line 347
System out line 348
System out line 349
System out line 350
System out line 351
System out line 352
System out line 353
System out line 354
System out line 355
System out line 356
System out line 357
System out line 358
System out line 359
System out line 360
System out line 361
System out line 362
System out line 363
System out line 364
System out line 365
System out line 366
System out line 367
System out line 368
System out line 369
System out line 370
System out line 371
System out line 372
System out line 373
System out line 374
System out line 375
System out line 376
System out line 377
System out line 378
System out line 379
System out line 380
System out line 381
System out line 382
System out line 383
System out line 384
System out line 385
System out line 386
System out line 387
System out line 388
System out line 389
System out line 390
System out line 391
System out line 392
System out line 393
System out line 394
System out line 395
System out line 396
System out line 397
System out line 398
System out line 399
System out line 400
System out line 401
System out line 402
System out line 403
System out line 404
System out line 405
System out line 406
System out line 407
System out line 408
System out line 409
System out line 410
System out line 411
System out line 412
System out line 413
System out line 414
System out line 415
System out line 416
System out line 417
System out line 418
System out line 419
System out line 420
System out line 421
System out line 422
System out line 423
System out line 424
System out line 425
System out line 426
System out line 427
System out line 428
System out line 429
System out line 430
System out line 431
System out line 432
System out line 433
System out line 434
System out line 435
System out line 436
System out line 437
System out line 438
System out line 439
System out line 440
System out line 441
System out line 442
System out line 443
System out line 444
System out line 445
System out line 446
System out line 447
System out line 448
System out line 449
System out line 450
System out line 451
System out line 452
System out line 453
System out line 454
System out line 455
System out line 456
System out line 457
System out line 458
System out line 459
System out line 460
System out line 461
System out line 462
System out line 463
System out line 464
System out line 465
System out line 466
System out line 467
System out line 468
System out line 469
System out line 470
System out line 471
System out line 472
System out line 473
System out line 474
System out line 475
System out line 476
System out line 477
System out line 478
System out line 479
System out line 480
System out line 481
System out line 482
System out line 483
System out line 484
System out line 485
System out line 486
System out line 487
System out line 488
System out line 489
System out line 490
System out line 491
System out line 492
System out line 493
System out line 494
System out line 495
System out line 496
System out line 497
System out line 498
System out line 499
System out line 500
System out line 501
System out line 502
System out line 503
System out line 504
System out line 505
System out line 506
System out line 507
System out line 508
System out line 509
System out line 510
System out line 511
System out line 512
System out line 513
System out line 514
System out line 515
System out line 516
System out line 517
System out line 518
System out line 519
System out line 520
System out line 521
System out line 522
System out line 523
System out line 524
System out line 525
System out line 526
System out line 527
System out line 528
System out line 529
System out line 530
System out line 531
System out line 532
System out line 533
System out line 534
System out line 535
System out line 536
System out line 537
System out line 538
System out line 539
System out line 540
System out line 541
System out line 542
System out line 543
System out line 544
System out line 545
System out line 546
System out line 547
System out line 548
System out line 549
System out line 550
System out line 551
System out line 552
System out line 553
System out line 554
System out line 555
System out line 556
System out line 557
System out line 558
System out line 559
System out line 560
System out line 561
System out line 562
System out line 563
System out line 564
System out line 565
System out line 566
System out line 567
System out line 568
System out line 569
System out line 570
System out line 571
System out line 572
System out line 573
System out line 574
System out line 575
System out line 576
System out line 577
System out line 578
System out line 579
System out line 580
System out line 581
System out line 582
System out line 583
System out line 584
System out line 585
System out line 586
System out line 587
System out line 588
System out line 589
System out line 590
System out line 591
System out line 592
System out line 593
System out line 594
System out line 595
System out line 596
System out line 597
System out line 598
System out line 599
System out line 600
System out line 601
System out line 602
System out line 603
System out line 604
System out line 605
System out line 606
System out line 607
System out line 608
System out line 609
System out line 610
System out line 611
System out line 612
System out line 613
System out line 614
System out line 615
System out line 616
System out line 617
System out line 618
System out line 619
System out line 620
System out line 621
System out line 622
System out line 623
System out line 624
System out line 625
System out line 626
System out line 627
System out line 628
System out line 629
System out line 630
System out line 631
System out line 632
System out line 633
System out line 634
System out line 635
System out line 636
System out line 637
System out line 638
System out line 639
System out line 640
System out line 641
System out line 642
System out line 643
System out line 644
System out line 645
System out line 646
System out line 647
System out line 648
System out line 649
System out line 650
System out line 651
System out line 652
System out line 653
System out line 654
System out line 655
System out line 656
System out line 657
System out line 658
System out line 659
System out line 660
System out line 661
System out line 662
System out line 663
System out line 664
System out line 665
System out line 666
System out line 667
System out line 668
System out line 669
System out line 670
System out line 671
System out line 672
System out line 673
System out line 674
System out line 675
System out line 676
System out line 677
System out line 678
System out line 679
System out line 680
System out line 681
System out line 682
System out line 683
System out line 684
System out line 685
System out line 686
System out line 687
System out line 688
System out line 689
System out line 690
System out line 691
System out line 692
System out line 693
System out line 694
System out line 695
System out line 696
System out line 697
System out line 698
System out line 699
System out line 700
System out line 701
System out line 702
System out line 703
System out line 704
System out line 705
System out line 706
System out line 707
System out line 708
System out line 709
System out line 710
System out line 711
System out line 712
System out line 713
System out line 714
System out line 715
System out line 716
System out line 717
System out line 718
System out line 719
System out line 720
System out line 721
System out line 722
System out line 723
System out line 724
System out line 725
System out line 726
System out line 727
System out line 728
System out line 729
System out line 730
System out line 731
System out line 732
System out line 733
System out line 734
System out line 735
System out line 736
System out line 737
System out line 738
System out line 739
System out line 740
System out line 741
System out line 742
System out line 743
System out line 744
System out line 745
System out line 746
System out line 747
System out line 748
System out line 749
System out line 750
System out line 751
System out line 752
System out line 753
System out line 754
System out line 755
System out line 756
System out line 757
System out line 758
System out line 759
System out line 760
System out line 761
System out line 762
System out line 763
System out line 764
System out line 765
System out line 766
System out line 767
System out line 768
System out line 769
System out line 770
System out line 771
System out line 772
System out line 773
System out line 774
System out line 775
System out line 776
System out line 777
System out line 778
System out line 779
System out line 780
System out line 781
System out line 782
System out line 783
System out line 784
System out line 785
System out line 786
System out line 787
System out line 788
System out line 789
System out line 790
System out line 791
System out line 792
System out line 793
System out line 794
System out line 795
System out line 796
System out line 797
System out line 798
System out line 799
System out line 800
System out line 801
System out line 802
System out line 803
System out line 804
System out line 805
System out line 806
System out line 807
System out line 808
System out line 809
System out line 810
System out line 811
System out line 812
System out line 813
System out line 814
System out line 815
System out line 816
System out line 817
System out line 818
System out line 819
System out line 820
System out line 821
System out line 822
System out line 823
System out line 824
System out line 825
System out line 826
System out line 827
System out line 828
System out line 829
System out line 830
System out line 831
System out line 832
System out line 833
System out line 834
System out line 835
System out line 836
System out line 837
System out line 838
System out line 839
System out line 840
System out line 841
System out line 842
System out line 843
System out line 844
System out line 845
System out line 846
System out line 847
System out line 848
System out line 849
System out line 850
System out line 851
System out line 852
System out line 853
System out line 854
System out line 855
System out line 856
System out line 857
System out line 858
System out line 859
System out line 860
System out line 861
System out line 862
System out line 863
System out line 864
System out line 865
System out line 866
System out line 867
System out line 868
System out line 869
System out line 870
System out line 871
System out line 872
System out line 873
System out line 874
System out line 875
System out line 876
System out line 877
System out line 878
System out line 879
System out line 880
System out line 881
System out line 882
System out line 883
System out line 884
System out line 885
System out line 886
System out line 887
System out line 888
System out line 889
System out line 890
System out line 891
System out line 892
System out line 893
System out line 894
System out line 895
System out line 896
System out line 897
System out line 898
System out line 899
System out line 900
System out line 901
System out line 902
System out line 903
System out line 904
System out line 905
System out line 906
System out line 907
System out line 908
System out line 909
System out line 910
System out line 911
System out line 912
System out line 913
System out line 914
System out line 915
System out line 916
System out line 917
System out line 918
System out line 919
System out line 920
System out line 921
System out line 922
System out line 923
System out line 924
System out line 925
System out line 926
System out line 927
System out line 928
System out line 929
System out line 930
System out line 931
System out line 932
System out line 933
System out line 934
System out line 935
System out line 936
System out line 937
System out line 938
System out line 939
System out line 940
System out line 941
System out line 942
System out line 943
System out line 944
System out line 945
System out line 946
System out line 947
System out line 948
System out line 949
System out line 950
System out line 951
System out line 952
System out line 953
System out line 954
System out line 955
System out line 956
System out line 957
System out line 958
System out line 959
System out line 960
System out line 961
System out line 962
System out line 963
System out line 964
System out line 965
System out line 966
System out line 967
System out line 968
System out line 969
System out line 970
System out line 971
System out line 972
System out line 973
System out line 974
System out line 975
System out line 976
System out line 977
System out line 978
System out line 979
System out line 980
System out line 981
System out line 982
System out line 983
System out line 984
System out line 985
System out line 986
System out line 987
System out line 988
System out line 989
System out line 990
System out line 991
System out line 992
System out line 993
System out line 994
System out line 995
System out line 996
System out line 997
System out line 998
System out line 999
System out line 1000
System out line 1001
System out line 1002
System out line 1003
System out line 1004
System out line 1005
System out line 1006
System out line 1007
System out line 1008
System out line 1009
System out line 1010
System out line 1011
System out line 1012
System out line 1013
System out line 1014
System out line 1015
System out line 1016
System out line 1017
System out line 1018
System out line 1019
System out line 1020
System out line 1021
System out line 1022
System out line 1023
System out line 1024
System out line 1025
System out line 1026
System out line 1027
System out line 1028
System out line 1029
System out line 1030
System out line 1031
System out line 1032
System out line 1033
System out line 1034
System out line 1035
System out line 1036
System out line 1037
System out line 1038
System out line 1039
System out line 1040
System out line 1041
System out line 1042
System out line 1043
System out line 1044
System out line 1045
System out line 1046
System out line 1047
System out line 1048
System out line 1049
System out line 1050
System out line 1051
System out line 1052
System out line 1053
System out line 1054
System out line 1055
System out line 1056
System out line 1057
System out line 1058
System out line 1059
System out line 1060
System out line 1061
System out line 1062
System out line 1063
System out line 1064
System out line 1065
System out line 1066
System out line 1067
System out line 1068
System out line 1069
System out line 1070
System out line 1071
System out line 1072
System out line 1073
System out line 1074
System out line 1075
System out line 1076
System out line 1077
System out line 1078
System out line 1079
System out line 1080
System out line 1081
System out line 1082
System out line 1083
System out line 1084
System out line 1085
System out line 1086
System out line 1087
System out line 1088
System out line 1089
System out line 1090
System out line 1091
System out line 1092
System out line 1093
System out line 1094
System out line 1095
System out line 1096
System out line 1097
System out line 1098
System out line 1099
System out line 1100
System out line 1101
System out line 1102
System out line 1103
System out line 1104
System out line 1105
System out line 1106
System out line 1107
System out line 1108
System out line 1109
System out line 1110
System out line 1111
System out line 1112
System out line 1113
System out line 1114
System out line 1115
System out line 1116
System out line 1117
System out line 1118
System out line 1119
System out line 1120
System out line 1121
System out line 1122
System out line 1123
System out line 1124
System out line 1125
System out line 1126
System out line 1127
System out line 1128
System out line 1129
System out line 1130
System out line 1131
System out line 1132
System out line 1133
System out line 1134
System out line 1135
System out line 1136
System out line 1137
System out line 1138
System out line 1139
System out line 1140
System out line 1141
System out line 1142
System out line 1143
System out line 1144
System out line 1145
System out line 1146
System out line 1147
System out line 1148
System out line 1149
System out line 1150
System out line 1151
System out line 1152
System out line 1153
System out line 1154
System out line 1155
System out line 1156
System out line 1157
System out line 1158
System out line 1159
System out line 1160
System out line 1161
System out line 1162
System out line 1163
System out line 1164
System out line 1165
System out line 1166
System out line 1167
System out line 1168
System out line 1169
System out line 1170
System out line 1171
System out line 1172
System out line 1173
System out line 1174
System out line 1175
System out line 1176
System out line 1177
System out line 1178
System out line 1179
System out line 1180
System out line 1181
System out line 1182
System out line 1183
System out line 1184
System out line 1185
System out line 1186
System out line 1187
System out line 1188
System out line 1189
System out line 1190
System out line 1191
System out line 1192
System out line 1193
System out line 1194
System out line 1195
System out line 1196
System out line 1197
System out line 1198
System out line 1199
System out line 1200
System out line 1201
System out line 1202
System out line 1203
System out line 1204
System out line 1205
System out line 1206
System out line 1207
System out line 1208
System out line 1209
System out line 1210
System out line 1211
System out line 1212
System out line 1213
System out line 1214
System out line 1215
System out line 1216
System out line 1217
System out line 1218
System out line 1219
System out line 1220
System out line 1221
System out line 1222
System out line 1223
System out line 1224
System out line 1225
System out line 1226
System out line 1227
System out line 1228
System out line 1229
System out line 1230
System out line 1231
System out line 1232
System out line 1233
System out line 1234
System out line 1235
System out line 1236
System out line 1237
System out line 1238
System out line 1239
System out line 1240
System out line 1241
System out line 1242
System out line 1243
System out line 1244
System out line 1245
System out line 1246
System out line 1247
System out line 1248
System out line 1249
System out line 1250
System out line 1251
System out line 1252
System out line 1253
System out line 1254
System out line 1255
System out line 1256
System out line 1257
System out line 1258
System out line 1259
System out line 1260
System out line 1261
System out line 1262
System out line 1263
System out line 1264
System out line 1265
System out line 1266
System out line 1267
System out line 1268
System out line 1269
System out line 1270
System out line 1271
System out line 1272
System out line 1273
System out line 1274
System out line 1275
System out line 1276
System out line 1277
System out line 1278
System out line 1279
System out line 1280
System out line 1281
System out line 1282
System out line 1283
System out line 1284
System out line 1285
System out line 1286
System out line 1287
System out line 1288
System out line 1289
System out line 1290
System out line 1291
System out line 1292
System out line 1293
System out line 1294
System out line 1295
System out line 1296
System out line 1297
System out line 1298
System out line 1299
System out line 1300
System out line 1301
System out line 1302
System out line 1303
System out line 1304
System out line 1305
System out line 1306
System out line 1307
System out line 1308
System out line 1309
System out line 1310
System out line 1311
System out line 1312
System out line 1313
System out line 1314
System out line 1315
System out line 1316
System out line 1317
System out line 1318
System out line 1319
System out line 1320
System out line 1321
System out line 1322
System out line 1323
System out line 1324
System out line 1325
System out line 1326
System out line 1327
System out line 1328
System out line 1329
System out line 1330
System out line 1331
System out line 1332
System out line 1333
System out line 1334
System out line 1335
System out line 1336
System out line 1337
System out line 1338
System out line 1339
System out line 1340
System out line 1341
System out line 1342
System out line 1343
System out line 1344
System out line 1345
System out line 1346
System out line 1347
System out line 1348
System out line 1349
System out line 1350
System out line 1351
System out line 1352
System out line 1353
System out line 1354
System out line 1355
System out line 1356
System out line 1357
System out line 1358
System out line 1359
System out line 1360
System out line 1361
System out line 1362
System out line 1363
System out line 1364
System out line 1365
System out line 1366
System out line 1367
System out line 1368
System out line 1369
System out line 1370
System out line 1371
System out line 1372
System out line 1373
System out line 1374
System out line 1375
System out line 1376
System out line 1377
System out line 1378
System out line 1379
System out line 1380
System out line 1381
System out line 1382
System out line 1383
System out line 1384
System out line 1385
System out line 1386
System out line 1387
System out line 1388
System out line 1389
System out line 1390
System out line 1391
System out line 1392
System out line 1393
System out line 1394
System out line 1395
System out line 1396
System out line 1397
System out line 1398
System out line 1399
System out line 1400
System out line 1401
System out line 1402
System out line 1403
System out line 1404
System out line 1405
System out line 1406
System out line 1407
System out line 1408
System out line 1409
System out line 1410
System out line 1411
System out line 1412
System out line 1413
System out line 1414
System out line 1415
System out line 1416
System out line 1417
System out line 1418
System out line 1419
System out line 1420
System out line 1421
System out line 1422
System out line 1423
System out line 1424
System out line 1425
System out line 1426
System out line 1427
System out line 1428
System out line 1429
System out line 1430
System out line 1431
System out line 1432
System out line 1433
System out line 1434
System out line 1435
System out line 1436
System out line 1437
System out line 1438
System out line 1439
System out line 1440
System out line 1441
System out line 1442
System out line 1443
System out line 1444
System out line 1445
System out line 1446
System out line 1447
System out line 1448
System out line 1449
System out line 1450
System out line 1451
System out line 1452
System out line 1453
System out line 1454
System out line 1455
System out line 1456
System out line 1457
System out line 1458
System out line 1459
System out line 1460
System out line 1461
System out line 1462
System out line 1463
System out line 1464
System out line 1465
System out line 1466
System out line 1467
System out line 1468
System out line 1469
System out line 1470
System out line 1471
System out line 1472
System out line 1473
System out line 1474
System out line 1475
System out line 1476
System out line 1477
System out line 1478
System out line 1479
System out line 1480
System out line 1481
System out line 1482
System out line 1483
System out line 1484
System out line 1485
System out line 1486
System out line 1487
System out line 1488
System out line 1489
System out line 1490
System out line 1491
System out line 1492
System out line 1493
System out line 1494
System out line 1495
System out line 1496
System out line 1497
System out line 1498
System out line 1499
System out line 1500
System out line 1501
System out line 1502
System out line 1503
System out line 1504
System out line 1505
System out line 1506
System out line 1507
System out line 1508
System out line 1509
System out line 1510
System out line 1511
System out line 1512
System out line 1513
System out line 1514
System out line 1515
System out line 1516
System out line 1517
System out line 1518
System out line 1519
System out line 1520
System out line 1521
System out line 1522
System out line 1523
System out line 1524
System out line 1525
System out line 1526
System out line 1527
System out line 1528
System out line 1529
System out line 1530
System out line 1531
System out line 1532
System out line 1533
System out line 1534
System out line 1535
System out line 1536
System out line 1537
System out line 1538
System out line 1539
System out line 1540
System out line 1541
System out line 1542
System out line 1543
System out line 1544
System out line 1545
System out line 1546
System out line 1547
System out line 1548
System out line 1549
System out line 1550
System out line 1551
System out line 1552
System out line 1553
System out line 1554
System out line 1555
System out line 1556
System out line 1557
System out line 1558
System out line 1559
System out line 1560
System out line 1561
System out line 1562
System out line 1563
System out line 1564
System out line 1565
System out line 1566
System out line 1567
System out line 1568
System out line 1569
System out line 1570
System out line 1571
System out line 1572
System out line 1573
System out line 1574
System out line 1575
System out line 1576
System out line 1577
System out line 1578
System out line 1579
System out line 1580
System out line 1581
System out line 1582
System out line 1583
System out line 1584
System out line 1585
System out line 1586
System out line 1587
System out line 1588
System out line 1589
System out line 1590
System out line 1591
System out line 1592
System out line 1593
System out line 1594
System out line 1595
System out line 1596
System out line 1597
System out line 1598
System out line 1599
System out line 1600
System out line 1601
System out line 1602
System out line 1603
System out line 1604
System out line 1605
System out line 1606
System out line 1607
System out line 1608
System out line 1609
System out line 1610
System out line 1611
System out line 1612
System out line 1613
System out line 1614
System out line 1615
System out line 1616
System out line 1617
System out line 1618
System out line 1619
System out line 1620
System out line 1621
System out line 1622
System out line 1623
System out line 1624
System out line 1625
System out line 1626
System out line 1627
System out line 1628
System out line 1629
System out line 1630
System out line 1631
System out line 1632
System out line 1633
System out line 1634
System out line 1635
System out line 1636
System out line 1637
System out line 1638
System out line 1639
System out line 1640
System out line 1641
System out line 1642
System out line 1643
System out line 1644
System out line 1645
System out line 1646
System out line 1647
System out line 1648
System out line 1649
System out line 1650
System out line 1651
System out line 1652
System out line 1653
System out line 1654
System out line 1655
System out line 1656
System out line 1657
System out line 1658
System out line 1659
System out line 1660
System out line 1661
System out line 1662
System out line 1663
System out line 1664
System out line 1665
System out line 1666
System out line 1667
System out line 1668
System out line 1669
System out line 1670
System out line 1671
System out line 1672
System out line 1673
System out line 1674
System out line 1675
System out line 1676
System out line 1677
System out line 1678
System out line 1679
System out line 1680
System out line 1681
System out line 1682
System out line 1683
System out line 1684
System out line 1685
System out line 1686
System out line 1687
System out line 1688
System out line 1689
System out line 1690
System out line 1691
System out line 1692
System out line 1693
System out line 1694
System out line 1695
System out line 1696
System out line 1697
System out line 1698
System out line 1699
System out line 1700
System out line 1701
System out line 1702
System out line 1703
System out line 1704
System out line 1705
System out line 1706
System out line 1707
System out line 1708
System out line 1709
System out line 1710
System out line 1711
System out line 1712
System out line 1713
System out line 1714
System out line 1715
System out line 1716
System out line 1717
System out line 1718
System out line 1719
System out line 1720
System out line 1721
System out line 1722
System out line 1723
System out line 1724
System out line 1725
System out line 1726
System out line 1727
System out line 1728
System out line 1729
System out line 1730
System out line 1731
System out line 1732
System out line 1733
System out line 1734
System out line 1735
System out line 1736
System out line 1737
System out line 1738
System out line 1739
System out line 1740
System out line 1741
System out line 1742
System out line 1743
System out line 1744
System out line 1745
System out line 1746
System out line 1747
System out line 1748
System out line 1749
System out line 1750
System out line 1751
System out line 1752
System out line 1753
System out line 1754
System out line 1755
System out line 1756
System out line 1757
System out line 1758
System out line 1759
System out line 1760
System out line 1761
System out line 1762
System out line 1763
System out line 1764
System out line 1765
System out line 1766
System out line 1767
System out line 1768
System out line 1769
System out line 1770
System out line 1771
System out line 1772
System out line 1773
System out line 1774
System out line 1775
System out line 1776
System out line 1777
System out line 1778
System out line 1779
System out line 1780
System out line 1781
System out line 1782
System out line 1783
System out line 1784
System out line 1785
System out line 1786
System out line 1787
System out line 1788
System out line 1789
System out line 1790
System out line 1791
System out line 1792
System out line 1793
System out line 1794
System out line 1795
System out line 1796
System out line 1797
System out line 1798
System out line 1799
System out line 1800
System out line 1801
System out line 1802
System out line 1803
System out line 1804
System out line 1805
System out line 1806
System out line 1807
System out line 1808
System out line 1809
System out line 1810
System out line 1811
System out line 1812
System out line 1813
System out line 1814
System out line 1815
System out line 1816
System out line 1817
System out line 1818
System out line 1819
System out line 1820
System out line 1821
System out line 1822
System out line 1823
System out line 1824
System out line 1825
System out line 1826
System out line 1827
System out line 1828
System out line 1829
System out line 1830
System out line 1831
System out line 1832
System out line 1833
System out line 1834
System out line 1835
System out line 1836
System out line 1837
System out line 1838
System out line 1839
System out line 1840
System out line 1841
System out line 1842
System out line 1843
System out line 1844
System out line 1845
System out line 1846
System out line 1847
System out line 1848
System out line 1849
System out line 1850
System out line 1851
System out line 1852
System out line 1853
System out line 1854
System out line 1855
System out line 1856
System out line 1857
System out line 1858
System out line 1859
System out line 1860
System out line 1861
System out line 1862
System out line 1863
System out line 1864
System out line 1865
System out line 1866
System out line 1867
System out line 1868
System out line 1869
System out line 1870
System out line 1871
System out line 1872
System out line 1873
System out line 1874
System out line 1875
System out line 1876
System out line 1877
System out line 1878
System out line 1879
System out line 1880
System out line 1881
System out line 1882
System out line 1883
System out line 1884
System out line 1885
System out line 1886
System out line 1887
System out line 1888
System out line 1889
System out line 1890
System out line 1891
System out line 1892
System out line 1893
System out line 1894
System out line 1895
System out line 1896
System out line 1897
System out line 1898
System out line 1899
System out line 1900
System out line 1901
System out line 1902
System out line 1903
System out line 1904
System out line 1905
System out line 1906
System out line 1907
System out line 1908
System out line 1909
System out line 1910
System out line 1911
System out line 1912
System out line 1913
System out line 1914
System out line 1915
System out line 1916
System out line 1917
System out line 1918
System out line 1919
System out line 1920
System out line 1921
System out line 1922
System out line 1923
System out line 1924
System out line 1925
System out line 1926
System out line 1927
System out line 1928
System out line 1929
System out line 1930
System out line 1931
System out line 1932
System out line 1933
System out line 1934
System out line 1935
System out line 1936
System out line 1937
System out line 1938
System out line 1939
System out line 1940
System out line 1941
System out line 1942
System out line 1943
System out line 1944
System out line 1945
System out line 1946
System out line 1947
System out line 1948
System out line 1949
System out line 1950
System out line 1951
System out line 1952
System out line 1953
System out line 1954
System out line 1955
System out line 1956
System out line 1957
System out line 1958
System out line 1959
System out line 1960
System out line 1961
System out line 1962
System out line 1963
System out line 1964
System out line 1965
System out line 1966
System out line 1967
System out line 1968
System out line 1969
System out line 1970
System out line 1971
System out line 1972
System out line 1973
System out line 1974
System out line 1975
System out line 1976
System out line 1977
System out line 1978
System out line 1979
System out line 1980
System out line 1981
System out line 1982
System out line 1983
System out line 1984
System out line 1985
System out line 1986
System out line 1987
System out line 1988
System out line 1989
System out line 1990
System out line 1991
System out line 1992
System out line 1993
System out line 1994
System out line 1995
System out line 1996
System out line 1997
System out line 1998
System out line 1999
System out line 2000
System out line 2001
System out line 2002
System out line 2003
System out line 2004
System out line 2005
System out line 2006
System out line 2007
System out line 2008
System out line 2009
System out line 2010
System out line 2011
System out line 2012
System out line 2013
System out line 2014
System out line 2015
System out line 2016
System out line 2017
System out line 2018
System out line 2019
System out line 2020
System out line 2021
System out line 2022
System out line 2023
System out line 2024
System out line 2025
System out line 2026
System out line 2027
System out line 2028
System out line 2029
System out line 2030
System out line 2031
System out line 2032
System out line 2033
System out line 2034
System out line 2035
System out line 2036
System out line 2037
System out line 2038
System out line 2039
System out line 2040
System out line 2041
System out line 2042
System out line 2043
System out line 2044
System out line 2045
System out line 2046
System out line 2047
System out line 2048
System out line 2049
System out line 2050
System out line 2051
System out line 2052
System out line 2053
System out line 2054
System out line 2055
System out line 2056
System out line 2057
System out line 2058
System out line 2059
System out line 2060
System out line 2061
System out line 2062
System out line 2063
System out line 2064
System out line 2065
System out line 2066
System out line 2067
System out line 2068
System out line 2069
System out line 2070
System out line 2071
System out line 2072
System out line 2073
System out line 2074
System out line 2075
System out line 2076
System out line 2077
System out line 2078
System out line 2079
System out line 2080
System out line 2081
System out line 2082
System out line 2083
System out line 2084
System out line 2085
System out line 2086
System out line 2087
System out line 2088
System out line 2089
System out line 2090
System out line 2091
System out line 2092
System out line 2093
System out line 2094
System out line 2095
System out line 2096
System out line 2097
System out line 2098
System out line 2099
System out line 2100
System out line 2101
System out line 2102
System out line 2103
System out line 2104
System out line 2105
System out line 2106
System out line 2107
System out line 2108
System out line 2109
System out line 2110
System out line 2111
System out line 2112
System out line 2113
System out line 2114
System out line 2115
System out line 2116
System out line 2117
System out line 2118
System out line 2119
System out line 2120
System out line 2121
System out line 2122
System out line 2123
System out line 2124
System out line 2125
System out line 2126
System out line 2127
System out line 2128
System out line 2129
System out line 2130
System out line 2131
System out line 2132
System out line 2133
System out line 2134
System out line 2135
System out line 2136
System out line 2137
System out line 2138
System out line 2139
System out line 2140
System out line 2141
System out line 2142
System out line 2143
System out line 2144
System out line 2145
System out line 2146
System out line 2147
System out line 2148
System out line 2149
System out line 2150
System out line 2151
System out line 2152
System out line 2153
System out line 2154
System out line 2155
System out line 2156
System out line 2157
System out line 2158
System out line 2159
System out line 2160
System out line 2161
System out line 2162
System out line 2163
System out line 2164
System out line 2165
System out line 2166
System out line 2167
System out line 2168
System out line 2169
System out line 2170
System out line 2171
System out line 2172
System out line 2173
System out line 2174
System out line 2175
System out line 2176
System out line 2177
System out line 2178
System out line 2179
System out line 2180
System out line 2181
System out line 2182
System out line 2183
System out line 2184
System out line 2185
System out line 2186
System out line 2187
System out line 2188
System out line 2189
System out line 2190
System out line 2191
System out line 2192
System out line 2193
System out line 2194
System out line 2195
System out line 2196
System out line 2197
System out line 2198
System out line 2199
System out line 2200
System out line 2201
System out line 2202
System out line 2203
System out line 2204
System out line 2205
System out line 2206
System out line 2207
System out line 2208
System out line 2209
System out line 2210
System out line 2211
System out line 2212
System out line 2213
System out line 2214
System out line 2215
System out line 2216
System out line 2217
System out line 2218
System out line 2219
System out line 2220
System out line 2221
System out line 2222
System out line 2223
System out line 2224
System out line 2225
System out line 2226
System out line 2227
System out line 2228
System out line 2229
System out line 2230
System out line 2231
System out line 2232
System out line 2233
System out line 2234
System out line 2235
System out line 2236
System out line 2237
System out line 2238
System out line 2239
System out line 2240
System out line 2241
System out line 2242
System out line 2243
System out line 2244
System out line 2245
System out line 2246
System out line 2247
System out line 2248
System out line 2249
System out line 2250
System out line 2251
System out line 2252
System out line 2253
System out line 2254
System out line 2255
System out line 2256
System out line 2257
System out line 2258
System out line 2259
System out line 2260
System out line 2261
System out line 2262
System out line 2263
System out line 2264
System out line 2265
System out line 2266
System out line 2267
System out line 2268
System out line 2269
System out line 2270
System out line 2271
System out line 2272
System out line 2273
System out line 2274
System out line 2275
System out line 2276
System out line 2277
System out line 2278
System out line 2279
System out line 2280
System out line 2281
System out line 2282
System out line 2283
System out line 2284
System out line 2285
System out line 2286
System out line 2287
System out line 2288
System out line 2289
System out line 2290
System out line 2291
System out line 2292
System out line 2293
System out line 2294
System out line 2295
System out line 2296
System out line 2297
System out line 2298
System out line 2299
System out line 2300
System out line 2301
System out line 2302
System out line 2303
System out line 2304
System out line 2305
System out line 2306
System out line 2307
System out line 2308
System out line 2309
System out line 2310
System out line 2311
System out line 2312
System out line 2313
System out line 2314
System out line 2315
System out line 2316
System out line 2317
System out line 2318
System out line 2319
System out line 2320
System out line 2321
System out line 2322
System out line 2323
System out line 2324
System out line 2325
System out line 2326
System out line 2327
System out line 2328
System out line 2329
System out line 2330
System out line 2331
System out line 2332
System out line 2333
System out line 2334
System out line 2335
System out line 2336
System out line 2337
System out line 2338
System out line 2339
System out line 2340
System out line 2341
System out line 2342
System out line 2343
System out line 2344
System out line 2345
System out line 2346
System out line 2347
System out line 2348
System out line 2349
System out line 2350
System out line 2351
System out line 2352
System out line 2353
System out line 2354
System out line 2355
System out line 2356
System out line 2357
System out line 2358
System out line 2359
System out line 2360
System out line 2361
System out line 2362
System out line 2363
System out line 2364
System out line 2365
System out line 2366
System out line 2367
System out line 2368
System out line 2369
System out line 2370
System out line 2371
System out line 2372
System out line 2373
System out line 2374
System out line 2375
System out line 2376
System out line 2377
System out line 2378
System out line 2379
System out line 2380
System out line 2381
System out line 2382
System out line 2383
System out line 2384
System out line 2385
System out line 2386
System out line 2387
System out line 2388
System out line 2389
System out line 2390
System out line 2391
System out line 2392
System out line 2393
System out line 2394
System out line 2395
System out line 2396
System out line 2397
System out line 2398
System out line 2399
System out line 2400
System out line 2401
System out line 2402
System out line 2403
System out line 2404
System out line 2405
System out line 2406
System out line 2407
System out line 2408
System out line 2409
System out line 2410
System out line 2411
System out line 2412
System out line 2413
System out line 2414
System out line 2415
System out line 2416
System out line 2417
System out line 2418
System out line 2419
System out line 2420
System out line 2421
System out line 2422
System out line 2423
System out line 2424
System out line 2425
System out line 2426
System out line 2427
System out line 2428
System out line 2429
System out line 2430
System out line 2431
System out line 2432
System out line 2433
System out line 2434
System out line 2435
System out line 2436
System out line 2437
System out line 2438
System out line 2439
System out line 2440
System out line 2441
System out line 2442
System out line 2443
System out line 2444
System out line 2445
System out line 2446
System out line 2447
System out line 2448
System out line 2449
System out line 2450
System out line 2451
System out line 2452
System out line 2453
System out line 2454
System out line 2455
System out line 2456
System out line 2457
System out line 2458
System out line 2459
System out line 2460
System out line 2461
System out line 2462
System out line 2463
System out line 2464
System out line 2465
System out line 2466
System out line 2467
System out line 2468
System out line 2469
System out line 2470
System out line 2471
System out line 2472
System out line 2473
System out line 2474
System out line 2475
System out line 2476
System out line 2477
System out line 2478
System out line 2479
System out line 2480
System out line 2481
System out line 2482
System out line 2483
System out line 2484
System out line 2485
System out line 2486
System out line 2487
System out line 2488
System out line 2489
System out line 2490
System out line 2491
System out line 2492
System out line 2493
System out line 2494
System out line 2495
System out line 2496
System out line 2497
System out line 2498
System out line 2499
System out line 2500
System out line 2501
System out line 2502
System out line 2503
System out line 2504
System out line 2505
System out line 2506
System out line 2507
System out line 2508
System out line 2509
System out line 2510
System out line 2511
System out line 2512
System out line 2513
System out line 2514
System out line 2515
System out line 2516
System out line 2517
System out line 2518
System out line 2519
System out line 2520
System out line 2521
System out line 2522
System out line 2523
System out line 2524
System out line 2525
System out line 2526
System out line 2527
System out line 2528
System out line 2529
System out line 2530
System out line 2531
System out line 2532
System out line 2533
System out line 2534
System out line 2535
System out line 2536
System out line 2537
System out line 2538
System out line 2539
System out line 2540
System out line 2541
System out line 2542
System out line 2543
System out line 2544
System out line 2545
System out line 2546
System out line 2547
System out line 2548
System out line 2549
System out line 2550
System out line 2551
System out line 2552
System out line 2553
System out line 2554
System out line 2555
System out line 2556
System out line 2557
System out line 2558
System out line 2559
System out line 2560
System out line 2561
System out line 2562
System out line 2563
System out line 2564
System out line 2565
System out line 2566
System out line 2567
System out line 2568
System out line 2569
System out line 2570
System out line 2571
System out line 2572
System out line 2573
System out line 2574
System out line 2575
System out line 2576
System out line 2577
System out line 2578
System out line 2579
System out line 2580
System out line 2581
System out line 2582
System out line 2583
System out line 2584
System out line 2585
System out line 2586
System out line 2587
System out line 2588
System out line 2589
System out line 2590
System out line 2591
System out line 2592
System out line 2593
System out line 2594
System out line 2595
System out line 2596
System out line 2597
System out line 2598
System out line 2599
System out line 2600
System out line 2601
System out line 2602
System out line 2603
System out line 2604
System out line 2605
System out line 2606
System out line 2607
System out line 2608
System out line 2609
System out line 2610
System out line 2611
System out line 2612
System out line 2613
System out line 2614
System out line 2615
System out line 2616
System out line 2617
System out line 2618
System out line 2619
System out line 2620
System out line 2621
System out line 2622
System out line 2623
System out line 2624
System out line 2625
System out line 2626
System out line 2627
System out line 2628
System out line 2629
System out line 2630
System out line 2631
System out line 2632
System out line 2633
System out line 2634
System out line 2635
System out line 2636
System out line 2637
System out line 2638
System out line 2639
System out line 2640
System out line 2641
System out line 2642
System out line 2643
System out line 2644
System out line 2645
System out line 2646
System out line 2647
System out line 2648
System out line 2649
System out line 2650
System out line 2651
System out line 2652
System out line 2653
System out line 2654
System out line 2655
System out line 2656
System out line 2657
System out line 2658
System out line 2659
System out line 2660
System out line 2661
System out line 2662
System out line 2663
System out line 2664
System out line 2665
System out line 2666
System out line 2667
System out line 2668
System out line 2669
System out line 2670
System out line 2671
System out line 2672
System out line 2673
System out line 2674
System out line 2675
System out line 2676
System out line 2677
System out line 2678
System out line 2679
System out line 2680
System out line 2681
System out line 2682
System out line 2683
System out line 2684
System out line 2685
System out line 2686
System out line 2687
System out line 2688
System out line 2689
System out line 2690
System out line 2691
System out line 2692
System out line 2693
System out line 2694
System out line 2695
System out line 2696
System out line 2697
System out line 2698
System out line 2699
System out line 2700
System out line 2701
System out line 2702
System out line 2703
System out line 2704
System out line 2705
System out line 2706
System out line 2707
System out line 2708
System out line 2709
System out line 2710
System out line 2711
System out line 2712
System out line 2713
System out line 2714
System out line 2715
System out line 2716
System out line 2717
System out line 2718
System out line 2719
System out line 2720
System out line 2721
System out line 2722
System out line 2723
System out line 2724
System out line 2725
System out line 2726
System out line 2727
System out line 2728
System out line 2729
System out line 2730
System out line 2731
System out line 2732
System out line 2733
System out line 2734
System out line 2735
System out line 2736
System out line 2737
System out line 2738
System out line 2739
System out line 2740
System out line 2741
System out line 2742
System out line 2743
System out line 2744
System out line 2745
System out line 2746
System out line 2747
System out line 2748
System out line 2749
System out line 2750
System out line 2751
System out line 2752
System out line 2753
System out line 2754
System out line 2755
System out line 2756
System out line 2757
System out line 2758
System out line 2759
System out line 2760
System out line 2761
System out line 2762
System out line 2763
System out line 2764
System out line 2765
System out line 2766
System out line 2767
System out line 2768
System out line 2769
System out line 2770
System out line 2771
System out line 2772
System out line 2773
System out line 2774
System out line 2775
System out line 2776
System out line 2777
System out line 2778
System out line 2779
System out line 2780
System out line 2781
System out line 2782
System out line 2783
System out line 2784
System out line 2785
System out line 2786
System out line 2787
System out line 2788
System out line 2789
System out line 2790
System out line 2791
System out line 2792
System out line 2793
System out line 2794
System out line 2795
System out line 2796
System out line 2797
System out line 2798
System out line 2799
System out line 2800
System out line 2801
System out line 2802
System out line 2803
System out line 2804
System out line 2805
System out line 2806
System out line 2807
System out line 2808
System out line 2809
System out line 2810
System out line 2811
System out line 2812
System out line 2813
System out line 2814
System out line 2815
System out line 2816
System out line 2817
System out line 2818
System out line 2819
System out line 2820
System out line 2821
System out line 2822
System out line 2823
System out line 2824
System out line 2825
System out line 2826
System out line 2827
System out line 2828
System out line 2829
System out line 2830
System out line 2831
System out line 2832
System out line 2833
System out line 2834
System out line 2835
System out line 2836
System out line 2837
System out line 2838
System out line 2839
System out line 2840
System out line 2841
System out line 2842
System out line 2843
System out line 2844
System out line 2845
System out line 2846
System out line 2847
System out line 2848
System out line 2849
System out line 2850
System out line 2851
System out line 2852
System out line 2853
System out line 2854
System out line 2855
System out line 2856
System out line 2857
System out line 2858
System out line 2859
System out line 2860
System out line 2861
System out line 2862
System out line 2863
System out line 2864
System out line 2865
System out line 2866
System out line 2867
System out line 2868
System out line 2869
System out line 2870
System out line 2871
System out line 2872
System out line 2873
System out line 2874
System out line 2875
System out line 2876
System out line 2877
System out line 2878
System out line 2879
System out line 2880
System out line 2881
System out line 2882
System out line 2883
System out line 2884
System out line 2885
System out line 2886
System out line 2887
System out line 2888
System out line 2889
System out line 2890
System out line 2891
System out line 2892
System out line 2893
System out line 2894
System out line 2895
System out line 2896
System out line 2897
System out line 2898
System out line 2899
System out line 2900
System out line 2901
System out line 2902
System out line 2903
System out line 2904
System out line 2905
System out line 2906
System out line 2907
System out line 2908
System out line 2909
System out line 2910
System out line 2911
System out line 2912
System out line 2913
System out line 2914
System out line 2915
System out line 2916
System out line 2917
System out line 2918
System out line 2919
System out line 2920
System out line 2921
System out line 2922
System out line 2923
System out line 2924
System out line 2925
System out line 2926
System out line 2927
System out line 2928
System out line 2929
System out line 2930
System out line 2931
System out line 2932
System out line 2933
System out line 2934
System out line 2935
System out line 2936
System out line 2937
System out line 2938
System out line 2939
System out line 2940
System out line 2941
System out line 2942
System out line 2943
System out line 2944
System out line 2945
System out line 2946
System out line 2947
System out line 2948
System out line 2949
System out line 2950
System out line 2951
System out line 2952
System out line 2953
System out line 2954
System out line 2955
System out line 2956
System out line 2957
System out line 2958
System out line 2959
System out line 2960
System out line 2961
System out line 2962
System out line 2963
System out line 2964
System out line 2965
System out line 2966
System out line 2967
System out line 2968
System out line 2969
System out line 2970
System out line 2971
System out line 2972
System out line 2973
System out line 2974
System out line 2975
System out line 2976
System out line 2977
System out line 2978
System out line 2979
System out line 2980
System out line 2981
System out line 2982
System out line 2983
System out line 2984
System out line 2985
System out line 2986
System out line 2987
System out line 2988
System out line 2989
System out line 2990
System out line 2991
System out line 2992
System out line 2993
System out line 2994
System out line 2995
System out line 2996
System out line 2997
System out line 2998
System out line 2999
System out line 3000
System out line 3001
System out line 3002
System out line 3003
System out line 3004
System out line 3005
System out line 3006
System out line 3007
System out line 3008
System out line 3009
System out line 3010
System out line 3011
System out line 3012
System out line 3013
System out line 3014
System out line 3015
System out line 3016
System out line 3017
System out line 3018
System out line 3019
System out line 3020
System out line 3021
System out line 3022
System out line 3023
System out line 3024
System out line 3025
System out line 3026
System out line 3027
System out line 3028
System out line 3029
System out line 3030
System out line 3031
System out line 3032
System out line 3033
System out line 3034
System out line 3035
System out line 3036
System out line 3037
System out line 3038
System out line 3039
System out line 3040
System out line 3041
System out line 3042
System out line 3043
System out line 3044
System out line 3045
System out line 3046
System out line 3047
System out line 3048
System out line 3049
System out line 3050
System out line 3051
System out line 3052
System out line 3053
System out line 3054
System out line 3055
System out line 3056
System out line 3057
System out line 3058
System out line 3059
System out line 3060
System out line 3061
System out line 3062
System out line 3063
System out line 3064
System out line 3065
System out line 3066
System out line 3067
System out line 3068
System out line 3069
System out line 3070
System out line 3071
System out line 3072
System out line 3073
System out line 3074
System out line 3075
System out line 3076
System out line 3077
System out line 3078
System out line 3079
System out line 3080
System out line 3081
System out line 3082
System out line 3083
System out line 3084
System out line 3085
System out line 3086
System out line 3087
System out line 3088
System out line 3089
System out line 3090
System out line 3091
System out line 3092
System out line 3093
System out line 3094
System out line 3095
System out line 3096
System out line 3097
System out line 3098
System out line 3099
System out line 3100
System out line 3101
System out line 3102
System out line 3103
System out line 3104
System out line 3105
System out line 3106
System out line 3107
System out line 3108
System out line 3109
System out line 3110
System out line 3111
System out line 3112
System out line 3113
System out line 3114
System out line 3115
System out line 3116
System out line 3117
System out line 3118
System out line 3119
System out line 3120
System out line 3121
System out line 3122
System out line 3123
System out line 3124
System out line 3125
System out line 3126
System out line 3127
System out line 3128
System out line 3129
System out line 3130
System out line 3131
System out line 3132
System out line 3133
System out line 3134
System out line 3135
System out line 3136
System out line 3137
System out line 3138
System out line 3139
System out line 3140
System out line 3141
System out line 3142
System out line 3143
System out line 3144
System out line 3145
System out line 3146
System out line 3147
System out line 3148
System out line 3149
System out line 3150
System out line 3151
System out line 3152
System out line 3153
System out line 3154
System out line 3155
System out line 3156
System out line 3157
System out line 3158
System out line 3159
System out line 3160
System out line 3161
System out line 3162
System out line 3163
System out line 3164
System out line 3165
System out line 3166
System out line 3167
System out line 3168
System out line 3169
System out line 3170
System out line 3171
System out line 3172
System out line 3173
System out line 3174
System out line 3175
System out line 3176
System out line 3177
System out line 3178
System out line 3179
System out line 3180
System out line 3181
System out line 3182
System out line 3183
System out line 3184
System out line 3185
System out line 3186
System out line 3187
System out line 3188
System out line 3189
System out line 3190
System out line 3191
System out line 3192
System out line 3193
System out line 3194
System out line 3195
System out line 3196
System out line 3197
System out line 3198
System out line 3199
System out line 3200
System out line 3201
System out line 3202
System out line 3203
System out line 3204
System out line 3205
System out line 3206
System out line 3207
System out line 3208
System out line 3209
System out line 3210
System out line 3211
System out line 3212
System out line 3213
System out line 3214
System out line 3215
System out line 3216
System out line 3217
System out line 3218
System out line 3219
System out line 3220
System out line 3221
System out line 3222
System out line 3223
System out line 3224
System out line 3225
System out line 3226
System out line 3227
System out line 3228
System out line 3229
System out line 3230
System out line 3231
System out line 3232
System out line 3233
System out line 3234
System out line 3235
System out line 3236
System out line 3237
System out line 3238
System out line 3239
System out line 3240
System out line 3241
System out line 3242
System out line 3243
System out line 3244
System out line 3245
System out line 3246
System out line 3247
System out line 3248
System out line 3249
System out line 3250
System out line 3251
System out line 3252
System out line 3253
System out line 3254
System out line 3255
System out line 3256
System out line 3257
System out line 3258
System out line 3259
System out line 3260
System out line 3261
System out line 3262
System out line 3263
System out line 3264
System out line 3265
System out line 3266
System out line 3267
System out line 3268
System out line 3269
System out line 3270
System out line 3271
System out line 3272
System out line 3273
System out line 3274
System out line 3275
System out line 3276
System out line 3277
System out line 3278
System out line 3279
System out line 3280
System out line 3281
System out line 3282
System out line 3283
System out line 3284
System out line 3285
System out line 3286
System out line 3287
System out line 3288
System out line 3289
System out line 3290
System out line 3291
System out line 3292
System out line 3293
System out line 3294
System out line 3295
System out line 3296
System out line 3297
System out line 3298
System out line 3299
System out line 3300
System out line 3301
System out line 3302
System out line 3303
System out line 3304
System out line 3305
System out line 3306
System out line 3307
System out line 3308
System out line 3309
System out line 3310
System out line 3311
System out line 3312
System out line 3313
System out line 3314
System out line 3315
System out line 3316
System out line 3317
System out line 3318
System out line 3319
System out line 3320
System out line 3321
System out line 3322
System out line 3323
System out line 3324
System out line 3325
System out line 3326
System out line 3327
System out line 3328
System out line 3329
System out line 3330
System out line 3331
System out line 3332
System out line 3333
System out line 3334
System out line 3335
System out line 3336
System out line 3337
System out line 3338
System out line 3339
System out line 3340
System out line 3341
System out line 3342
System out line 3343
System out line 3344
System out line 3345
System out line 3346
System out line 3347
System out line 3348
System out line 3349
System out line 3350
System out line 3351
System out line 3352
System out line 3353
System out line 3354
System out line 3355
System out line 3356
System out line 3357
System out line 3358
System out line 3359
System out line 3360
System out line 3361
System out line 3362
System out line 3363
System out line 3364
System out line 3365
System out line 3366
System out line 3367
System out line 3368
System out line 3369
System out line 3370
System out line 3371
System out line 3372
System out line 3373
System out line 3374
System out line 3375
System out line 3376
System out line 3377
System out line 3378
System out line 3379
System out line 3380
System out line 3381
System out line 3382
System out line 3383
System out line 3384
System out line 3385
System out line 3386
System out line 3387
System out line 3388
System out line 3389
System out line 3390
System out line 3391
System out line 3392
System out line 3393
System out line 3394
System out line 3395
System out line 3396
System out line 3397
System out line 3398
System out line 3399
System out line 3400
System out line 3401
System out line 3402
System out line 3403
System out line 3404
System out line 3405
System out line 3406
System out line 3407
System out line 3408
System out line 3409
System out line 3410
System out line 3411
System out line 3412
System out line 3413
System out line 3414
System out line 3415
System out line 3416
System out line 3417
System out line 3418
System out line 3419
System out line 3420
System out line 3421
System out line 3422
System out line 3423
System out line 3424
System out line 3425
System out line 3426
System out line 3427
System out line 3428
System out line 3429
System out line 3430
System out line 3431
System out line 3432
System out line 3433
System out line 3434
System out line 3435
System out line 3436
System out line 3437
System out line 3438
System out line 3439
System out line 3440
System out line 3441
System out line 3442
System out line 3443
System out line 3444
System out line 3445
System out line 3446
System out line 3447
System out line 3448
System out line 3449
System out line 3450
System out line 3451
System out line 3452
System out line 3453
System out line 3454
System out line 3455
System out line 3456
System out line 3457
System out line 3458
System out line 3459
System out line 3460
System out line 3461
System out line 3462
System out line 3463
System out line 3464
System out line 3465
System out line 3466
System out line 3467
System out line 3468
System out line 3469
System out line 3470
System out line 3471
System out line 3472
System out line 3473
System out line 3474
System out line 3475
System out line 3476
System out line 3477
System out line 3478
System out line 3479
System out line 3480
System out line 3481
System out line 3482
System out line 3483
System out line 3484
System out line 3485
System out line 3486
System out line 3487
System out line 3488
System out line 3489
System out line 3490
System out line 3491
System out line 3492
System out line 3493
System out line 3494
System out line 3495
System out line 3496
System out line 3497
System out line 3498
System out line 3499
System out line 3500
System out line 3501
System out line 3502
System out line 3503
System out line 3504
System out line 3505
System out line 3506
System out line 3507
System out line 3508
System out line 3509
System out line 3510
System out line 3511
System out line 3512
System out line 3513
System out line 3514
System out line 3515
System out line 3516
System out line 3517
System out line 3518
System out line 3519
System out line 3520
System out line 3521
System out line 3522
System out line 3523
System out line 3524
System out line 3525
System out line 3526
System out line 3527
System out line 3528
System out line 3529
System out line 3530
System out line 3531
System out line 3532
System out line 3533
System out line 3534
System out line 3535
System out line 3536
System out line 3537
System out line 3538
System out line 3539
System out line 3540
System out line 3541
System out line 3542
System out line 3543
System out line 3544
System out line 3545
System out line 3546
System out line 3547
System out line 3548
System out line 3549
System out line 3550
System out line 3551
System out line 3552
System out line 3553
System out line 3554
System out line 3555
System out line 3556
System out line 3557
System out line 3558
System out line 3559
System out line 3560
System out line 3561
System out line 3562
System out line 3563
System out line 3564
System out line 3565
System out line 3566
System out line 3567
System out line 3568
System out line 3569
System out line 3570
System out line 3571
System out line 3572
System out line 3573
System out line 3574
System out line 3575
System out line 3576
System out line 3577
System out line 3578
System out line 3579
System out line 3580
System out line 3581
System out line 3582
System out line 3583
System out line 3584
System out line 3585
System out line 3586
System out line 3587
System out line 3588
System out line 3589
System out line 3590
System out line 3591
System out line 3592
System out line 3593
System out line 3594
System out line 3595
System out line 3596
System out line 3597
System out line 3598
System out line 3599
System out line 3600
System out line 3601
System out line 3602
System out line 3603
System out line 3604
System out line 3605
System out line 3606
System out line 3607
System out line 3608
System out line 3609
System out line 3610
System out line 3611
System out line 3612
System out line 3613
System out line 3614
System out line 3615
System out line 3616
System out line 3617
System out line 3618
System out line 3619
System out line 3620
System out line 3621
System out line 3622
System out line 3623
System out line 3624
System out line 3625
System out line 3626
System out line 3627
System out line 3628
System out line 3629
System out line 3630
System out line 3631
System out line 3632
System out line 3633
System out line 3634
System out line 3635
System out line 3636
System out line 3637
System out line 3638
System out line 3639
System out line 3640
System out line 3641
System out line 3642
System out line 3643
System out line 3644
System out line 3645
System out line 3646
System out line 3647
System out line 3648
System out line 3649
System out line 3650
System out line 3651
System out line 3652
System out line 3653
System out line 3654
System out line 3655
System out line 3656
System out line 3657
System out line 3658
System out line 3659
System out line 3660
System out line 3661
System out line 3662
System out line 3663
System out line 3664
System out line 3665
System out line 3666
System out line 3667
System out line 3668
System out line 3669
System out line 3670
System out line 3671
System out line 3672
System out line 3673
System out line 3674
System out line 3675
System out line 3676
System out line 3677
System out line 3678
System out line 3679
System out line 3680
System out line 3681
System out line 3682
System out line 3683
System out line 3684
System out line 3685
System out line 3686
System out line 3687
System out line 3688
System out line 3689
System out line 3690
System out line 3691
System out line 3692
System out line 3693
System out line 3694
System out line 3695
System out line 3696
System out line 3697
System out line 3698
System out line 3699
System out line 3700
System out line 3701
System out line 3702
System out line 3703
System out line 3704
System out line 3705
System out line 3706
System out line 3707
System out line 3708
System out line 3709
System out line 3710
System out line 3711
System out line 3712
System out line 3713
System out line 3714
System out line 3715
System out line 3716
System out line 3717
System out line 3718
System out line 3719
System out line 3720
System out line 3721
System out line 3722
System out line 3723
System out line 3724
System out line 3725
System out line 3726
System out line 3727
System out line 3728
System out line 3729
System out line 3730
System out line 3731
System out line 3732
System out line 3733
System out line 3734
System out line 3735
System out line 3736
System out line 3737
System out line 3738
System out line 3739
System out line 3740
System out line 3741
System out line 3742
System out line 3743
System out line 3744
System out line 3745
System out line 3746
System out line 3747
System out line 3748
System out line 3749
System out line 3750
System out line 3751
System out line 3752
System out line 3753
System out line 3754
System out line 3755
System out line 3756
System out line 3757
System out line 3758
System out line 3759
System out line 3760
System out line 3761
System out line 3762
System out line 3763
System out line 3764
System out line 3765
System out line 3766
System out line 3767
System out line 3768
System out line 3769
System out line 3770
System out line 3771
System out line 3772
System out line 3773
System out line 3774
System out line 3775
System out line 3776
System out line 3777
System out line 3778
System out line 3779
System out line 3780
System out line 3781
System out line 3782
System out line 3783
System out line 3784
System out line 3785
System out line 3786
System out line 3787
System out line 3788
System out line 3789
System out line 3790
System out line 3791
System out line 3792
System out line 3793
System out line 3794
System out line 3795
System out line 3796
System out line 3797
System out line 3798
System out line 3799
System out line 3800
System out line 3801
System out line 3802
System out line 3803
System out line 3804
System out line 3805
System out line 3806
System out line 3807
System out line 3808
System out line 3809
System out line 3810
System out line 3811
System out line 3812
System out line 3813
System out line 3814
System out line 3815
System out line 3816
System out line 3817
System out line 3818
System out line 3819
System out line 3820
System out line 3821
System out line 3822
System out line 3823
System out line 3824
System out line 3825
System out line 3826
System out line 3827
System out line 3828
System out line 3829
System out line 3830
System out line 3831
System out line 3832
System out line 3833
System out line 3834
System out line 3835
System out line 3836
System out line 3837
System out line 3838
System out line 3839
System out line 3840
System out line 3841
System out line 3842
System out line 3843
System out line 3844
System out line 3845
System out line 3846
System out line 3847
System out line 3848
System out line 3849
System out line 3850
System out line 3851
System out line 3852
System out line 3853
System out line 3854
System out line 3855
System out line 3856
System out line 3857
System out line 3858
System out line 3859
System out line 3860
System out line 3861
System out line 3862
System out line 3863
System out line 3864
System out line 3865
System out line 3866
System out line 3867
System out line 3868
System out line 3869
System out line 3870
System out line 3871
System out line 3872
System out line 3873
System out line 3874
System out line 3875
System out line 3876
System out line 3877
System out line 3878
System out line 3879
System out line 3880
System out line 3881
System out line 3882
System out line 3883
System out line 3884
System out line 3885
System out line 3886
System out line 3887
System out line 3888
System out line 3889
System out line 3890
System out line 3891
System out line 3892
System out line 3893
System out line 3894
System out line 3895
System out line 3896
System out line 3897
System out line 3898
System out line 3899
System out line 3900
System out line 3901
System out line 3902
System out line 3903
System out line 3904
System out line 3905
System out line 3906
System out line 3907
System out line 3908
System out line 3909
System out line 3910
System out line 3911
System out line 3912
System out line 3913
System out line 3914
System out line 3915
System out line 3916
System out line 3917
System out line 3918
System out line 3919
System out line 3920
System out line 3921
System out line 3922
System out line 3923
System out line 3924
System out line 3925
System out line 3926
System out line 3927
System out line 3928
System out line 3929
System out line 3930
System out line 3931
System out line 3932
System out line 3933
System out line 3934
System out line 3935
System out line 3936
System out line 3937
System out line 3938
System out line 3939
System out line 3940
System out line 3941
System out line 3942
System out line 3943
System out line 3944
System out line 3945
System out line 3946
System out line 3947
System out line 3948
System out line 3949
System out line 3950
System out line 3951
System out line 3952
System out line 3953
System out line 3954
System out line 3955
System out line 3956
System out line 3957
System out line 3958
System out line 3959
System out line 3960
System out line 3961
System out line 3962
System out line 3963
System out line 3964
System out line 3965
System out line 3966
System out line 3967
System out line 3968
System out line 3969
System out line 3970
System out line 3971
System out line 3972
System out line 3973
System out line 3974
System out line 3975
System out line 3976
System out line 3977
System out line 3978
System out line 3979
System out line 3980
System out line 3981
System out line 3982
System out line 3983
System out line 3984
System out line 3985
System out line 3986
System out line 3987
System out line 3988
System out line 3989
System out line 3990
System out line 3991
System out line 3992
System out line 3993
System out line 3994
System out line 3995
System out line 3996
System out line 3997
System out line 3998
System out line 3999
System out line 4000
System out line 4001
System out line 4002
System out line 4003
System out line 4004
System out line 4005
System out line 4006
System out line 4007
System out line 4008
System out line 4009
System out line 4010
System out line 4011
System out line 4012
System out line 4013
System out line 4014
System out line 4015
System out line 4016
System out line 4017
System out line 4018
System out line 4019
System out line 4020
System out line 4021
System out line 4022
System out line 4023
System out line 4024
System out line 4025
System out line 4026
System out line 4027
System out line 4028
System out line 4029
System out line 4030
System out line 4031
System out line 4032
System out line 4033
System out line 4034
System out line 4035
System out line 4036
System out line 4037
System out line 4038
System out line 4039
System out line 4040
System out line 4041
System out line 4042
System out line 4043
System out line 4044
System out line 4045
System out line 4046
System out line 4047
System out line 4048
System out line 4049
System out line 4050
System out line 4051
System out line 4052
System out line 4053
System out line 4054
System out line 4055
System out line 4056
System out line 4057
System out line 4058
System out line 4059
System out line 4060
System out line 4061
System out line 4062
System out line 4063
System out line 4064
System out line 4065
System out line 4066
System out line 4067
System out line 4068
System out line 4069
System out line 4070
System out line 4071
System out line 4072
System out line 4073
System out line 4074
System out line 4075
System out line 4076
System out line 4077
System out line 4078
System out line 4079
System out line 4080
System out line 4081
System out line 4082
System out line 4083
System out line 4084
System out line 4085
System out line 4086
System out line 4087
System out line 4088
System out line 4089
System out line 4090
System out line 4091
System out line 4092
System out line 4093
System out line 4094
System out line 4095
System out line 4096
System out line 4097
System out line 4098
System out line 4099
System out line 4100
System out line 4101
System out line 4102
System out line 4103
System out line 4104
System out line 4105
System out line 4106
System out line 4107
System out line 4108
System out line 4109
System out line 4110
System out line 4111
System out line 4112
System out line 4113
System out line 4114
System out line 4115
System out line 4116
System out line 4117
System out line 4118
System out line 4119
System out line 4120
System out line 4121
System out line 4122
System out line 4123
System out line 4124
System out line 4125
System out line 4126
System out line 4127
System out line 4128
System out line 4129
System out line 4130
System out line 4131
System out line 4132
System out line 4133
System out line 4134
System out line 4135
System out line 4136
System out line 4137
System out line 4138
System out line 4139
System out line 4140
System out line 4141
System out line 4142
System out line 4143
System out line 4144
System out line 4145
System out line 4146
System out line 4147
System out line 4148
System out line 4149
System out line 4150
System out line 4151
System out line 4152
System out line 4153
System out line 4154
System out line 4155
System out line 4156
System out line 4157
System out line 4158
System out line 4159
System out line 4160
System out line 4161
System out line 4162
System out line 4163
System out line 4164
System out line 4165
System out line 4166
System out line 4167
System out line 4168
System out line 4169
System out line 4170
System out line 4171
System out line 4172
System out line 4173
System out line 4174
System out line 4175
System out line 4176
System out line 4177
System out line 4178
System out line 4179
System out line 4180
System out line 4181
System out line 4182
System out line 4183
System out line 4184
System out line 4185
System out line 4186
System out line 4187
System out line 4188
System out line 4189
System out line 4190
System out line 4191
System out line 4192
System out line 4193
System out line 4194
System out line 4195
System out line 4196
System out line 4197
System out line 4198
System out line 4199
System out line 4200
System out line 4201
System out line 4202
System out line 4203
System out line 4204
System out line 4205
System out line 4206
System out line 4207
System out line 4208
System out line 4209
System out line 4210
System out line 4211
System out line 4212
System out line 4213
System out line 4214
System out line 4215
System out line 4216
System out line 4217
System out line 4218
System out line 4219
System out line 4220
System out line 4221
System out line 4222
System out line 4223
System out line 4224
System out line 4225
System out line 4226
System out line 4227
System out line 4228
System out line 4229
System out line 4230
System out line 4231
System out line 4232
System out line 4233
System out line 4234
System out line 4235
System out line 4236
System out line 4237
System out line 4238
System out line 4239
System out line 4240
System out line 4241
System out line 4242
System out line 4243
System out line 4244
System out line 4245
System out line 4246
System out line 4247
System out line 4248
System out line 4249
System out line 4250
System out line 4251
System out line 4252
System out line 4253
System out line 4254
System out line 4255
System out line 4256
System out line 4257
System out line 4258
System out line 4259
System out line 4260
System out line 4261
System out line 4262
System out line 4263
System out line 4264
System out line 4265
System out line 4266
System out line 4267
System out line 4268
System out line 4269
System out line 4270
System out line 4271
System out line 4272
System out line 4273
System out line 4274
System out line 4275
System out line 4276
System out line 4277
System out line 4278
System out line 4279
System out line 4280
System out line 4281
System out line 4282
System out line 4283
System out line 4284
System out line 4285
System out line 4286
System out line 4287
System out line 4288
System out line 4289
System out line 4290
System out line 4291
System out line 4292
System out line 4293
System out line 4294
System out line 4295
System out line 4296
System out line 4297
System out line 4298
System out line 4299
System out line 4300
System out line 4301
System out line 4302
System out line 4303
System out line 4304
System out line 4305
System out line 4306
System out line 4307
System out line 4308
System out line 4309
System out line 4310
System out line 4311
System out line 4312
System out line 4313
System out line 4314
System out line 4315
System out line 4316
System out line 4317
System out line 4318
System out line 4319
System out line 4320
System out line 4321
System out line 4322
System out line 4323
System out line 4324
System out line 4325
System out line 4326
System out line 4327
System out line 4328
System out line 4329
System out line 4330
System out line 4331
System out line 4332
System out line 4333
System out line 4334
System out line 4335
System out line 4336
System out line 4337
System out line 4338
System out line 4339
System out line 4340
System out line 4341
System out line 4342
System out line 4343
System out line 4344
System out line 4345
System out line 4346
System out line 4347
System out line 4348
System out line 4349
System out line 4350
System out line 4351
System out line 4352
System out line 4353
System out line 4354
System out line 4355
System out line 4356
System out line 4357
System out line 4358
System out line 4359
System out line 4360
System out line 4361
System out line 4362
System out line 4363
System out line 4364
System out line 4365
System out line 4366
System out line 4367
System out line 4368
System out line 4369
System out line 4370
System out line 4371
System out line 4372
System out line 4373
System out line 4374
System out line 4375
System out line 4376
System out line 4377
System out line 4378
System out line 4379
System out line 4380
System out line 4381
System out line 4382
System out line 4383
System out line 4384
System out line 4385
System out line 4386
System out line 4387
System out line 4388
System out line 4389
System out line 4390
System out line 4391
System out line 4392
System out line 4393
System out line 4394
System out line 4395
System out line 4396
System out line 4397
System out line 4398
System out line 4399
System out line 4400
System out line 4401
System out line 4402
System out line 4403
System out line 4404
System out line 4405
System out line 4406
System out line 4407
System out line 4408
System out line 4409
System out line 4410
System out line 4411
System out line 4412
System out line 4413
System out line 4414
System out line 4415
System out line 4416
System out line 4417
System out line 4418
System out line 4419
System out line 4420
System out line 4421
System out line 4422
System out line 4423
System out line 4424
System out line 4425
System out line 4426
System out line 4427
System out line 4428
System out line 4429
System out line 4430
System out line 4431
System out line 4432
System out line 4433
System out line 4434
System out line 4435
System out line 4436
System out line 4437
System out line 4438
System out line 4439
System out line 4440
System out line 4441
System out line 4442
System out line 4443
System out line 4444
System out line 4445
System out line 4446
System out line 4447
System out line 4448
System out line 4449
System out line 4450
System out line 4451
System out line 4452
System out line 4453
System out line 4454
System out line 4455
System out line 4456
System out line 4457
System out line 4458
System out line 4459
System out line 4460
System out line 4461
System out line 4462
System out line 4463
System out line 4464
System out line 4465
System out line 4466
System out line 4467
System out line 4468
System out line 4469
System out line 4470
System out line 4471
System out line 4472
System out line 4473
System out line 4474
System out line 4475
System out line 4476
System out line 4477
System out line 4478
System out line 4479
System out line 4480
System out line 4481
System out line 4482
System out line 4483
System out line 4484
System out line 4485
System out line 4486
System out line 4487
System out line 4488
System out line 4489
System out line 4490
System out line 4491
System out line 4492
System out line 4493
System out line 4494
System out line 4495
System out line 4496
System out line 4497
System out line 4498
System out line 4499
System out line 4500
System out line 4501
System out line 4502
System out line 4503
System out line 4504
System out line 4505
System out line 4506
System out line 4507
System out line 4508
System out line 4509
System out line 4510
System out line 4511
System out line 4512
System out line 4513
System out line 4514
System out line 4515
System out line 4516
System out line 4517
System out line 4518
System out line 4519
System out line 4520
System out line 4521
System out line 4522
System out line 4523
System out line 4524
System out line 4525
System out line 4526
System out line 4527
System out line 4528
System out line 4529
System out line 4530
System out line 4531
System out line 4532
System out line 4533
System out line 4534
System out line 4535
System out line 4536
System out line 4537
System out line 4538
System out line 4539
System out line 4540
System out line 4541
System out line 4542
System out line 4543
System out line 4544
System out line 4545
System out line 4546
System out line 4547
System out line 4548
System out line 4549
System out line 4550
System out line 4551
System out line 4552
System out line 4553
System out line 4554
System out line 4555
System out line 4556
System out line 4557
System out line 4558
System out line 4559
System out line 4560
System out line 4561
System out line 4562
System out line 4563
System out line 4564
System out line 4565
System out line 4566
System out line 4567
System out line 4568
System out line 4569
System out line 4570
System out line 4571
System out line 4572
System out line 4573
System out line 4574
System out line 4575
System out line 4576
System out line 4577
System out line 4578
System out line 4579
System out line 4580
System out line 4581
System out line 4582
System out line 4583
System out line 4584
System out line 4585
System out line 4586
System out line 4587
System out line 4588
System out line 4589
System out line 4590
System out line 4591
System out line 4592
System out line 4593
System out line 4594
System out line 4595
System out line 4596
System out line 4597
System out line 4598
System out line 4599
System out line 4600
System out line 4601
System out line 4602
System out line 4603
System out line 4604
System out line 4605
System out line 4606
System out line 4607
System out line 4608
System out line 4609
System out line 4610
System out line 4611
System out line 4612
System out line 4613
System out line 4614
System out line 4615
System out line 4616
System out line 4617
System out line 4618
System out line 4619
System out line 4620
System out line 4621
System out line 4622
System out line 4623
System out line 4624
System out line 4625
System out line 4626
System out line 4627
System out line 4628
System out line 4629
System out line 4630
System out line 4631
System out line 4632
System out line 4633
System out line 4634
System out line 4635
System out line 4636
System out line 4637
System out line 4638
System out line 4639
System out line 4640
System out line 4641
System out line 4642
System out line 4643
System out line 4644
System out line 4645
System out line 4646
System out line 4647
System out line 4648
System out line 4649
System out line 4650
System out line 4651
System out line 4652
System out line 4653
System out line 4654
System out line 4655
System out line 4656
System out line 4657
System out line 4658
System out line 4659
System out line 4660
System out line 4661
System out line 4662
System out line 4663
System out line 4664
System out line 4665
System out line 4666
System out line 4667
System out line 4668
System out line 4669
System out line 4670
System out line 4671
System out line 4672
System out line 4673
System out line 4674
System out line 4675
System out line 4676
System out line 4677
System out line 4678
System out line 4679
System out line 4680
System out line 4681
System out line 4682
System out line 4683
System out line 4684
System out line 4685
System out line 4686
System out line 4687
System out line 4688
System out line 4689
System out line 4690
System out line 4691
System out line 4692
System out line 4693
System out line 4694
System out line 4695
System out line 4696
System out line 4697
System out line 4698
System out line 4699
System out line 4700
System out line 4701
System out line 4702
System out line 4703
System out line 4704
System out line 4705
System out line 4706
System out line 4707
System out line 4708
System out line 4709
System out line 4710
System out line 4711
System out line 4712
System out line 4713
System out line 4714
System out line 4715
System out line 4716
System out line 4717
System out line 4718
System out line 4719
System out line 4720
System out line 4721
System out line 4722
System out line 4723
System out line 4724
System out line 4725
System out line 4726
System out line 4727
System out line 4728
System out line 4729
System out line 4730
System out line 4731
System out line 4732
System out line 4733
System out line 4734
System out line 4735
System out line 4736
System out line 4737
System out line 4738
System out line 4739
System out line 4740
System out line 4741
System out line 4742
System out line 4743
System out line 4744
System out line 4745
System out line 4746
System out line 4747
System out line 4748
System out line 4749
System out line 4750
System out line 4751
System out line 4752
System out line 4753
System out line 4754
System out line 4755
System out line 4756
System out line 4757
System out line 4758
System out line 4759
System out line 4760
System out line 4761
System out line 4762
System out line 4763
System out line 4764
System out line 4765
System out line 4766
System out line 4767
System out line 4768
System out line 4769
System out line 4770
System out line 4771
System out line 4772
System out line 4773
System out line 4774
System out line 4775
System out line 4776
System out line 4777
System out line 4778
System out line 4779
System out line 4780
System out line 4781
System out line 4782
System out line 4783
System out line 4784
System out line 4785
System out line 4786
System out line 4787
System out line 4788
System out line 4789
System out line 4790
System out line 4791
System out line 4792
System out line 4793
System out line 4794
System out line 4795
System out line 4796
System out line 4797
System out line 4798
System out line 4799
System out line 4800
System out line 4801
System out line 4802
System out line 4803
System out line 4804
System out line 4805
System out line 4806
System out line 4807
System out line 4808
System out line 4809
System out line 4810
System out line 4811
System out line 4812
System out line 4813
System out line 4814
System out line 4815
System out line 4816
System out line 4817
System out line 4818
System out line 4819
System out line 4820
System out line 4821
System out line 4822
System out line 4823
System out line 4824
System out line 4825
System out line 4826
System out line 4827
System out line 4828
System out line 4829
System out line 4830
System out line 4831
System out line 4832
System out line 4833
System out line 4834
System out line 4835
System out line 4836
System out line 4837
System out line 4838
System out line 4839
System out line 4840
System out line 4841
System out line 4842
System out line 4843
System out line 4844
System out line 4845
System out line 4846
System out line 4847
System out line 4848
System out line 4849
System out line 4850
System out line 4851
System out line 4852
System out line 4853
System out line 4854
System out line 4855
System out line 4856
System out line 4857
System out line 4858
System out line 4859
System out line 4860
System out line 4861
System out line 4862
System out line 4863
System out line 4864
System out line 4865
System out line 4866
System out line 4867
System out line 4868
System out line 4869
System out line 4870
System out line 4871
System out line 4872
System out line 4873
System out line 4874
System out line 4875
System out line 4876
System out line 4877
System out line 4878
System out line 4879
System out line 4880
System out line 4881
System out line 4882
System out line 4883
System out line 4884
System out line 4885
System out line 4886
System out line 4887
System out line 4888
System out line 4889
System out line 4890
System out line 4891
System out line 4892
System out line 4893
System out line 4894
System out line 4895
System out line 4896
System out line 4897
System out line 4898
System out line 4899
System out line 4900
System out line 4901
System out line 4902
System out line 4903
System out line 4904
System out line 4905
System out line 4906
System out line 4907
System out line 4908
System out line 4909
System out line 4910
System out line 4911
System out line 4912
System out line 4913
System out line 4914
System out line 4915
System out line 4916
System out line 4917
System out line 4918
System out line 4919
System out line 4920
System out line 4921
System out line 4922
System out line 4923
System out line 4924
System out line 4925
System out line 4926
System out line 4927
System out line 4928
System out line 4929
System out line 4930
System out line 4931
System out line 4932
System out line 4933
System out line 4934
System out line 4935
System out line 4936
System out line 4937
System out line 4938
System out line 4939
System out line 4940
System out line 4941
System out line 4942
System out line 4943
System out line 4944
System out line 4945
System out line 4946
System out line 4947
System out line 4948
System out line 4949
System out line 4950
System out line 4951
System out line 4952
System out line 4953
System out line 4954
System out line 4955
System out line 4956
System out line 4957
System out line 4958
System out line 4959
System out line 4960
System out line 4961
System out line 4962
System out line 4963
System out line 4964
System out line 4965
System out line 4966
System out line 4967
System out line 4968
System out line 4969
System out line 4970
System out line 4971
System out line 4972
System out line 4973
System out line 4974
System out line 4975
System out line 4976
System out line 4977
System out line 4978
System out line 4979
System out line 4980
System out line 4981
System out line 4982
System out line 4983
System out line 4984
System out line 4985
System out line 4986
System out line 4987
System out line 4988
System out line 4989
System out line 4990
System out line 4991
System out line 4992
System out line 4993
System out line 4994
System out line 4995
System out line 4996
System out line 4997
System out line 4998
System out line 4999
]]></system-out>
  <system-err><![CDATA[System err line 0
System err line 1
System err line 2
System err line 3
System err line 4
System err line 5
System err line 6
System err line 7
System err line 8
System err line 9
System err line 10
System err line 11
System err line 12
System err line 13
System err line 14
System err line 15
System err line 16
System err line 17
System err line 18
System err line 19
System err line 20
System err line 21
System err line 22
System err line 23
System err line 24
System err line 25
System err line 26
System err line 27
System err line 28
System err line 29
System err line 30
System err line 31
System err line 32
System err line 33
System err line 34
System err line 35
System err line 36
System err line 37
System err line 38
System err line 39
System err line 40
System err line 41
System err line 42
System err line 43
System err line 44
System err line 45
System err line 46
System err line 47
System err line 48
System err line 49
System err line 50
System err line 51
System err line 52
System err line 53
System err line 54
System err line 55
System err line 56
System err line 57
System err line 58
System err line 59
System err line 60
System err line 61
System err line 62
System err line 63
System err line 64
System err line 65
System err line 66
System err line 67
System err line 68
System err line 69
System err line 70
System err line 71
System err line 72
System err line 73
System err line 74
System err line 75
System err line 76
System err line 77
System err line 78
System err line 79
System err line 80
System err line 81
System err line 82
System err line 83
System err line 84
System err line 85
System err line 86
System err line 87
System err line 88
System err line 89
System err line 90
System err line 91
System err line 92
System err line 93
System err line 94
System err line 95
System err line 96
System err line 97
System err line 98
System err line 99
System err line 100
System err line 101
System err line 102
System err line 103
System err line 104
System err line 105
System err line 106
System err line 107
System err line 108
System err line 109
System err line 110
System err line 111
System err line 112
System err line 113
System err line 114
System err line 115
System err line 116
System err line 117
System err line 118
System err line 119
System err line 120
System err line 121
System err line 122
System err line 123
System err line 124
System err line 125
System err line 126
System err line 127
System err line 128
System err line 129
System err line 130
System err line 131
System err line 132
System err line 133
System err line 134
System err line 135
System err line 136
System err line 137
System err line 138
System err line 139
System err line 140
System err line 141
System err line 142
System err line 143
System err line 144
System err line 145
System err line 146
System err line 147
System err line 148
System err line 149
System err line 150
System err line 151
System err line 152
System err line 153
System err line 154
System err line 155
System err line 156
System err line 157
System err line 158
System err line 159
System err line 160
System err line 161
System err line 162
System err line 163
System err line 164
System err line 165
System err line 166
System err line 167
System err line 168
System err line 169
System err line 170
System err line 171
System err line 172
System err line 173
System err line 174
System err line 175
System err line 176
System err line 177
System err line 178
System err line 179
System err line 180
System err line 181
System err line 182
System err line 183
System err line 184
System err line 185
System err line 186
System err line 187
System err line 188
System err line 189
System err line 190
System err line 191
System err line 192
System err line 193
System err line 194
System err line 195
System err line 196
System err line 197
System err line 198
System err line 199
System err line 200
System err line 201
System err line 202
System err line 203
System err line 204
System err line 205
System err line 206
System err line 207
System err line 208
System err line 209
System err line 210
System err line 211
System err line 212
System err line 213
System err line 214
System err line 215
System err line 216
System err line 217
System err line 218
System err line 219
System err line 220
System err line 221
System err line 222
System err line 223
System err line 224
System err line 225
System err line 226
System err line 227
System err line 228
System err line 229
System err line 230
System err line 231
System err line 232
System err line 233
System err line 234
System err line 235
System err line 236
System err line 237
System err line 238
System err line 239
System err line 240
System err line 241
System err line 242
System err line 243
System err line 244
System err line 245
System err line 246
System err line 247
System err line 248
System err line 249
System err line 250
System err line 251
System err line 252
System err line 253
System err line 254
System err line 255
System err line 256
System err line 257
System err line 258
System err line 259
System err line 260
System err line 261
System err line 262
System err line 263
System err line 264
System err line 265
System err line 266
System err line 267
System err line 268
System err line 269
System err line 270
System err line 271
System err line 272
System err line 273
System err line 274
System err line 275
System err line 276
System err line 277
System err line 278
System err line 279
System err line 280
System err line 281
System err line 282
System err line 283
System err line 284
System err line 285
System err line 286
System err line 287
System err line 288
System err line 289
System err line 290
System err line 291
System err line 292
System err line 293
System err line 294
System err line 295
System err line 296
System err line 297
System err line 298
System err line 299
System err line 300
System err line 301
System err line 302
System err line 303
System err line 304
System err line 305
System err line 306
System err line 307
System err line 308
System err line 309
System err line 310
System err line 311
System err line 312
System err line 313
System err line 314
System err line 315
System err line 316
System err line 317
System err line 318
System err line 319
System err line 320
System err line 321
System err line 322
System err line 323
System err line 324
System err line 325
System err line 326
System err line 327
System err line 328
System err line 329
System err line 330
System err line 331
System err line 332
System err line 333
System err line 334
System err line 335
System err line 336
System err line 337
System err line 338
System err line 339
System err line 340
System err line 341
System err line 342
System err line 343
System err line 344
System err line 345
System err line 346
System err line 347
System err line 348
System err line 349
System err line 350
System err line 351
System err line 352
System err line 353
System err line 354
System err line 355
System err line 356
System err line 357
System err line 358
System err line 359
System err line 360
System err line 361
System err line 362
System err line 363
System err line 364
System err line 365
System err line 366
System err line 367
System err line 368
System err line 369
System err line 370
System err line 371
System err line 372
System err line 373
System err line 374
System err line 375
System err line 376
System err line 377
System err line 378
System err line 379
System err line 380
System err line 381
System err line 382
System err line 383
System err line 384
System err line 385
System err line 386
System err line 387
System err line 388
System err line 389
System err line 390
System err line 391
System err line 392
System err line 393
System err line 394
System err line 395
System err line 396
System err line 397
System err line 398
System err line 399
System err line 400
System err line 401
System err line 402
System err line 403
System err line 404
System err line 405
System err line 406
System err line 407
System err line 408
System err line 409
System err line 410
System err line 411
System err line 412
System err line 413
System err line 414
System err line 415
System err line 416
System err line 417
System err line 418
System err line 419
System err line 420
System err line 421
System err line 422
System err line 423
System err line 424
System err line 425
System err line 426
System err line 427
System err line 428
System err line 429
System err line 430
System err line 431
System err line 432
System err line 433
System err line 434
System err line 435
System err line 436
System err line 437
System err line 438
System err line 439
System err line 440
System err line 441
System err line 442
System err line 443
System err line 444
System err line 445
System err line 446
System err line 447
System err line 448
System err line 449
System err line 450
System err line 451
System err line 452
System err line 453
System err line 454
System err line 455
System err line 456
System err line 457
System err line 458
System err line 459
System err line 460
System err line 461
System err line 462
System err line 463
System err line 464
System err line 465
System err line 466
System err line 467
System err line 468
System err line 469
System err line 470
System err line 471
System err line 472
System err line 473
System err line 474
System err line 475
System err line 476
System err line 477
System err line 478
System err line 479
System err line 480
System err line 481
System err line 482
System err line 483
System err line 484
System err line 485
System err line 486
System err line 487
System err line 488
System err line 489
System err line 490
System err line 491
System err line 492
System err line 493
System err line 494
System err line 495
System err line 496
System err line 497
System err line 498
System err line 499
System err line 500
System err line 501
System err line 502
System err line 503
System err line 504
System err line 505
System err line 506
System err line 507
System err line 508
System err line 509
System err line 510
System err line 511
System err line 512
System err line 513
System err line 514
System err line 515
System err line 516
System err line 517
System err line 518
System err line 519
System err line 520
System err line 521
System err line 522
System err line 523
System err line 524
System err line 525
System err line 526
System err line 527
System err line 528
System err line 529
System err line 530
System err line 531
System err line 532
System err line 533
System err line 534
System err line 535
System err line 536
System err line 537
System err line 538
System err line 539
System err line 540
System err line 541
System err line 542
System err line 543
System err line 544
System err line 545
System err line 546
System err line 547
System err line 548
System err line 549
System err line 550
System err line 551
System err line 552
System err line 553
System err line 554
System err line 555
System err line 556
System err line 557
System err line 558
System err line 559
System err line 560
System err line 561
System err line 562
System err line 563
System err line 564
System err line 565
System err line 566
System err line 567
System err line 568
System err line 569
System err line 570
System err line 571
System err line 572
System err line 573
System err line 574
System err line 575
System err line 576
System err line 577
System err line 578
System err line 579
System err line 580
System err line 581
System err line 582
System err line 583
System err line 584
System err line 585
System err line 586
System err line 587
System err line 588
System err line 589
System err line 590
System err line 591
System err line 592
System err line 593
System err line 594
System err line 595
System err line 596
System err line 597
System err line 598
System err line 599
System err line 600
System err line 601
System err line 602
System err line 603
System err line 604
System err line 605
System err line 606
System err line 607
System err line 608
System err line 609
System err line 610
System err line 611
System err line 612
System err line 613
System err line 614
System err line 615
System err line 616
System err line 617
System err line 618
System err line 619
System err line 620
System err line 621
System err line 622
System err line 623
System err line 624
System err line 625
System err line 626
System err line 627
System err line 628
System err line 629
System err line 630
System err line 631
System err line 632
System err line 633
System err line 634
System err line 635
System err line 636
System err line 637
System err line 638
System err line 639
System err line 640
System err line 641
System err line 642
System err line 643
System err line 644
System err line 645
System err line 646
System err line 647
System err line 648
System err line 649
System err line 650
System err line 651
System err line 652
System err line 653
System err line 654
System err line 655
System err line 656
System err line 657
System err line 658
System err line 659
System err line 660
System err line 661
System err line 662
System err line 663
System err line 664
System err line 665
System err line 666
System err line 667
System err line 668
System err line 669
System err line 670
System err line 671
System err line 672
System err line 673
System err line 674
System err line 675
System err line 676
System err line 677
System err line 678
System err line 679
System err line 680
System err line 681
System err line 682
System err line 683
System err line 684
System err line 685
System err line 686
System err line 687
System err line 688
System err line 689
System err line 690
System err line 691
System err line 692
System err line 693
System err line 694
System err line 695
System err line 696
System err line 697
System err line 698
System err line 699
System err line 700
System err line 701
System err line 702
System err line 703
System err line 704
System err line 705
System err line 706
System err line 707
System err line 708
System err line 709
System err line 710
System err line 711
System err line 712
System err line 713
System err line 714
System err line 715
System err line 716
System err line 717
System err line 718
System err line 719
System err line 720
System err line 721
System err line 722
System err line 723
System err line 724
System err line 725
System err line 726
System err line 727
System err line 728
System err line 729
System err line 730
System err line 731
System err line 732
System err line 733
System err line 734
System err line 735
System err line 736
System err line 737
System err line 738
System err line 739
System err line 740
System err line 741
System err line 742
System err line 743
System err line 744
System err line 745
System err line 746
System err line 747
System err line 748
System err line 749
System err line 750
System err line 751
System err line 752
System err line 753
System err line 754
System err line 755
System err line 756
System err line 757
System err line 758
System err line 759
System err line 760
System err line 761
System err line 762
System err line 763
System err line 764
System err line 765
System err line 766
System err line 767
System err line 768
System err line 769
System err line 770
System err line 771
System err line 772
System err line 773
System err line 774
System err line 775
System err line 776
System err line 777
System err line 778
System err line 779
System err line 780
System err line 781
System err line 782
System err line 783
System err line 784
System err line 785
System err line 786
System err line 787
System err line 788
System err line 789
System err line 790
System err line 791
System err line 792
System err line 793
System err line 794
System err line 795
System err line 796
System err line 797
System err line 798
System err line 799
System err line 800
System err line 801
System err line 802
System err line 803
System err line 804
System err line 805
System err line 806
System err line 807
System err line 808
System err line 809
System err line 810
System err line 811
System err line 812
System err line 813
System err line 814
System err line 815
System err line 816
System err line 817
System err line 818
System err line 819
System err line 820
System err line 821
System err line 822
System err line 823
System err line 824
System err line 825
System err line 826
System err line 827
System err line 828
System err line 829
System err line 830
System err line 831
System err line 832
System err line 833
System err line 834
System err line 835
System err line 836
System err line 837
System err line 838
System err line 839
System err line 840
System err line 841
System err line 842
System err line 843
System err line 844
System err line 845
System err line 846
System err line 847
System err line 848
System err line 849
System err line 850
System err line 851
System err line 852
System err line 853
System err line 854
System err line 855
System err line 856
System err line 857
System err line 858
System err line 859
System err line 860
System err line 861
System err line 862
System err line 863
System err line 864
System err line 865
System err line 866
System err line 867
System err line 868
System err line 869
System err line 870
System err line 871
System err line 872
System err line 873
System err line 874
System err line 875
System err line 876
System err line 877
System err line 878
System err line 879
System err line 880
System err line 881
System err line 882
System err line 883
System err line 884
System err line 885
System err line 886
System err line 887
System err line 888
System err line 889
System err line 890
System err line 891
System err line 892
System err line 893
System err line 894
System err line 895
System err line 896
System err line 897
System err line 898
System err line 899
System err line 900
System err line 901
System err line 902
System err line 903
System err line 904
System err line 905
System err line 906
System err line 907
System err line 908
System err line 909
System err line 910
System err line 911
System err line 912
System err line 913
System err line 914
System err line 915
System err line 916
System err line 917
System err line 918
System err line 919
System err line 920
System err line 921
System err line 922
System err line 923
System err line 924
System err line 925
System err line 926
System err line 927
System err line 928
System err line 929
System err line 930
System err line 931
System err line 932
System err line 933
System err line 934
System err line 935
System err line 936
System err line 937
System err line 938
System err line 939
System err line 940
System err line 941
System err line 942
System err line 943
System err line 944
System err line 945
System err line 946
System err line 947
System err line 948
System err line 949
System err line 950
System err line 951
System err line 952
System err line 953
System err line 954
System err line 955
System err line 956
System err line 957
System err line 958
System err line 959
System err line 960
System err line 961
System err line 962
System err line 963
System err line 964
System err line 965
System err line 966
System err line 967
System err line 968
System err line 969
System err line 970
System err line 971
System err line 972
System err line 973
System err line 974
System err line 975
System err line 976
System err line 977
System err line 978
System err line 979
System err line 980
System err line 981
System err line 982
System err line 983
System err line 984
System err line 985
System err line 986
System err line 987
System err line 988
System err line 989
System err line 990
System err line 991
System err line 992
System err line 993
System err line 994
System err line 995
System err line 996
System err line 997
System err line 998
System err line 999
System err line 1000
System err line 1001
System err line 1002
System err line 1003
System err line 1004
System err line 1005
System err line 1006
System err line 1007
System err line 1008
System err line 1009
System err line 1010
System err line 1011
System err line 1012
System err line 1013
System err line 1014
System err line 1015
System err line 1016
System err line 1017
System err line 1018
System err line 1019
System err line 1020
System err line 1021
System err line 1022
System err line 1023
System err line 1024
System err line 1025
System err line 1026
System err line 1027
System err line 1028
System err line 1029
System err line 1030
System err line 1031
System err line 1032
System err line 1033
System err line 1034
System err line 1035
System err line 1036
System err line 1037
System err line 1038
System err line 1039
System err line 1040
System err line 1041
System err line 1042
System err line 1043
System err line 1044
System err line 1045
System err line 1046
System err line 1047
System err line 1048
System err line 1049
System err line 1050
System err line 1051
System err line 1052
System err line 1053
System err line 1054
System err line 1055
System err line 1056
System err line 1057
System err line 1058
System err line 1059
System err line 1060
System err line 1061
System err line 1062
System err line 1063
System err line 1064
System err line 1065
System err line 1066
System err line 1067
System err line 1068
System err line 1069
System err line 1070
System err line 1071
System err line 1072
System err line 1073
System err line 1074
System err line 1075
System err line 1076
System err line 1077
System err line 1078
System err line 1079
System err line 1080
System err line 1081
System err line 1082
System err line 1083
System err line 1084
System err line 1085
System err line 1086
System err line 1087
System err line 1088
System err line 1089
System err line 1090
System err line 1091
System err line 1092
System err line 1093
System err line 1094
System err line 1095
System err line 1096
System err line 1097
System err line 1098
System err line 1099
System err line 1100
System err line 1101
System err line 1102
System err line 1103
System err line 1104
System err line 1105
System err line 1106
System err line 1107
System err line 1108
System err line 1109
System err line 1110
System err line 1111
System err line 1112
System err line 1113
System err line 1114
System err line 1115
System err line 1116
System err line 1117
System err line 1118
System err line 1119
System err line 1120
System err line 1121
System err line 1122
System err line 1123
System err line 1124
System err line 1125
System err line 1126
System err line 1127
System err line 1128
System err line 1129
System err line 1130
System err line 1131
System err line 1132
System err line 1133
System err line 1134
System err line 1135
System err line 1136
System err line 1137
System err line 1138
System err line 1139
System err line 1140
System err line 1141
System err line 1142
System err line 1143
System err line 1144
System err line 1145
System err line 1146
System err line 1147
System err line 1148
System err line 1149
System err line 1150
System err line 1151
System err line 1152
System err line 1153
System err line 1154
System err line 1155
System err line 1156
System err line 1157
System err line 1158
System err line 1159
System err line 1160
System err line 1161
System err line 1162
System err line 1163
System err line 1164
System err line 1165
System err line 1166
System err line 1167
System err line 1168
System err line 1169
System err line 1170
System err line 1171
System err line 1172
System err line 1173
System err line 1174
System err line 1175
System err line 1176
System err line 1177
System err line 1178
System err line 1179
System err line 1180
System err line 1181
System err line 1182
System err line 1183
System err line 1184
System err line 1185
System err line 1186
System err line 1187
System err line 1188
System err line 1189
System err line 1190
System err line 1191
System err line 1192
System err line 1193
System err line 1194
System err line 1195
System err line 1196
System err line 1197
System err line 1198
System err line 1199
System err line 1200
System err line 1201
System err line 1202
System err line 1203
System err line 1204
System err line 1205
System err line 1206
System err line 1207
System err line 1208
System err line 1209
System err line 1210
System err line 1211
System err line 1212
System err line 1213
System err line 1214
System err line 1215
System err line 1216
System err line 1217
System err line 1218
System err line 1219
System err line 1220
System err line 1221
System err line 1222
System err line 1223
System err line 1224
System err line 1225
System err line 1226
System err line 1227
System err line 1228
System err line 1229
System err line 1230
System err line 1231
System err line 1232
System err line 1233
System err line 1234
System err line 1235
System err line 1236
System err line 1237
System err line 1238
System err line 1239
System err line 1240
System err line 1241
System err line 1242
System err line 1243
System err line 1244
System err line 1245
System err line 1246
System err line 1247
System err line 1248
System err line 1249
System err line 1250
System err line 1251
System err line 1252
System err line 1253
System err line 1254
System err line 1255
System err line 1256
System err line 1257
System err line 1258
System err line 1259
System err line 1260
System err line 1261
System err line 1262
System err line 1263
System err line 1264
System err line 1265
System err line 1266
System err line 1267
System err line 1268
System err line 1269
System err line 1270
System err line 1271
System err line 1272
System err line 1273
System err line 1274
System err line 1275
System err line 1276
System err line 1277
System err line 1278
System err line 1279
System err line 1280
System err line 1281
System err line 1282
System err line 1283
System err line 1284
System err line 1285
System err line 1286
System err line 1287
System err line 1288
System err line 1289
System err line 1290
System err line 1291
System err line 1292
System err line 1293
System err line 1294
System err line 1295
System err line 1296
System err line 1297
System err line 1298
System err line 1299
System err line 1300
System err line 1301
System err line 1302
System err line 1303
System err line 1304
System err line 1305
System err line 1306
System err line 1307
System err line 1308
System err line 1309
System err line 1310
System err line 1311
System err line 1312
System err line 1313
System err line 1314
System err line 1315
System err line 1316
System err line 1317
System err line 1318
System err line 1319
System err line 1320
System err line 1321
System err line 1322
System err line 1323
System err line 1324
System err line 1325
System err line 1326
System err line 1327
System err line 1328
System err line 1329
System err line 1330
System err line 1331
System err line 1332
System err line 1333
System err line 1334
System err line 1335
System err line 1336
System err line 1337
System err line 1338
System err line 1339
System err line 1340
System err line 1341
System err line 1342
System err line 1343
System err line 1344
System err line 1345
System err line 1346
System err line 1347
System err line 1348
System err line 1349
System err line 1350
System err line 1351
System err line 1352
System err line 1353
System err line 1354
System err line 1355
System err line 1356
System err line 1357
System err line 1358
System err line 1359
System err line 1360
System err line 1361
System err line 1362
System err line 1363
System err line 1364
System err line 1365
System err line 1366
System err line 1367
System err line 1368
System err line 1369
System err line 1370
System err line 1371
System err line 1372
System err line 1373
System err line 1374
System err line 1375
System err line 1376
System err line 1377
System err line 1378
System err line 1379
System err line 1380
System err line 1381
System err line 1382
System err line 1383
System err line 1384
System err line 1385
System err line 1386
System err line 1387
System err line 1388
System err line 1389
System err line 1390
System err line 1391
System err line 1392
System err line 1393
System err line 1394
System err line 1395
System err line 1396
System err line 1397
System err line 1398
System err line 1399
System err line 1400
System err line 1401
System err line 1402
System err line 1403
System err line 1404
System err line 1405
System err line 1406
System err line 1407
System err line 1408
System err line 1409
System err line 1410
System err line 1411
System err line 1412
System err line 1413
System err line 1414
System err line 1415
System err line 1416
System err line 1417
System err line 1418
System err line 1419
System err line 1420
System err line 1421
System err line 1422
System err line 1423
System err line 1424
System err line 1425
System err line 1426
System err line 1427
System err line 1428
System err line 1429
System err line 1430
System err line 1431
System err line 1432
System err line 1433
System err line 1434
System err line 1435
System err line 1436
System err line 1437
System err line 1438
System err line 1439
System err line 1440
System err line 1441
System err line 1442
System err line 1443
System err line 1444
System err line 1445
System err line 1446
System err line 1447
System err line 1448
System err line 1449
System err line 1450
System err line 1451
System err line 1452
System err line 1453
System err line 1454
System err line 1455
System err line 1456
System err line 1457
System err line 1458
System err line 1459
System err line 1460
System err line 1461
System err line 1462
System err line 1463
System err line 1464
System err line 1465
System err line 1466
System err line 1467
System err line 1468
System err line 1469
System err line 1470
System err line 1471
System err line 1472
System err line 1473
System err line 1474
System err line 1475
System err line 1476
System err line 1477
System err line 1478
System err line 1479
System err line 1480
System err line 1481
System err line 1482
System err line 1483
System err line 1484
System err line 1485
System err line 1486
System err line 1487
System err line 1488
System err line 1489
System err line 1490
System err line 1491
System err line 1492
System err line 1493
System err line 1494
System err line 1495
System err line 1496
System err line 1497
System err line 1498
System err line 1499
System err line 1500
System err line 1501
System err line 1502
System err line 1503
System err line 1504
System err line 1505
System err line 1506
System err line 1507
System err line 1508
System err line 1509
System err line 1510
System err line 1511
System err line 1512
System err line 1513
System err line 1514
System err line 1515
System err line 1516
System err line 1517
System err line 1518
System err line 1519
System err line 1520
System err line 1521
System err line 1522
System err line 1523
System err line 1524
System err line 1525
System err line 1526
System err line 1527
System err line 1528
System err line 1529
System err line 1530
System err line 1531
System err line 1532
System err line 1533
System err line 1534
System err line 1535
System err line 1536
System err line 1537
System err line 1538
System err line 1539
System err line 1540
System err line 1541
System err line 1542
System err line 1543
System err line 1544
System err line 1545
System err line 1546
System err line 1547
System err line 1548
System err line 1549
System err line 1550
System err line 1551
System err line 1552
System err line 1553
System err line 1554
System err line 1555
System err line 1556
System err line 1557
System err line 1558
System err line 1559
System err line 1560
System err line 1561
System err line 1562
System err line 1563
System err line 1564
System err line 1565
System err line 1566
System err line 1567
System err line 1568
System err line 1569
System err line 1570
System err line 1571
System err line 1572
System err line 1573
System err line 1574
System err line 1575
System err line 1576
System err line 1577
System err line 1578
System err line 1579
System err line 1580
System err line 1581
System err line 1582
System err line 1583
System err line 1584
System err line 1585
System err line 1586
System err line 1587
System err line 1588
System err line 1589
System err line 1590
System err line 1591
System err line 1592
System err line 1593
System err line 1594
System err line 1595
System err line 1596
System err line 1597
System err line 1598
System err line 1599
System err line 1600
System err line 1601
System err line 1602
System err line 1603
System err line 1604
System err line 1605
System err line 1606
System err line 1607
System err line 1608
System err line 1609
System err line 1610
System err line 1611
System err line 1612
System err line 1613
System err line 1614
System err line 1615
System err line 1616
System err line 1617
System err line 1618
System err line 1619
System err line 1620
System err line 1621
System err line 1622
System err line 1623
System err line 1624
System err line 1625
System err line 1626
System err line 1627
System err line 1628
System err line 1629
System err line 1630
System err line 1631
System err line 1632
System err line 1633
System err line 1634
System err line 1635
System err line 1636
System err line 1637
System err line 1638
System err line 1639
System err line 1640
System err line 1641
System err line 1642
System err line 1643
System err line 1644
System err line 1645
System err line 1646
System err line 1647
System err line 1648
System err line 1649
System err line 1650
System err line 1651
System err line 1652
System err line 1653
System err line 1654
System err line 1655
System err line 1656
System err line 1657
System err line 1658
System err line 1659
System err line 1660
System err line 1661
System err line 1662
System err line 1663
System err line 1664
System err line 1665
System err line 1666
System err line 1667
System err line 1668
System err line 1669
System err line 1670
System err line 1671
System err line 1672
System err line 1673
System err line 1674
System err line 1675
System err line 1676
System err line 1677
System err line 1678
System err line 1679
System err line 1680
System err line 1681
System err line 1682
System err line 1683
System err line 1684
System err line 1685
System err line 1686
System err line 1687
System err line 1688
System err line 1689
System err line 1690
System err line 1691
System err line 1692
System err line 1693
System err line 1694
System err line 1695
System err line 1696
System err line 1697
System err line 1698
System err line 1699
System err line 1700
System err line 1701
System err line 1702
System err line 1703
System err line 1704
System err line 1705
System err line 1706
System err line 1707
System err line 1708
System err line 1709
System err line 1710
System err line 1711
System err line 1712
System err line 1713
System err line 1714
System err line 1715
System err line 1716
System err line 1717
System err line 1718
System err line 1719
System err line 1720
System err line 1721
System err line 1722
System err line 1723
System err line 1724
System err line 1725
System err line 1726
System err line 1727
System err line 1728
System err line 1729
System err line 1730
System err line 1731
System err line 1732
System err line 1733
System err line 1734
System err line 1735
System err line 1736
System err line 1737
System err line 1738
System err line 1739
System err line 1740
System err line 1741
System err line 1742
System err line 1743
System err line 1744
System err line 1745
System err line 1746
System err line 1747
System err line 1748
System err line 1749
System err line 1750
System err line 1751
System err line 1752
System err line 1753
System err line 1754
System err line 1755
System err line 1756
System err line 1757
System err line 1758
System err line 1759
System err line 1760
System err line 1761
System err line 1762
System err line 1763
System err line 1764
System err line 1765
System err line 1766
System err line 1767
System err line 1768
System err line 1769
System err line 1770
System err line 1771
System err line 1772
System err line 1773
System err line 1774
System err line 1775
System err line 1776
System err line 1777
System err line 1778
System err line 1779
System err line 1780
System err line 1781
System err line 1782
System err line 1783
System err line 1784
System err line 1785
System err line 1786
System err line 1787
System err line 1788
System err line 1789
System err line 1790
System err line 1791
System err line 1792
System err line 1793
System err line 1794
System err line 1795
System err line 1796
System err line 1797
System err line 1798
System err line 1799
System err line 1800
System err line 1801
System err line 1802
System err line 1803
System err line 1804
System err line 1805
System err line 1806
System err line 1807
System err line 1808
System err line 1809
System err line 1810
System err line 1811
System err line 1812
System err line 1813
System err line 1814
System err line 1815
System err line 1816
System err line 1817
System err line 1818
System err line 1819
System err line 1820
System err line 1821
System err line 1822
System err line 1823
System err line 1824
System err line 1825
System err line 1826
System err line 1827
System err line 1828
System err line 1829
System err line 1830
System err line 1831
System err line 1832
System err line 1833
System err line 1834
System err line 1835
System err line 1836
System err line 1837
System err line 1838
System err line 1839
System err line 1840
System err line 1841
System err line 1842
System err line 1843
System err line 1844
System err line 1845
System err line 1846
System err line 1847
System err line 1848
System err line 1849
System err line 1850
System err line 1851
System err line 1852
System err line 1853
System err line 1854
System err line 1855
System err line 1856
System err line 1857
System err line 1858
System err line 1859
System err line 1860
System err line 1861
System err line 1862
System err line 1863
System err line 1864
System err line 1865
System err line 1866
System err line 1867
System err line 1868
System err line 1869
System err line 1870
System err line 1871
System err line 1872
System err line 1873
System err line 1874
System err line 1875
System err line 1876
System err line 1877
System err line 1878
System err line 1879
System err line 1880
System err line 1881
System err line 1882
System err line 1883
System err line 1884
System err line 1885
System err line 1886
System err line 1887
System err line 1888
System err line 1889
System err line 1890
System err line 1891
System err line 1892
System err line 1893
System err line 1894
System err line 1895
System err line 1896
System err line 1897
System err line 1898
System err line 1899
System err line 1900
System err line 1901
System err line 1902
System err line 1903
System err line 1904
System err line 1905
System err line 1906
System err line 1907
System err line 1908
System err line 1909
System err line 1910
System err line 1911
System err line 1912
System err line 1913
System err line 1914
System err line 1915
System err line 1916
System err line 1917
System err line 1918
System err line 1919
System err line 1920
System err line 1921
System err line 1922
System err line 1923
System err line 1924
System err line 1925
System err line 1926
System err line 1927
System err line 1928
System err line 1929
System err line 1930
System err line 1931
System err line 1932
System err line 1933
System err line 1934
System err line 1935
System err line 1936
System err line 1937
System err line 1938
System err line 1939
System err line 1940
System err line 1941
System err line 1942
System err line 1943
System err line 1944
System err line 1945
System err line 1946
System err line 1947
System err line 1948
System err line 1949
System err line 1950
System err line 1951
System err line 1952
System err line 1953
System err line 1954
System err line 1955
System err line 1956
System err line 1957
System err line 1958
System err line 1959
System err line 1960
System err line 1961
System err line 1962
System err line 1963
System err line 1964
System err line 1965
System err line 1966
System err line 1967
System err line 1968
System err line 1969
System err line 1970
System err line 1971
System err line 1972
System err line 1973
System err line 1974
System err line 1975
System err line 1976
System err line 1977
System err line 1978
System err line 1979
System err line 1980
System err line 1981
System err line 1982
System err line 1983
System err line 1984
System err line 1985
System err line 1986
System err line 1987
System err line 1988
System err line 1989
System err line 1990
System err line 1991
System err line 1992
System err line 1993
System err line 1994
System err line 1995
System err line 1996
System err line 1997
System err line 1998
System err line 1999
System err line 2000
System err line 2001
System err line 2002
System err line 2003
System err line 2004
System err line 2005
System err line 2006
System err line 2007
System err line 2008
System err line 2009
System err line 2010
System err line 2011
System err line 2012
System err line 2013
System err line 2014
System err line 2015
System err line 2016
System err line 2017
System err line 2018
System err line 2019
System err line 2020
System err line 2021
System err line 2022
System err line 2023
System err line 2024
System err line 2025
System err line 2026
System err line 2027
System err line 2028
System err line 2029
System err line 2030
System err line 2031
System err line 2032
System err line 2033
System err line 2034
System err line 2035
System err line 2036
System err line 2037
System err line 2038
System err line 2039
System err line 2040
System err line 2041
System err line 2042
System err line 2043
System err line 2044
System err line 2045
System err line 2046
System err line 2047
System err line 2048
System err line 2049
System err line 2050
System err line 2051
System err line 2052
System err line 2053
System err line 2054
System err line 2055
System err line 2056
System err line 2057
System err line 2058
System err line 2059
System err line 2060
System err line 2061
System err line 2062
System err line 2063
System err line 2064
System err line 2065
System err line 2066
System err line 2067
System err line 2068
System err line 2069
System err line 2070
System err line 2071
System err line 2072
System err line 2073
System err line 2074
System err line 2075
System err line 2076
System err line 2077
System err line 2078
System err line 2079
System err line 2080
System err line 2081
System err line 2082
System err line 2083
System err line 2084
System err line 2085
System err line 2086
System err line 2087
System err line 2088
System err line 2089
System err line 2090
System err line 2091
System err line 2092
System err line 2093
System err line 2094
System err line 2095
System err line 2096
System err line 2097
System err line 2098
System err line 2099
System err line 2100
System err line 2101
System err line 2102
System err line 2103
System err line 2104
System err line 2105
System err line 2106
System err line 2107
System err line 2108
System err line 2109
System err line 2110
System err line 2111
System err line 2112
System err line 2113
System err line 2114
System err line 2115
System err line 2116
System err line 2117
System err line 2118
System err line 2119
System err line 2120
System err line 2121
System err line 2122
System err line 2123
System err line 2124
System err line 2125
System err line 2126
System err line 2127
System err line 2128
System err line 2129
System err line 2130
System err line 2131
System err line 2132
System err line 2133
System err line 2134
System err line 2135
System err line 2136
System err line 2137
System err line 2138
System err line 2139
System err line 2140
System err line 2141
System err line 2142
System err line 2143
System err line 2144
System err line 2145
System err line 2146
System err line 2147
System err line 2148
System err line 2149
System err line 2150
System err line 2151
System err line 2152
System err line 2153
System err line 2154
System err line 2155
System err line 2156
System err line 2157
System err line 2158
System err line 2159
System err line 2160
System err line 2161
System err line 2162
System err line 2163
System err line 2164
System err line 2165
System err line 2166
System err line 2167
System err line 2168
System err line 2169
System err line 2170
System err line 2171
System err line 2172
System err line 2173
System err line 2174
System err line 2175
System err line 2176
System err line 2177
System err line 2178
System err line 2179
System err line 2180
System err line 2181
System err line 2182
System err line 2183
System err line 2184
System err line 2185
System err line 2186
System err line 2187
System err line 2188
System err line 2189
System err line 2190
System err line 2191
System err line 2192
System err line 2193
System err line 2194
System err line 2195
System err line 2196
System err line 2197
System err line 2198
System err line 2199
System err line 2200
System err line 2201
System err line 2202
System err line 2203
System err line 2204
System err line 2205
System err line 2206
System err line 2207
System err line 2208
System err line 2209
System err line 2210
System err line 2211
System err line 2212
System err line 2213
System err line 2214
System err line 2215
System err line 2216
System err line 2217
System err line 2218
System err line 2219
System err line 2220
System err line 2221
System err line 2222
System err line 2223
System err line 2224
System err line 2225
System err line 2226
System err line 2227
System err line 2228
System err line 2229
System err line 2230
System err line 2231
System err line 2232
System err line 2233
System err line 2234
System err line 2235
System err line 2236
System err line 2237
System err line 2238
System err line 2239
System err line 2240
System err line 2241
System err line 2242
System err line 2243
System err line 2244
System err line 2245
System err line 2246
System err line 2247
System err line 2248
System err line 2249
System err line 2250
System err line 2251
System err line 2252
System err line 2253
System err line 2254
System err line 2255
System err line 2256
System err line 2257
System err line 2258
System err line 2259
System err line 2260
System err line 2261
System err line 2262
System err line 2263
System err line 2264
System err line 2265
System err line 2266
System err line 2267
System err line 2268
System err line 2269
System err line 2270
System err line 2271
System err line 2272
System err line 2273
System err line 2274
System err line 2275
System err line 2276
System err line 2277
System err line 2278
System err line 2279
System err line 2280
System err line 2281
System err line 2282
System err line 2283
System err line 2284
System err line 2285
System err line 2286
System err line 2287
System err line 2288
System err line 2289
System err line 2290
System err line 2291
System err line 2292
System err line 2293
System err line 2294
System err line 2295
System err line 2296
System err line 2297
System err line 2298
System err line 2299
System err line 2300
System err line 2301
System err line 2302
System err line 2303
System err line 2304
System err line 2305
System err line 2306
System err line 2307
System err line 2308
System err line 2309
System err line 2310
System err line 2311
System err line 2312
System err line 2313
System err line 2314
System err line 2315
System err line 2316
System err line 2317
System err line 2318
System err line 2319
System err line 2320
System err line 2321
System err line 2322
System err line 2323
System err line 2324
System err line 2325
System err line 2326
System err line 2327
System err line 2328
System err line 2329
System err line 2330
System err line 2331
System err line 2332
System err line 2333
System err line 2334
System err line 2335
System err line 2336
System err line 2337
System err line 2338
System err line 2339
System err line 2340
System err line 2341
System err line 2342
System err line 2343
System err line 2344
System err line 2345
System err line 2346
System err line 2347
System err line 2348
System err line 2349
System err line 2350
System err line 2351
System err line 2352
System err line 2353
System err line 2354
System err line 2355
System err line 2356
System err line 2357
System err line 2358
System err line 2359
System err line 2360
System err line 2361
System err line 2362
System err line 2363
System err line 2364
System err line 2365
System err line 2366
System err line 2367
System err line 2368
System err line 2369
System err line 2370
System err line 2371
System err line 2372
System err line 2373
System err line 2374
System err line 2375
System err line 2376
System err line 2377
System err line 2378
System err line 2379
System err line 2380
System err line 2381
System err line 2382
System err line 2383
System err line 2384
System err line 2385
System err line 2386
System err line 2387
System err line 2388
System err line 2389
System err line 2390
System err line 2391
System err line 2392
System err line 2393
System err line 2394
System err line 2395
System err line 2396
System err line 2397
System err line 2398
System err line 2399
System err line 2400
System err line 2401
System err line 2402
System err line 2403
System err line 2404
System err line 2405
System err line 2406
System err line 2407
System err line 2408
System err line 2409
System err line 2410
System err line 2411
System err line 2412
System err line 2413
System err line 2414
System err line 2415
System err line 2416
System err line 2417
System err line 2418
System err line 2419
System err line 2420
System err line 2421
System err line 2422
System err line 2423
System err line 2424
System err line 2425
System err line 2426
System err line 2427
System err line 2428
System err line 2429
System err line 2430
System err line 2431
System err line 2432
System err line 2433
System err line 2434
System err line 2435
System err line 2436
System err line 2437
System err line 2438
System err line 2439
System err line 2440
System err line 2441
System err line 2442
System err line 2443
System err line 2444
System err line 2445
System err line 2446
System err line 2447
System err line 2448
System err line 2449
System err line 2450
System err line 2451
System err line 2452
System err line 2453
System err line 2454
System err line 2455
System err line 2456
System err line 2457
System err line 2458
System err line 2459
System err line 2460
System err line 2461
System err line 2462
System err line 2463
System err line 2464
System err line 2465
System err line 2466
System err line 2467
System err line 2468
System err line 2469
System err line 2470
System err line 2471
System err line 2472
System err line 2473
System err line 2474
System err line 2475
System err line 2476
System err line 2477
System err line 2478
System err line 2479
System err line 2480
System err line 2481
System err line 2482
System err line 2483
System err line 2484
System err line 2485
System err line 2486
System err line 2487
System err line 2488
System err line 2489
System err line 2490
System err line 2491
System err line 2492
System err line 2493
System err line 2494
System err line 2495
System err line 2496
System err line 2497
System err line 2498
System err line 2499
System err line 2500
System err line 2501
System err line 2502
System err line 2503
System err line 2504
System err line 2505
System err line 2506
System err line 2507
System err line 2508
System err line 2509
System err line 2510
System err line 2511
System err line 2512
System err line 2513
System err line 2514
System err line 2515
System err line 2516
System err line 2517
System err line 2518
System err line 2519
System err line 2520
System err line 2521
System err line 2522
System err line 2523
System err line 2524
System err line 2525
System err line 2526
System err line 2527
System err line 2528
System err line 2529
System err line 2530
System err line 2531
System err line 2532
System err line 2533
System err line 2534
System err line 2535
System err line 2536
System err line 2537
System err line 2538
System err line 2539
System err line 2540
System err line 2541
System err line 2542
System err line 2543
System err line 2544
System err line 2545
System err line 2546
System err line 2547
System err line 2548
System err line 2549
System err line 2550
System err line 2551
System err line 2552
System err line 2553
System err line 2554
System err line 2555
System err line 2556
System err line 2557
System err line 2558
System err line 2559
System err line 2560
System err line 2561
System err line 2562
System err line 2563
System err line 2564
System err line 2565
System err line 2566
System err line 2567
System err line 2568
System err line 2569
System err line 2570
System err line 2571
System err line 2572
System err line 2573
System err line 2574
System err line 2575
System err line 2576
System err line 2577
System err line 2578
System err line 2579
System err line 2580
System err line 2581
System err line 2582
System err line 2583
System err line 2584
System err line 2585
System err line 2586
System err line 2587
System err line 2588
System err line 2589
System err line 2590
System err line 2591
System err line 2592
System err line 2593
System err line 2594
System err line 2595
System err line 2596
System err line 2597
System err line 2598
System err line 2599
System err line 2600
System err line 2601
System err line 2602
System err line 2603
System err line 2604
System err line 2605
System err line 2606
System err line 2607
System err line 2608
System err line 2609
System err line 2610
System err line 2611
System err line 2612
System err line 2613
System err line 2614
System err line 2615
System err line 2616
System err line 2617
System err line 2618
System err line 2619
System err line 2620
System err line 2621
System err line 2622
System err line 2623
System err line 2624
System err line 2625
System err line 2626
System err line 2627
System err line 2628
System err line 2629
System err line 2630
System err line 2631
System err line 2632
System err line 2633
System err line 2634
System err line 2635
System err line 2636
System err line 2637
System err line 2638
System err line 2639
System err line 2640
System err line 2641
System err line 2642
System err line 2643
System err line 2644
System err line 2645
System err line 2646
System err line 2647
System err line 2648
System err line 2649
System err line 2650
System err line 2651
System err line 2652
System err line 2653
System err line 2654
System err line 2655
System err line 2656
System err line 2657
System err line 2658
System err line 2659
System err line 2660
System err line 2661
System err line 2662
System err line 2663
System err line 2664
System err line 2665
System err line 2666
System err line 2667
System err line 2668
System err line 2669
System err line 2670
System err line 2671
System err line 2672
System err line 2673
System err line 2674
System err line 2675
System err line 2676
System err line 2677
System err line 2678
System err line 2679
System err line 2680
System err line 2681
System err line 2682
System err line 2683
System err line 2684
System err line 2685
System err line 2686
System err line 2687
System err line 2688
System err line 2689
System err line 2690
System err line 2691
System err line 2692
System err line 2693
System err line 2694
System err line 2695
System err line 2696
System err line 2697
System err line 2698
System err line 2699
System err line 2700
System err line 2701
System err line 2702
System err line 2703
System err line 2704
System err line 2705
System err line 2706
System err line 2707
System err line 2708
System err line 2709
System err line 2710
System err line 2711
System err line 2712
System err line 2713
System err line 2714
System err line 2715
System err line 2716
System err line 2717
System err line 2718
System err line 2719
System err line 2720
System err line 2721
System err line 2722
System err line 2723
System err line 2724
System err line 2725
System err line 2726
System err line 2727
System err line 2728
System err line 2729
System err line 2730
System err line 2731
System err line 2732
System err line 2733
System err line 2734
System err line 2735
System err line 2736
System err line 2737
System err line 2738
System err line 2739
System err line 2740
System err line 2741
System err line 2742
System err line 2743
System err line 2744
System err line 2745
System err line 2746
System err line 2747
System err line 2748
System err line 2749
System err line 2750
System err line 2751
System err line 2752
System err line 2753
System err line 2754
System err line 2755
System err line 2756
System err line 2757
System err line 2758
System err line 2759
System err line 2760
System err line 2761
System err line 2762
System err line 2763
System err line 2764
System err line 2765
System err line 2766
System err line 2767
System err line 2768
System err line 2769
System err line 2770
System err line 2771
System err line 2772
System err line 2773
System err line 2774
System err line 2775
System err line 2776
System err line 2777
System err line 2778
System err line 2779
System err line 2780
System err line 2781
System err line 2782
System err line 2783
System err line 2784
System err line 2785
System err line 2786
System err line 2787
System err line 2788
System err line 2789
System err line 2790
System err line 2791
System err line 2792
System err line 2793
System err line 2794
System err line 2795
System err line 2796
System err line 2797
System err line 2798
System err line 2799
System err line 2800
System err line 2801
System err line 2802
System err line 2803
System err line 2804
System err line 2805
System err line 2806
System err line 2807
System err line 2808
System err line 2809
System err line 2810
System err line 2811
System err line 2812
System err line 2813
System err line 2814
System err line 2815
System err line 2816
System err line 2817
System err line 2818
System err line 2819
System err line 2820
System err line 2821
System err line 2822
System err line 2823
System err line 2824
System err line 2825
System err line 2826
System err line 2827
System err line 2828
System err line 2829
System err line 2830
System err line 2831
System err line 2832
System err line 2833
System err line 2834
System err line 2835
System err line 2836
System err line 2837
System err line 2838
System err line 2839
System err line 2840
System err line 2841
System err line 2842
System err line 2843
System err line 2844
System err line 2845
System err line 2846
System err line 2847
System err line 2848
System err line 2849
System err line 2850
System err line 2851
System err line 2852
System err line 2853
System err line 2854
System err line 2855
System err line 2856
System err line 2857
System err line 2858
System err line 2859
System err line 2860
System err line 2861
System err line 2862
System err line 2863
System err line 2864
System err line 2865
System err line 2866
System err line 2867
System err line 2868
System err line 2869
System err line 2870
System err line 2871
System err line 2872
System err line 2873
System err line 2874
System err line 2875
System err line 2876
System err line 2877
System err line 2878
System err line 2879
System err line 2880
System err line 2881
System err line 2882
System err line 2883
System err line 2884
System err line 2885
System err line 2886
System err line 2887
System err line 2888
System err line 2889
System err line 2890
System err line 2891
System err line 2892
System err line 2893
System err line 2894
System err line 2895
System err line 2896
System err line 2897
System err line 2898
System err line 2899
System err line 2900
System err line 2901
System err line 2902
System err line 2903
System err line 2904
System err line 2905
System err line 2906
System err line 2907
System err line 2908
System err line 2909
System err line 2910
System err line 2911
System err line 2912
System err line 2913
System err line 2914
System err line 2915
System err line 2916
System err line 2917
System err line 2918
System err line 2919
System err line 2920
System err line 2921
System err line 2922
System err line 2923
System err line 2924
System err line 2925
System err line 2926
System err line 2927
System err line 2928
System err line 2929
System err line 2930
System err line 2931
System err line 2932
System err line 2933
System err line 2934
System err line 2935
System err line 2936
System err line 2937
System err line 2938
System err line 2939
System err line 2940
System err line 2941
System err line 2942
System err line 2943
System err line 2944
System err line 2945
System err line 2946
System err line 2947
System err line 2948
System err line 2949
System err line 2950
System err line 2951
System err line 2952
System err line 2953
System err line 2954
System err line 2955
System err line 2956
System err line 2957
System err line 2958
System err line 2959
System err line 2960
System err line 2961
System err line 2962
System err line 2963
System err line 2964
System err line 2965
System err line 2966
System err line 2967
System err line 2968
System err line 2969
System err line 2970
System err line 2971
System err line 2972
System err line 2973
System err line 2974
System err line 2975
System err line 2976
System err line 2977
System err line 2978
System err line 2979
System err line 2980
System err line 2981
System err line 2982
System err line 2983
System err line 2984
System err line 2985
System err line 2986
System err line 2987
System err line 2988
System err line 2989
System err line 2990
System err line 2991
System err line 2992
System err line 2993
System err line 2994
System err line 2995
System err line 2996
System err line 2997
System err line 2998
System err line 2999
System err line 3000
System err line 3001
System err line 3002
System err line 3003
System err line 3004
System err line 3005
System err line 3006
System err line 3007
System err line 3008
System err line 3009
System err line 3010
System err line 3011
System err line 3012
System err line 3013
System err line 3014
System err line 3015
System err line 3016
System err line 3017
System err line 3018
System err line 3019
System err line 3020
System err line 3021
System err line 3022
System err line 3023
System err line 3024
System err line 3025
System err line 3026
System err line 3027
System err line 3028
System err line 3029
System err line 3030
System err line 3031
System err line 3032
System err line 3033
System err line 3034
System err line 3035
System err line 3036
System err line 3037
System err line 3038
System err line 3039
System err line 3040
System err line 3041
System err line 3042
System err line 3043
System err line 3044
System err line 3045
System err line 3046
System err line 3047
System err line 3048
System err line 3049
System err line 3050
System err line 3051
System err line 3052
System err line 3053
System err line 3054
System err line 3055
System err line 3056
System err line 3057
System err line 3058
System err line 3059
System err line 3060
System err line 3061
System err line 3062
System err line 3063
System err line 3064
System err line 3065
System err line 3066
System err line 3067
System err line 3068
System err line 3069
System err line 3070
System err line 3071
System err line 3072
System err line 3073
System err line 3074
System err line 3075
System err line 3076
System err line 3077
System err line 3078
System err line 3079
System err line 3080
System err line 3081
System err line 3082
System err line 3083
System err line 3084
System err line 3085
System err line 3086
System err line 3087
System err line 3088
System err line 3089
System err line 3090
System err line 3091
System err line 3092
System err line 3093
System err line 3094
System err line 3095
System err line 3096
System err line 3097
System err line 3098
System err line 3099
System err line 3100
System err line 3101
System err line 3102
System err line 3103
System err line 3104
System err line 3105
System err line 3106
System err line 3107
System err line 3108
System err line 3109
System err line 3110
System err line 3111
System err line 3112
System err line 3113
System err line 3114
System err line 3115
System err line 3116
System err line 3117
System err line 3118
System err line 3119
System err line 3120
System err line 3121
System err line 3122
System err line 3123
System err line 3124
System err line 3125
System err line 3126
System err line 3127
System err line 3128
System err line 3129
System err line 3130
System err line 3131
System err line 3132
System err line 3133
System err line 3134
System err line 3135
System err line 3136
System err line 3137
System err line 3138
System err line 3139
System err line 3140
System err line 3141
System err line 3142
System err line 3143
System err line 3144
System err line 3145
System err line 3146
System err line 3147
System err line 3148
System err line 3149
System err line 3150
System err line 3151
System err line 3152
System err line 3153
System err line 3154
System err line 3155
System err line 3156
System err line 3157
System err line 3158
System err line 3159
System err line 3160
System err line 3161
System err line 3162
System err line 3163
System err line 3164
System err line 3165
System err line 3166
System err line 3167
System err line 3168
System err line 3169
System err line 3170
System err line 3171
System err line 3172
System err line 3173
System err line 3174
System err line 3175
System err line 3176
System err line 3177
System err line 3178
System err line 3179
System err line 3180
System err line 3181
System err line 3182
System err line 3183
System err line 3184
System err line 3185
System err line 3186
System err line 3187
System err line 3188
System err line 3189
System err line 3190
System err line 3191
System err line 3192
System err line 3193
System err line 3194
System err line 3195
System err line 3196
System err line 3197
System err line 3198
System err line 3199
System err line 3200
System err line 3201
System err line 3202
System err line 3203
System err line 3204
System err line 3205
System err line 3206
System err line 3207
System err line 3208
System err line 3209
System err line 3210
System err line 3211
System err line 3212
System err line 3213
System err line 3214
System err line 3215
System err line 3216
System err line 3217
System err line 3218
System err line 3219
System err line 3220
System err line 3221
System err line 3222
System err line 3223
System err line 3224
System err line 3225
System err line 3226
System err line 3227
System err line 3228
System err line 3229
System err line 3230
System err line 3231
System err line 3232
System err line 3233
System err line 3234
System err line 3235
System err line 3236
System err line 3237
System err line 3238
System err line 3239
System err line 3240
System err line 3241
System err line 3242
System err line 3243
System err line 3244
System err line 3245
System err line 3246
System err line 3247
System err line 3248
System err line 3249
System err line 3250
System err line 3251
System err line 3252
System err line 3253
System err line 3254
System err line 3255
System err line 3256
System err line 3257
System err line 3258
System err line 3259
System err line 3260
System err line 3261
System err line 3262
System err line 3263
System err line 3264
System err line 3265
System err line 3266
System err line 3267
System err line 3268
System err line 3269
System err line 3270
System err line 3271
System err line 3272
System err line 3273
System err line 3274
System err line 3275
System err line 3276
System err line 3277
System err line 3278
System err line 3279
System err line 3280
System err line 3281
System err line 3282
System err line 3283
System err line 3284
System err line 3285
System err line 3286
System err line 3287
System err line 3288
System err line 3289
System err line 3290
System err line 3291
System err line 3292
System err line 3293
System err line 3294
System err line 3295
System err line 3296
System err line 3297
System err line 3298
System err line 3299
System err line 3300
System err line 3301
System err line 3302
System err line 3303
System err line 3304
System err line 3305
System err line 3306
System err line 3307
System err line 3308
System err line 3309
System err line 3310
System err line 3311
System err line 3312
System err line 3313
System err line 3314
System err line 3315
System err line 3316
System err line 3317
System err line 3318
System err line 3319
System err line 3320
System err line 3321
System err line 3322
System err line 3323
System err line 3324
System err line 3325
System err line 3326
System err line 3327
System err line 3328
System err line 3329
System err line 3330
System err line 3331
System err line 3332
System err line 3333
System err line 3334
System err line 3335
System err line 3336
System err line 3337
System err line 3338
System err line 3339
System err line 3340
System err line 3341
System err line 3342
System err line 3343
System err line 3344
System err line 3345
System err line 3346
System err line 3347
System err line 3348
System err line 3349
System err line 3350
System err line 3351
System err line 3352
System err line 3353
System err line 3354
System err line 3355
System err line 3356
System err line 3357
System err line 3358
System err line 3359
System err line 3360
System err line 3361
System err line 3362
System err line 3363
System err line 3364
System err line 3365
System err line 3366
System err line 3367
System err line 3368
System err line 3369
System err line 3370
System err line 3371
System err line 3372
System err line 3373
System err line 3374
System err line 3375
System err line 3376
System err line 3377
System err line 3378
System err line 3379
System err line 3380
System err line 3381
System err line 3382
System err line 3383
System err line 3384
System err line 3385
System err line 3386
System err line 3387
System err line 3388
System err line 3389
System err line 3390
System err line 3391
System err line 3392
System err line 3393
System err line 3394
System err line 3395
System err line 3396
System err line 3397
System err line 3398
System err line 3399
System err line 3400
System err line 3401
System err line 3402
System err line 3403
System err line 3404
System err line 3405
System err line 3406
System err line 3407
System err line 3408
System err line 3409
System err line 3410
System err line 3411
System err line 3412
System err line 3413
System err line 3414
System err line 3415
System err line 3416
System err line 3417
System err line 3418
System err line 3419
System err line 3420
System err line 3421
System err line 3422
System err line 3423
System err line 3424
System err line 3425
System err line 3426
System err line 3427
System err line 3428
System err line 3429
System err line 3430
System err line 3431
System err line 3432
System err line 3433
System err line 3434
System err line 3435
System err line 3436
System err line 3437
System err line 3438
System err line 3439
System err line 3440
System err line 3441
System err line 3442
System err line 3443
System err line 3444
System err line 3445
System err line 3446
System err line 3447
System err line 3448
System err line 3449
System err line 3450
System err line 3451
System err line 3452
System err line 3453
System err line 3454
System err line 3455
System err line 3456
System err line 3457
System err line 3458
System err line 3459
System err line 3460
System err line 3461
System err line 3462
System err line 3463
System err line 3464
System err line 3465
System err line 3466
System err line 3467
System err line 3468
System err line 3469
System err line 3470
System err line 3471
System err line 3472
System err line 3473
System err line 3474
System err line 3475
System err line 3476
System err line 3477
System err line 3478
System err line 3479
System err line 3480
System err line 3481
System err line 3482
System err line 3483
System err line 3484
System err line 3485
System err line 3486
System err line 3487
System err line 3488
System err line 3489
System err line 3490
System err line 3491
System err line 3492
System err line 3493
System err line 3494
System err line 3495
System err line 3496
System err line 3497
System err line 3498
System err line 3499
System err line 3500
System err line 3501
System err line 3502
System err line 3503
System err line 3504
System err line 3505
System err line 3506
System err line 3507
System err line 3508
System err line 3509
System err line 3510
System err line 3511
System err line 3512
System err line 3513
System err line 3514
System err line 3515
System err line 3516
System err line 3517
System err line 3518
System err line 3519
System err line 3520
System err line 3521
System err line 3522
System err line 3523
System err line 3524
System err line 3525
System err line 3526
System err line 3527
System err line 3528
System err line 3529
System err line 3530
System err line 3531
System err line 3532
System err line 3533
System err line 3534
System err line 3535
System err line 3536
System err line 3537
System err line 3538
System err line 3539
System err line 3540
System err line 3541
System err line 3542
System err line 3543
System err line 3544
System err line 3545
System err line 3546
System err line 3547
System err line 3548
System err line 3549
System err line 3550
System err line 3551
System err line 3552
System err line 3553
System err line 3554
System err line 3555
System err line 3556
System err line 3557
System err line 3558
System err line 3559
System err line 3560
System err line 3561
System err line 3562
System err line 3563
System err line 3564
System err line 3565
System err line 3566
System err line 3567
System err line 3568
System err line 3569
System err line 3570
System err line 3571
System err line 3572
System err line 3573
System err line 3574
System err line 3575
System err line 3576
System err line 3577
System err line 3578
System err line 3579
System err line 3580
System err line 3581
System err line 3582
System err line 3583
System err line 3584
System err line 3585
System err line 3586
System err line 3587
System err line 3588
System err line 3589
System err line 3590
System err line 3591
System err line 3592
System err line 3593
System err line 3594
System err line 3595
System err line 3596
System err line 3597
System err line 3598
System err line 3599
System err line 3600
System err line 3601
System err line 3602
System err line 3603
System err line 3604
System err line 3605
System err line 3606
System err line 3607
System err line 3608
System err line 3609
System err line 3610
System err line 3611
System err line 3612
System err line 3613
System err line 3614
System err line 3615
System err line 3616
System err line 3617
System err line 3618
System err line 3619
System err line 3620
System err line 3621
System err line 3622
System err line 3623
System err line 3624
System err line 3625
System err line 3626
System err line 3627
System err line 3628
System err line 3629
System err line 3630
System err line 3631
System err line 3632
System err line 3633
System err line 3634
System err line 3635
System err line 3636
System err line 3637
System err line 3638
System err line 3639
System err line 3640
System err line 3641
System err line 3642
System err line 3643
System err line 3644
System err line 3645
System err line 3646
System err line 3647
System err line 3648
System err line 3649
System err line 3650
System err line 3651
System err line 3652
System err line 3653
System err line 3654
System err line 3655
System err line 3656
System err line 3657
System err line 3658
System err line 3659
System err line 3660
System err line 3661
System err line 3662
System err line 3663
System err line 3664
System err line 3665
System err line 3666
System err line 3667
System err line 3668
System err line 3669
System err line 3670
System err line 3671
System err line 3672
System err line 3673
System err line 3674
System err line 3675
System err line 3676
System err line 3677
System err line 3678
System err line 3679
System err line 3680
System err line 3681
System err line 3682
System err line 3683
System err line 3684
System err line 3685
System err line 3686
System err line 3687
System err line 3688
System err line 3689
System err line 3690
System err line 3691
System err line 3692
System err line 3693
System err line 3694
System err line 3695
System err line 3696
System err line 3697
System err line 3698
System err line 3699
System err line 3700
System err line 3701
System err line 3702
System err line 3703
System err line 3704
System err line 3705
System err line 3706
System err line 3707
System err line 3708
System err line 3709
System err line 3710
System err line 3711
System err line 3712
System err line 3713
System err line 3714
System err line 3715
System err line 3716
System err line 3717
System err line 3718
System err line 3719
System err line 3720
System err line 3721
System err line 3722
System err line 3723
System err line 3724
System err line 3725
System err line 3726
System err line 3727
System err line 3728
System err line 3729
System err line 3730
System err line 3731
System err line 3732
System err line 3733
System err line 3734
System err line 3735
System err line 3736
System err line 3737
System err line 3738
System err line 3739
System err line 3740
System err line 3741
System err line 3742
System err line 3743
System err line 3744
System err line 3745
System err line 3746
System err line 3747
System err line 3748
System err line 3749
System err line 3750
System err line 3751
System err line 3752
System err line 3753
System err line 3754
System err line 3755
System err line 3756
System err line 3757
System err line 3758
System err line 3759
System err line 3760
System err line 3761
System err line 3762
System err line 3763
System err line 3764
System err line 3765
System err line 3766
System err line 3767
System err line 3768
System err line 3769
System err line 3770
System err line 3771
System err line 3772
System err line 3773
System err line 3774
System err line 3775
System err line 3776
System err line 3777
System err line 3778
System err line 3779
System err line 3780
System err line 3781
System err line 3782
System err line 3783
System err line 3784
System err line 3785
System err line 3786
System err line 3787
System err line 3788
System err line 3789
System err line 3790
System err line 3791
System err line 3792
System err line 3793
System err line 3794
System err line 3795
System err line 3796
System err line 3797
System err line 3798
System err line 3799
System err line 3800
System err line 3801
System err line 3802
System err line 3803
System err line 3804
System err line 3805
System err line 3806
System err line 3807
System err line 3808
System err line 3809
System err line 3810
System err line 3811
System err line 3812
System err line 3813
System err line 3814
System err line 3815
System err line 3816
System err line 3817
System err line 3818
System err line 3819
System err line 3820
System err line 3821
System err line 3822
System err line 3823
System err line 3824
System err line 3825
System err line 3826
System err line 3827
System err line 3828
System err line 3829
System err line 3830
System err line 3831
System err line 3832
System err line 3833
System err line 3834
System err line 3835
System err line 3836
System err line 3837
System err line 3838
System err line 3839
System err line 3840
System err line 3841
System err line 3842
System err line 3843
System err line 3844
System err line 3845
System err line 3846
System err line 3847
System err line 3848
System err line 3849
System err line 3850
System err line 3851
System err line 3852
System err line 3853
System err line 3854
System err line 3855
System err line 3856
System err line 3857
System err line 3858
System err line 3859
System err line 3860
System err line 3861
System err line 3862
System err line 3863
System err line 3864
System err line 3865
System err line 3866
System err line 3867
System err line 3868
System err line 3869
System err line 3870
System err line 3871
System err line 3872
System err line 3873
System err line 3874
System err line 3875
System err line 3876
System err line 3877
System err line 3878
System err line 3879
System err line 3880
System err line 3881
System err line 3882
System err line 3883
System err line 3884
System err line 3885
System err line 3886
System err line 3887
System err line 3888
System err line 3889
System err line 3890
System err line 3891
System err line 3892
System err line 3893
System err line 3894
System err line 3895
System err line 3896
System err line 3897
System err line 3898
System err line 3899
System err line 3900
System err line 3901
System err line 3902
System err line 3903
System err line 3904
System err line 3905
System err line 3906
System err line 3907
System err line 3908
System err line 3909
System err line 3910
System err line 3911
System err line 3912
System err line 3913
System err line 3914
System err line 3915
System err line 3916
System err line 3917
System err line 3918
System err line 3919
System err line 3920
System err line 3921
System err line 3922
System err line 3923
System err line 3924
System err line 3925
System err line 3926
System err line 3927
System err line 3928
System err line 3929
System err line 3930
System err line 3931
System err line 3932
System err line 3933
System err line 3934
System err line 3935
System err line 3936
System err line 3937
System err line 3938
System err line 3939
System err line 3940
System err line 3941
System err line 3942
System err line 3943
System err line 3944
System err line 3945
System err line 3946
System err line 3947
System err line 3948
System err line 3949
System err line 3950
System err line 3951
System err line 3952
System err line 3953
System err line 3954
System err line 3955
System err line 3956
System err line 3957
System err line 3958
System err line 3959
System err line 3960
System err line 3961
System err line 3962
System err line 3963
System err line 3964
System err line 3965
System err line 3966
System err line 3967
System err line 3968
System err line 3969
System err line 3970
System err line 3971
System err line 3972
System err line 3973
System err line 3974
System err line 3975
System err line 3976
System err line 3977
System err line 3978
System err line 3979
System err line 3980
System err line 3981
System err line 3982
System err line 3983
System err line 3984
System err line 3985
System err line 3986
System err line 3987
System err line 3988
System err line 3989
System err line 3990
System err line 3991
System err line 3992
System err line 3993
System err line 3994
System err line 3995
System err line 3996
System err line 3997
System err line 3998
System err line 3999
System err line 4000
System err line 4001
System err line 4002
System err line 4003
System err line 4004
System err line 4005
System err line 4006
System err line 4007
System err line 4008
System err line 4009
System err line 4010
System err line 4011
System err line 4012
System err line 4013
System err line 4014
System err line 4015
System err line 4016
System err line 4017
System err line 4018
System err line 4019
System err line 4020
System err line 4021
System err line 4022
System err line 4023
System err line 4024
System err line 4025
System err line 4026
System err line 4027
System err line 4028
System err line 4029
System err line 4030
System err line 4031
System err line 4032
System err line 4033
System err line 4034
System err line 4035
System err line 4036
System err line 4037
System err line 4038
System err line 4039
System err line 4040
System err line 4041
System err line 4042
System err line 4043
System err line 4044
System err line 4045
System err line 4046
System err line 4047
System err line 4048
System err line 4049
System err line 4050
System err line 4051
System err line 4052
System err line 4053
System err line 4054
System err line 4055
System err line 4056
System err line 4057
System err line 4058
System err line 4059
System err line 4060
System err line 4061
System err line 4062
System err line 4063
System err line 4064
System err line 4065
System err line 4066
System err line 4067
System err line 4068
System err line 4069
System err line 4070
System err line 4071
System err line 4072
System err line 4073
System err line 4074
System err line 4075
System err line 4076
System err line 4077
System err line 4078
System err line 4079
System err line 4080
System err line 4081
System err line 4082
System err line 4083
System err line 4084
System err line 4085
System err line 4086
System err line 4087
System err line 4088
System err line 4089
System err line 4090
System err line 4091
System err line 4092
System err line 4093
System err line 4094
System err line 4095
System err line 4096
System err line 4097
System err line 4098
System err line 4099
System err line 4100
System err line 4101
System err line 4102
System err line 4103
System err line 4104
System err line 4105
System err line 4106
System err line 4107
System err line 4108
System err line 4109
System err line 4110
System err line 4111
System err line 4112
System err line 4113
System err line 4114
System err line 4115
System err line 4116
System err line 4117
System err line 4118
System err line 4119
System err line 4120
System err line 4121
System err line 4122
System err line 4123
System err line 4124
System err line 4125
System err line 4126
System err line 4127
System err line 4128
System err line 4129
System err line 4130
System err line 4131
System err line 4132
System err line 4133
System err line 4134
System err line 4135
System err line 4136
System err line 4137
System err line 4138
System err line 4139
System err line 4140
System err line 4141
System err line 4142
System err line 4143
System err line 4144
System err line 4145
System err line 4146
System err line 4147
System err line 4148
System err line 4149
System err line 4150
System err line 4151
System err line 4152
System err line 4153
System err line 4154
System err line 4155
System err line 4156
System err line 4157
System err line 4158
System err line 4159
System err line 4160
System err line 4161
System err line 4162
System err line 4163
System err line 4164
System err line 4165
System err line 4166
System err line 4167
System err line 4168
System err line 4169
System err line 4170
System err line 4171
System err line 4172
System err line 4173
System err line 4174
System err line 4175
System err line 4176
System err line 4177
System err line 4178
System err line 4179
System err line 4180
System err line 4181
System err line 4182
System err line 4183
System err line 4184
System err line 4185
System err line 4186
System err line 4187
System err line 4188
System err line 4189
System err line 4190
System err line 4191
System err line 4192
System err line 4193
System err line 4194
System err line 4195
System err line 4196
System err line 4197
System err line 4198
System err line 4199
System err line 4200
System err line 4201
System err line 4202
System err line 4203
System err line 4204
System err line 4205
System err line 4206
System err line 4207
System err line 4208
System err line 4209
System err line 4210
System err line 4211
System err line 4212
System err line 4213
System err line 4214
System err line 4215
System err line 4216
System err line 4217
System err line 4218
System err line 4219
System err line 4220
System err line 4221
System err line 4222
System err line 4223
System err line 4224
System err line 4225
System err line 4226
System err line 4227
System err line 4228
System err line 4229
System err line 4230
System err line 4231
System err line 4232
System err line 4233
System err line 4234
System err line 4235
System err line 4236
System err line 4237
System err line 4238
System err line 4239
System err line 4240
System err line 4241
System err line 4242
System err line 4243
System err line 4244
System err line 4245
System err line 4246
System err line 4247
System err line 4248
System err line 4249
System err line 4250
System err line 4251
System err line 4252
System err line 4253
System err line 4254
System err line 4255
System err line 4256
System err line 4257
System err line 4258
System err line 4259
System err line 4260
System err line 4261
System err line 4262
System err line 4263
System err line 4264
System err line 4265
System err line 4266
System err line 4267
System err line 4268
System err line 4269
System err line 4270
System err line 4271
System err line 4272
System err line 4273
System err line 4274
System err line 4275
System err line 4276
System err line 4277
System err line 4278
System err line 4279
System err line 4280
System err line 4281
System err line 4282
System err line 4283
System err line 4284
System err line 4285
System err line 4286
System err line 4287
System err line 4288
System err line 4289
System err line 4290
System err line 4291
System err line 4292
System err line 4293
System err line 4294
System err line 4295
System err line 4296
System err line 4297
System err line 4298
System err line 4299
System err line 4300
System err line 4301
System err line 4302
System err line 4303
System err line 4304
System err line 4305
System err line 4306
System err line 4307
System err line 4308
System err line 4309
System err line 4310
System err line 4311
System err line 4312
System err line 4313
System err line 4314
System err line 4315
System err line 4316
System err line 4317
System err line 4318
System err line 4319
System err line 4320
System err line 4321
System err line 4322
System err line 4323
System err line 4324
System err line 4325
System err line 4326
System err line 4327
System err line 4328
System err line 4329
System err line 4330
System err line 4331
System err line 4332
System err line 4333
System err line 4334
System err line 4335
System err line 4336
System err line 4337
System err line 4338
System err line 4339
System err line 4340
System err line 4341
System err line 4342
System err line 4343
System err line 4344
System err line 4345
System err line 4346
System err line 4347
System err line 4348
System err line 4349
System err line 4350
System err line 4351
System err line 4352
System err line 4353
System err line 4354
System err line 4355
System err line 4356
System err line 4357
System err line 4358
System err line 4359
System err line 4360
System err line 4361
System err line 4362
System err line 4363
System err line 4364
System err line 4365
System err line 4366
System err line 4367
System err line 4368
System err line 4369
System err line 4370
System err line 4371
System err line 4372
System err line 4373
System err line 4374
System err line 4375
System err line 4376
System err line 4377
System err line 4378
System err line 4379
System err line 4380
System err line 4381
System err line 4382
System err line 4383
System err line 4384
System err line 4385
System err line 4386
System err line 4387
System err line 4388
System err line 4389
System err line 4390
System err line 4391
System err line 4392
System err line 4393
System err line 4394
System err line 4395
System err line 4396
System err line 4397
System err line 4398
System err line 4399
System err line 4400
System err line 4401
System err line 4402
System err line 4403
System err line 4404
System err line 4405
System err line 4406
System err line 4407
System err line 4408
System err line 4409
System err line 4410
System err line 4411
System err line 4412
System err line 4413
System err line 4414
System err line 4415
System err line 4416
System err line 4417
System err line 4418
System err line 4419
System err line 4420
System err line 4421
System err line 4422
System err line 4423
System err line 4424
System err line 4425
System err line 4426
System err line 4427
System err line 4428
System err line 4429
System err line 4430
System err line 4431
System err line 4432
System err line 4433
System err line 4434
System err line 4435
System err line 4436
System err line 4437
System err line 4438
System err line 4439
System err line 4440
System err line 4441
System err line 4442
System err line 4443
System err line 4444
System err line 4445
System err line 4446
System err line 4447
System err line 4448
System err line 4449
System err line 4450
System err line 4451
System err line 4452
System err line 4453
System err line 4454
System err line 4455
System err line 4456
System err line 4457
System err line 4458
System err line 4459
System err line 4460
System err line 4461
System err line 4462
System err line 4463
System err line 4464
System err line 4465
System err line 4466
System err line 4467
System err line 4468
System err line 4469
System err line 4470
System err line 4471
System err line 4472
System err line 4473
System err line 4474
System err line 4475
System err line 4476
System err line 4477
System err line 4478
System err line 4479
System err line 4480
System err line 4481
System err line 4482
System err line 4483
System err line 4484
System err line 4485
System err line 4486
System err line 4487
System err line 4488
System err line 4489
System err line 4490
System err line 4491
System err line 4492
System err line 4493
System err line 4494
System err line 4495
System err line 4496
System err line 4497
System err line 4498
System err line 4499
System err line 4500
System err line 4501
System err line 4502
System err line 4503
System err line 4504
System err line 4505
System err line 4506
System err line 4507
System err line 4508
System err line 4509
System err line 4510
System err line 4511
System err line 4512
System err line 4513
System err line 4514
System err line 4515
System err line 4516
System err line 4517
System err line 4518
System err line 4519
System err line 4520
System err line 4521
System err line 4522
System err line 4523
System err line 4524
System err line 4525
System err line 4526
System err line 4527
System err line 4528
System err line 4529
System err line 4530
System err line 4531
System err line 4532
System err line 4533
System err line 4534
System err line 4535
System err line 4536
System err line 4537
System err line 4538
System err line 4539
System err line 4540
System err line 4541
System err line 4542
System err line 4543
System err line 4544
System err line 4545
System err line 4546
System err line 4547
System err line 4548
System err line 4549
System err line 4550
System err line 4551
System err line 4552
System err line 4553
System err line 4554
System err line 4555
System err line 4556
System err line 4557
System err line 4558
System err line 4559
System err line 4560
System err line 4561
System err line 4562
System err line 4563
System err line 4564
System err line 4565
System err line 4566
System err line 4567
System err line 4568
System err line 4569
System err line 4570
System err line 4571
System err line 4572
System err line 4573
System err line 4574
System err line 4575
System err line 4576
System err line 4577
System err line 4578
System err line 4579
System err line 4580
System err line 4581
System err line 4582
System err line 4583
System err line 4584
System err line 4585
System err line 4586
System err line 4587
System err line 4588
System err line 4589
System err line 4590
System err line 4591
System err line 4592
System err line 4593
System err line 4594
System err line 4595
System err line 4596
System err line 4597
System err line 4598
System err line 4599
System err line 4600
System err line 4601
System err line 4602
System err line 4603
System err line 4604
System err line 4605
System err line 4606
System err line 4607
System err line 4608
System err line 4609
System err line 4610
System err line 4611
System err line 4612
System err line 4613
System err line 4614
System err line 4615
System err line 4616
System err line 4617
System err line 4618
System err line 4619
System err line 4620
System err line 4621
System err line 4622
System err line 4623
System err line 4624
System err line 4625
System err line 4626
System err line 4627
System err line 4628
System err line 4629
System err line 4630
System err line 4631
System err line 4632
System err line 4633
System err line 4634
System err line 4635
System err line 4636
System err line 4637
System err line 4638
System err line 4639
System err line 4640
System err line 4641
System err line 4642
System err line 4643
System err line 4644
System err line 4645
System err line 4646
System err line 4647
System err line 4648
System err line 4649
System err line 4650
System err line 4651
System err line 4652
System err line 4653
System err line 4654
System err line 4655
System err line 4656
System err line 4657
System err line 4658
System err line 4659
System err line 4660
System err line 4661
System err line 4662
System err line 4663
System err line 4664
System err line 4665
System err line 4666
System err line 4667
System err line 4668
System err line 4669
System err line 4670
System err line 4671
System err line 4672
System err line 4673
System err line 4674
System err line 4675
System err line 4676
System err line 4677
System err line 4678
System err line 4679
System err line 4680
System err line 4681
System err line 4682
System err line 4683
System err line 4684
System err line 4685
System err line 4686
System err line 4687
System err line 4688
System err line 4689
System err line 4690
System err line 4691
System err line 4692
System err line 4693
System err line 4694
System err line 4695
System err line 4696
System err line 4697
System err line 4698
System err line 4699
System err line 4700
System err line 4701
System err line 4702
System err line 4703
System err line 4704
System err line 4705
System err line 4706
System err line 4707
System err line 4708
System err line 4709
System err line 4710
System err line 4711
System err line 4712
System err line 4713
System err line 4714
System err line 4715
System err line 4716
System err line 4717
System err line 4718
System err line 4719
System err line 4720
System err line 4721
System err line 4722
System err line 4723
System err line 4724
System err line 4725
System err line 4726
System err line 4727
System err line 4728
System err line 4729
System err line 4730
System err line 4731
System err line 4732
System err line 4733
System err line 4734
System err line 4735
System err line 4736
System err line 4737
System err line 4738
System err line 4739
System err line 4740
System err line 4741
System err line 4742
System err line 4743
System err line 4744
System err line 4745
System err line 4746
System err line 4747
System err line 4748
System err line 4749
System err line 4750
System err line 4751
System err line 4752
System err line 4753
System err line 4754
System err line 4755
System err line 4756
System err line 4757
System err line 4758
System err line 4759
System err line 4760
System err line 4761
System err line 4762
System err line 4763
System err line 4764
System err line 4765
System err line 4766
System err line 4767
System err line 4768
System err line 4769
System err line 4770
System err line 4771
System err line 4772
System err line 4773
System err line 4774
System err line 4775
System err line 4776
System err line 4777
System err line 4778
System err line 4779
System err line 4780
System err line 4781
System err line 4782
System err line 4783
System err line 4784
System err line 4785
System err line 4786
System err line 4787
System err line 4788
System err line 4789
System err line 4790
System err line 4791
System err line 4792
System err line 4793
System err line 4794
System err line 4795
System err line 4796
System err line 4797
System err line 4798
System err line 4799
System err line 4800
System err line 4801
System err line 4802
System err line 4803
System err line 4804
System err line 4805
System err line 4806
System err line 4807
System err line 4808
System err line 4809
System err line 4810
System err line 4811
System err line 4812
System err line 4813
System err line 4814
System err line 4815
System err line 4816
System err line 4817
System err line 4818
System err line 4819
System err line 4820
System err line 4821
System err line 4822
System err line 4823
System err line 4824
System err line 4825
System err line 4826
System err line 4827
System err line 4828
System err line 4829
System err line 4830
System err line 4831
System err line 4832
System err line 4833
System err line 4834
System err line 4835
System err line 4836
System err line 4837
System err line 4838
System err line 4839
System err line 4840
System err line 4841
System err line 4842
System err line 4843
System err line 4844
System err line 4845
System err line 4846
System err line 4847
System err line 4848
System err line 4849
System err line 4850
System err line 4851
System err line 4852
System err line 4853
System err line 4854
System err line 4855
System err line 4856
System err line 4857
System err line 4858
System err line 4859
System err line 4860
System err line 4861
System err line 4862
System err line 4863
System err line 4864
System err line 4865
System err line 4866
System err line 4867
System err line 4868
System err line 4869
System err line 4870
System err line 4871
System err line 4872
System err line 4873
System err line 4874
System err line 4875
System err line 4876
System err line 4877
System err line 4878
System err line 4879
System err line 4880
System err line 4881
System err line 4882
System err line 4883
System err line 4884
System err line 4885
System err line 4886
System err line 4887
System err line 4888
System err line 4889
System err line 4890
System err line 4891
System err line 4892
System err line 4893
System err line 4894
System err line 4895
System err line 4896
System err line 4897
System err line 4898
System err line 4899
System err line 4900
System err line 4901
System err line 4902
System err line 4903
System err line 4904
System err line 4905
System err line 4906
System err line 4907
System err line 4908
System err line 4909
System err line 4910
System err line 4911
System err line 4912
System err line 4913
System err line 4914
System err line 4915
System err line 4916
System err line 4917
System err line 4918
System err line 4919
System err line 4920
System err line 4921
System err line 4922
System err line 4923
System err line 4924
System err line 4925
System err line 4926
System err line 4927
System err line 4928
System err line 4929
System err line 4930
System err line 4931
System err line 4932
System err line 4933
System err line 4934
System err line 4935
System err line 4936
System err line 4937
System err line 4938
System err line 4939
System err line 4940
System err line 4941
System err line 4942
System err line 4943
System err line 4944
System err line 4945
System err line 4946
System err line 4947
System err line 4948
System err line 4949
System err line 4950
System err line 4951
System err line 4952
System err line 4953
System err line 4954
System err line 4955
System err line 4956
System err line 4957
System err line 4958
System err line 4959
System err line 4960
System err line 4961
System err line 4962
System err line 4963
System err line 4964
System err line 4965
System err line 4966
System err line 4967
System err line 4968
System err line 4969
System err line 4970
System err line 4971
System err line 4972
System err line 4973
System err line 4974
System err line 4975
System err line 4976
System err line 4977
System err line 4978
System err line 4979
System err line 4980
System err line 4981
System err line 4982
System err line 4983
System err line 4984
System err line 4985
System err line 4986
System err line 4987
System err line 4988
System err line 4989
System err line 4990
System err line 4991
System err line 4992
System err line 4993
System err line 4994
System err line 4995
System err line 4996
System err line 4997
System err line 4998
System err line 4999
]]></system-err>
</testsuite>
